
WARNING: apt does not have a stable CLI interface. Use with caution in scripts.

Hit:1 http://dl.google.com/linux/chrome/deb stable InRelease
Get:2 http://security.ubuntu.com/ubuntu focal-security InRelease [114 kB]
Hit:3 http://nova.clouds.archive.ubuntu.com/ubuntu focal InRelease
Get:4 http://nova.clouds.archive.ubuntu.com/ubuntu focal-updates InRelease [114 kB]
Hit:5 https://s3-us-west-2.amazonaws.com/prod-otxb-portal-osquery/repo/deb stable InRelease
Get:6 http://nova.clouds.archive.ubuntu.com/ubuntu focal-backports InRelease [101 kB]
Fetched 328 kB in 9s (37.4 kB/s)
Reading package lists...
Building dependency tree...
Reading state information...
161 packages can be upgraded. Run 'apt list --upgradable' to see them.

WARNING: apt does not have a stable CLI interface. Use with caution in scripts.

Reading package lists...
Building dependency tree...
Reading state information...
chromium-chromedriver is already the newest version (1:85.0.4183.83-0ubuntu0.20.04.2).
0 upgraded, 0 newly installed, 0 to remove and 161 not upgraded.
Requirement already satisfied: selenium in /usr/local/lib/python3.8/dist-packages (3.141.0)
Requirement already satisfied: urllib3 in /usr/lib/python3/dist-packages (from selenium) (1.25.8)
49  recieved from forex screener
2021-05-27 01:07:26.515815  script ran

WARNING: apt does not have a stable CLI interface. Use with caution in scripts.

Hit:1 http://dl.google.com/linux/chrome/deb stable InRelease
Get:2 http://security.ubuntu.com/ubuntu focal-security InRelease [114 kB]
Hit:3 http://nova.clouds.archive.ubuntu.com/ubuntu focal InRelease
Get:4 http://nova.clouds.archive.ubuntu.com/ubuntu focal-updates InRelease [114 kB]
Hit:5 https://s3-us-west-2.amazonaws.com/prod-otxb-portal-osquery/repo/deb stable InRelease
Get:6 http://nova.clouds.archive.ubuntu.com/ubuntu focal-backports InRelease [101 kB]
Fetched 328 kB in 9s (36.1 kB/s)
Reading package lists...
Building dependency tree...
Reading state information...
161 packages can be upgraded. Run 'apt list --upgradable' to see them.

WARNING: apt does not have a stable CLI interface. Use with caution in scripts.

Reading package lists...
Building dependency tree...
Reading state information...
chromium-chromedriver is already the newest version (1:85.0.4183.83-0ubuntu0.20.04.2).
0 upgraded, 0 newly installed, 0 to remove and 161 not upgraded.
Requirement already satisfied: selenium in /usr/local/lib/python3.8/dist-packages (3.141.0)
Requirement already satisfied: urllib3 in /usr/lib/python3/dist-packages (from selenium) (1.25.8)
49  recieved from forex screener
2021-05-27 01:12:23.207334  script ran

WARNING: apt does not have a stable CLI interface. Use with caution in scripts.

Hit:1 http://dl.google.com/linux/chrome/deb stable InRelease
Get:2 http://security.ubuntu.com/ubuntu focal-security InRelease [114 kB]
Hit:3 http://nova.clouds.archive.ubuntu.com/ubuntu focal InRelease
Get:4 http://nova.clouds.archive.ubuntu.com/ubuntu focal-updates InRelease [114 kB]
Hit:5 https://s3-us-west-2.amazonaws.com/prod-otxb-portal-osquery/repo/deb stable InRelease
Get:6 http://nova.clouds.archive.ubuntu.com/ubuntu focal-backports InRelease [101 kB]
Fetched 328 kB in 12s (28.3 kB/s)
Reading package lists...
Building dependency tree...
Reading state information...
161 packages can be upgraded. Run 'apt list --upgradable' to see them.

WARNING: apt does not have a stable CLI interface. Use with caution in scripts.

Reading package lists...
Building dependency tree...
Reading state information...
chromium-chromedriver is already the newest version (1:85.0.4183.83-0ubuntu0.20.04.2).
0 upgraded, 0 newly installed, 0 to remove and 161 not upgraded.
Requirement already satisfied: selenium in /usr/local/lib/python3.8/dist-packages (3.141.0)
Requirement already satisfied: urllib3 in /usr/lib/python3/dist-packages (from selenium) (1.25.8)
Traceback (most recent call last):
  File "/home/ubuntu/trends-script/scraper.py", line 267, in <module>
    main()
  File "/home/ubuntu/trends-script/scraper.py", line 260, in main
    htmlstring = get_html_from_site()
  File "/home/ubuntu/trends-script/scraper.py", line 44, in get_html_from_site
    liquidity_providers.click()
  File "/usr/local/lib/python3.8/dist-packages/selenium/webdriver/remote/webelement.py", line 80, in click
    self._execute(Command.CLICK_ELEMENT)
  File "/usr/local/lib/python3.8/dist-packages/selenium/webdriver/remote/webelement.py", line 633, in _execute
    return self._parent.execute(command, params)
  File "/usr/local/lib/python3.8/dist-packages/selenium/webdriver/remote/webdriver.py", line 321, in execute
    self.error_handler.check_response(response)
  File "/usr/local/lib/python3.8/dist-packages/selenium/webdriver/remote/errorhandler.py", line 242, in check_response
    raise exception_class(message, screen, stacktrace)
selenium.common.exceptions.ElementClickInterceptedException: Message: element click intercepted: Element <div class="a-b-c L-M-j L-M-j-r-t" title="" role="button" aria-pressed="false" id=":1" style="user-select: none;">...</div> is not clickable at point (280, 442). Other element would receive the click: <div class="L-M-Qb-tb L-M-Qb-Tb-Sb">...</div>
  (Session info: headless chrome=83.0.4103.97)


WARNING: apt does not have a stable CLI interface. Use with caution in scripts.

Hit:1 http://dl.google.com/linux/chrome/deb stable InRelease
Get:2 http://security.ubuntu.com/ubuntu focal-security InRelease [114 kB]
Hit:3 http://nova.clouds.archive.ubuntu.com/ubuntu focal InRelease
Get:4 http://nova.clouds.archive.ubuntu.com/ubuntu focal-updates InRelease [114 kB]
Hit:5 https://s3-us-west-2.amazonaws.com/prod-otxb-portal-osquery/repo/deb stable InRelease
Get:6 http://nova.clouds.archive.ubuntu.com/ubuntu focal-backports InRelease [101 kB]
Fetched 328 kB in 11s (31.2 kB/s)
Reading package lists...
Building dependency tree...
Reading state information...
161 packages can be upgraded. Run 'apt list --upgradable' to see them.

WARNING: apt does not have a stable CLI interface. Use with caution in scripts.

Reading package lists...
Building dependency tree...
Reading state information...
chromium-chromedriver is already the newest version (1:85.0.4183.83-0ubuntu0.20.04.2).
0 upgraded, 0 newly installed, 0 to remove and 161 not upgraded.
Requirement already satisfied: selenium in /usr/local/lib/python3.8/dist-packages (3.141.0)
Requirement already satisfied: urllib3 in /usr/lib/python3/dist-packages (from selenium) (1.25.8)
49  recieved from forex screener
2021-05-27 01:22:29.918892  script ran

WARNING: apt does not have a stable CLI interface. Use with caution in scripts.

Hit:1 http://dl.google.com/linux/chrome/deb stable InRelease
Get:2 http://security.ubuntu.com/ubuntu focal-security InRelease [114 kB]
Hit:3 http://nova.clouds.archive.ubuntu.com/ubuntu focal InRelease
Get:4 http://nova.clouds.archive.ubuntu.com/ubuntu focal-updates InRelease [114 kB]
Hit:5 https://s3-us-west-2.amazonaws.com/prod-otxb-portal-osquery/repo/deb stable InRelease
Get:6 http://nova.clouds.archive.ubuntu.com/ubuntu focal-backports InRelease [101 kB]
Fetched 328 kB in 9s (35.8 kB/s)
Reading package lists...
Building dependency tree...
Reading state information...
161 packages can be upgraded. Run 'apt list --upgradable' to see them.

WARNING: apt does not have a stable CLI interface. Use with caution in scripts.

Reading package lists...
Building dependency tree...
Reading state information...
chromium-chromedriver is already the newest version (1:85.0.4183.83-0ubuntu0.20.04.2).
0 upgraded, 0 newly installed, 0 to remove and 161 not upgraded.
Requirement already satisfied: selenium in /usr/local/lib/python3.8/dist-packages (3.141.0)
Requirement already satisfied: urllib3 in /usr/lib/python3/dist-packages (from selenium) (1.25.8)
49  recieved from forex screener
2021-05-27 01:27:49.732336  script ran

WARNING: apt does not have a stable CLI interface. Use with caution in scripts.

Hit:1 http://dl.google.com/linux/chrome/deb stable InRelease
Get:2 http://security.ubuntu.com/ubuntu focal-security InRelease [114 kB]
Hit:3 http://nova.clouds.archive.ubuntu.com/ubuntu focal InRelease
Get:4 http://nova.clouds.archive.ubuntu.com/ubuntu focal-updates InRelease [114 kB]
Hit:5 https://s3-us-west-2.amazonaws.com/prod-otxb-portal-osquery/repo/deb stable InRelease
Get:6 http://nova.clouds.archive.ubuntu.com/ubuntu focal-backports InRelease [101 kB]
Fetched 328 kB in 13s (25.0 kB/s)
Reading package lists...
Building dependency tree...
Reading state information...
161 packages can be upgraded. Run 'apt list --upgradable' to see them.

WARNING: apt does not have a stable CLI interface. Use with caution in scripts.

Reading package lists...
Building dependency tree...
Reading state information...
chromium-chromedriver is already the newest version (1:85.0.4183.83-0ubuntu0.20.04.2).
0 upgraded, 0 newly installed, 0 to remove and 161 not upgraded.
Requirement already satisfied: selenium in /usr/local/lib/python3.8/dist-packages (3.141.0)
Requirement already satisfied: urllib3 in /usr/lib/python3/dist-packages (from selenium) (1.25.8)
49  recieved from forex screener
2021-05-27 01:34:06.758177  script ran

WARNING: apt does not have a stable CLI interface. Use with caution in scripts.

Hit:1 http://dl.google.com/linux/chrome/deb stable InRelease
Get:2 http://security.ubuntu.com/ubuntu focal-security InRelease [114 kB]
Hit:3 http://nova.clouds.archive.ubuntu.com/ubuntu focal InRelease
Get:4 http://nova.clouds.archive.ubuntu.com/ubuntu focal-updates InRelease [114 kB]
Hit:5 https://s3-us-west-2.amazonaws.com/prod-otxb-portal-osquery/repo/deb stable InRelease
Get:6 http://nova.clouds.archive.ubuntu.com/ubuntu focal-backports InRelease [101 kB]
Fetched 328 kB in 16s (20.9 kB/s)
Reading package lists...
Building dependency tree...
Reading state information...
161 packages can be upgraded. Run 'apt list --upgradable' to see them.

WARNING: apt does not have a stable CLI interface. Use with caution in scripts.

Reading package lists...
Building dependency tree...
Reading state information...
chromium-chromedriver is already the newest version (1:85.0.4183.83-0ubuntu0.20.04.2).
0 upgraded, 0 newly installed, 0 to remove and 161 not upgraded.
Requirement already satisfied: selenium in /usr/local/lib/python3.8/dist-packages (3.141.0)
Requirement already satisfied: urllib3 in /usr/lib/python3/dist-packages (from selenium) (1.25.8)
49  recieved from forex screener
2021-05-27 01:39:06.531739  script ran

WARNING: apt does not have a stable CLI interface. Use with caution in scripts.

Hit:1 http://dl.google.com/linux/chrome/deb stable InRelease
Get:2 http://security.ubuntu.com/ubuntu focal-security InRelease [114 kB]
Hit:3 http://nova.clouds.archive.ubuntu.com/ubuntu focal InRelease
Get:4 http://nova.clouds.archive.ubuntu.com/ubuntu focal-updates InRelease [114 kB]
Hit:5 https://s3-us-west-2.amazonaws.com/prod-otxb-portal-osquery/repo/deb stable InRelease
Get:6 http://nova.clouds.archive.ubuntu.com/ubuntu focal-backports InRelease [101 kB]
Fetched 328 kB in 11s (29.9 kB/s)
Reading package lists...
Building dependency tree...
Reading state information...
161 packages can be upgraded. Run 'apt list --upgradable' to see them.

WARNING: apt does not have a stable CLI interface. Use with caution in scripts.

Reading package lists...
Building dependency tree...
Reading state information...
chromium-chromedriver is already the newest version (1:85.0.4183.83-0ubuntu0.20.04.2).
0 upgraded, 0 newly installed, 0 to remove and 161 not upgraded.
Requirement already satisfied: selenium in /usr/local/lib/python3.8/dist-packages (3.141.0)
Requirement already satisfied: urllib3 in /usr/lib/python3/dist-packages (from selenium) (1.25.8)
Traceback (most recent call last):
  File "/home/ubuntu/trends-script/scraper.py", line 267, in <module>
    main()
  File "/home/ubuntu/trends-script/scraper.py", line 260, in main
    htmlstring = get_html_from_site()
  File "/home/ubuntu/trends-script/scraper.py", line 44, in get_html_from_site
    liquidity_providers.click()
  File "/usr/local/lib/python3.8/dist-packages/selenium/webdriver/remote/webelement.py", line 80, in click
    self._execute(Command.CLICK_ELEMENT)
  File "/usr/local/lib/python3.8/dist-packages/selenium/webdriver/remote/webelement.py", line 633, in _execute
    return self._parent.execute(command, params)
  File "/usr/local/lib/python3.8/dist-packages/selenium/webdriver/remote/webdriver.py", line 321, in execute
    self.error_handler.check_response(response)
  File "/usr/local/lib/python3.8/dist-packages/selenium/webdriver/remote/errorhandler.py", line 242, in check_response
    raise exception_class(message, screen, stacktrace)
selenium.common.exceptions.ElementClickInterceptedException: Message: element click intercepted: Element <div class="a-b-c L-M-j L-M-j-r-t" title="" role="button" aria-pressed="false" id=":1" style="user-select: none;">...</div> is not clickable at point (280, 442). Other element would receive the click: <div class="L-M-Qb-tb L-M-Qb-Tb-Sb">...</div>
  (Session info: headless chrome=83.0.4103.97)


WARNING: apt does not have a stable CLI interface. Use with caution in scripts.

Hit:1 http://dl.google.com/linux/chrome/deb stable InRelease
Get:2 http://security.ubuntu.com/ubuntu focal-security InRelease [114 kB]
Hit:3 http://nova.clouds.archive.ubuntu.com/ubuntu focal InRelease
Get:4 http://nova.clouds.archive.ubuntu.com/ubuntu focal-updates InRelease [114 kB]
Hit:5 https://s3-us-west-2.amazonaws.com/prod-otxb-portal-osquery/repo/deb stable InRelease
Get:6 http://nova.clouds.archive.ubuntu.com/ubuntu focal-backports InRelease [101 kB]
Fetched 328 kB in 8s (43.1 kB/s)
Reading package lists...
Building dependency tree...
Reading state information...
161 packages can be upgraded. Run 'apt list --upgradable' to see them.

WARNING: apt does not have a stable CLI interface. Use with caution in scripts.

Reading package lists...
Building dependency tree...
Reading state information...
chromium-chromedriver is already the newest version (1:85.0.4183.83-0ubuntu0.20.04.2).
0 upgraded, 0 newly installed, 0 to remove and 161 not upgraded.
Requirement already satisfied: selenium in /usr/local/lib/python3.8/dist-packages (3.141.0)
Requirement already satisfied: urllib3 in /usr/lib/python3/dist-packages (from selenium) (1.25.8)
49  recieved from forex screener
2021-05-27 01:48:19.042923  script ran

WARNING: apt does not have a stable CLI interface. Use with caution in scripts.

Hit:1 http://dl.google.com/linux/chrome/deb stable InRelease
Get:2 http://security.ubuntu.com/ubuntu focal-security InRelease [114 kB]
Hit:3 http://nova.clouds.archive.ubuntu.com/ubuntu focal InRelease
Get:4 http://nova.clouds.archive.ubuntu.com/ubuntu focal-updates InRelease [114 kB]
Hit:5 https://s3-us-west-2.amazonaws.com/prod-otxb-portal-osquery/repo/deb stable InRelease
Get:6 http://nova.clouds.archive.ubuntu.com/ubuntu focal-backports InRelease [101 kB]
Get:7 http://nova.clouds.archive.ubuntu.com/ubuntu focal-updates/main amd64 Packages [990 kB]
Get:8 http://nova.clouds.archive.ubuntu.com/ubuntu focal-updates/universe amd64 Packages [778 kB]
Fetched 2096 kB in 8s (258 kB/s)
Reading package lists...
Building dependency tree...
Reading state information...
161 packages can be upgraded. Run 'apt list --upgradable' to see them.

WARNING: apt does not have a stable CLI interface. Use with caution in scripts.

Reading package lists...
Building dependency tree...
Reading state information...
chromium-chromedriver is already the newest version (1:85.0.4183.83-0ubuntu0.20.04.2).
0 upgraded, 0 newly installed, 0 to remove and 161 not upgraded.
Requirement already satisfied: selenium in /usr/local/lib/python3.8/dist-packages (3.141.0)
Requirement already satisfied: urllib3 in /usr/lib/python3/dist-packages (from selenium) (1.25.8)
49  recieved from forex screener
2021-05-27 01:54:45.895749  script ran

WARNING: apt does not have a stable CLI interface. Use with caution in scripts.

Hit:1 http://dl.google.com/linux/chrome/deb stable InRelease
Hit:2 http://security.ubuntu.com/ubuntu focal-security InRelease
Hit:3 http://nova.clouds.archive.ubuntu.com/ubuntu focal InRelease
Hit:4 http://nova.clouds.archive.ubuntu.com/ubuntu focal-updates InRelease
Hit:5 https://s3-us-west-2.amazonaws.com/prod-otxb-portal-osquery/repo/deb stable InRelease
Hit:6 http://nova.clouds.archive.ubuntu.com/ubuntu focal-backports InRelease
Reading package lists...
Building dependency tree...
Reading state information...
161 packages can be upgraded. Run 'apt list --upgradable' to see them.

WARNING: apt does not have a stable CLI interface. Use with caution in scripts.

Reading package lists...
Building dependency tree...
Reading state information...
chromium-chromedriver is already the newest version (1:85.0.4183.83-0ubuntu0.20.04.2).
0 upgraded, 0 newly installed, 0 to remove and 161 not upgraded.
Requirement already satisfied: selenium in /usr/local/lib/python3.8/dist-packages (3.141.0)
Requirement already satisfied: urllib3 in /usr/lib/python3/dist-packages (from selenium) (1.25.8)
49  recieved from forex screener
2021-05-27 01:59:13.423794  script ran

WARNING: apt does not have a stable CLI interface. Use with caution in scripts.

Hit:1 http://dl.google.com/linux/chrome/deb stable InRelease
Hit:2 http://security.ubuntu.com/ubuntu focal-security InRelease
Hit:3 http://nova.clouds.archive.ubuntu.com/ubuntu focal InRelease
Hit:4 http://nova.clouds.archive.ubuntu.com/ubuntu focal-updates InRelease
Hit:5 http://nova.clouds.archive.ubuntu.com/ubuntu focal-backports InRelease
Hit:6 https://s3-us-west-2.amazonaws.com/prod-otxb-portal-osquery/repo/deb stable InRelease
Reading package lists...
Building dependency tree...
Reading state information...
161 packages can be upgraded. Run 'apt list --upgradable' to see them.

WARNING: apt does not have a stable CLI interface. Use with caution in scripts.

Reading package lists...
Building dependency tree...
Reading state information...
chromium-chromedriver is already the newest version (1:85.0.4183.83-0ubuntu0.20.04.2).
0 upgraded, 0 newly installed, 0 to remove and 161 not upgraded.
Requirement already satisfied: selenium in /usr/local/lib/python3.8/dist-packages (3.141.0)
Requirement already satisfied: urllib3 in /usr/lib/python3/dist-packages (from selenium) (1.25.8)
49  recieved from forex screener
2021-05-27 02:03:00.822692  script ran

WARNING: apt does not have a stable CLI interface. Use with caution in scripts.

Hit:1 http://dl.google.com/linux/chrome/deb stable InRelease
Hit:2 http://security.ubuntu.com/ubuntu focal-security InRelease
Hit:3 http://nova.clouds.archive.ubuntu.com/ubuntu focal InRelease
Hit:4 http://nova.clouds.archive.ubuntu.com/ubuntu focal-updates InRelease
Hit:5 https://s3-us-west-2.amazonaws.com/prod-otxb-portal-osquery/repo/deb stable InRelease
Hit:6 http://nova.clouds.archive.ubuntu.com/ubuntu focal-backports InRelease
Reading package lists...
Building dependency tree...
Reading state information...
161 packages can be upgraded. Run 'apt list --upgradable' to see them.

WARNING: apt does not have a stable CLI interface. Use with caution in scripts.

Reading package lists...
Building dependency tree...
Reading state information...
chromium-chromedriver is already the newest version (1:85.0.4183.83-0ubuntu0.20.04.2).
0 upgraded, 0 newly installed, 0 to remove and 161 not upgraded.
Requirement already satisfied: selenium in /usr/local/lib/python3.8/dist-packages (3.141.0)
Requirement already satisfied: urllib3 in /usr/lib/python3/dist-packages (from selenium) (1.25.8)
49  recieved from forex screener
2021-05-27 02:09:11.853949  script ran

WARNING: apt does not have a stable CLI interface. Use with caution in scripts.

Hit:1 http://dl.google.com/linux/chrome/deb stable InRelease
Hit:2 http://security.ubuntu.com/ubuntu focal-security InRelease
Hit:3 http://nova.clouds.archive.ubuntu.com/ubuntu focal InRelease
Hit:4 http://nova.clouds.archive.ubuntu.com/ubuntu focal-updates InRelease
Hit:5 http://nova.clouds.archive.ubuntu.com/ubuntu focal-backports InRelease
Hit:6 https://s3-us-west-2.amazonaws.com/prod-otxb-portal-osquery/repo/deb stable InRelease
Reading package lists...
Building dependency tree...
Reading state information...
161 packages can be upgraded. Run 'apt list --upgradable' to see them.

WARNING: apt does not have a stable CLI interface. Use with caution in scripts.

Reading package lists...
Building dependency tree...
Reading state information...
chromium-chromedriver is already the newest version (1:85.0.4183.83-0ubuntu0.20.04.2).
0 upgraded, 0 newly installed, 0 to remove and 161 not upgraded.
Requirement already satisfied: selenium in /usr/local/lib/python3.8/dist-packages (3.141.0)
Requirement already satisfied: urllib3 in /usr/lib/python3/dist-packages (from selenium) (1.25.8)
Traceback (most recent call last):
  File "/home/ubuntu/trends-script/scraper.py", line 267, in <module>
    main()
  File "/home/ubuntu/trends-script/scraper.py", line 260, in main
    htmlstring = get_html_from_site()
  File "/home/ubuntu/trends-script/scraper.py", line 44, in get_html_from_site
    liquidity_providers.click()
  File "/usr/local/lib/python3.8/dist-packages/selenium/webdriver/remote/webelement.py", line 80, in click
    self._execute(Command.CLICK_ELEMENT)
  File "/usr/local/lib/python3.8/dist-packages/selenium/webdriver/remote/webelement.py", line 633, in _execute
    return self._parent.execute(command, params)
  File "/usr/local/lib/python3.8/dist-packages/selenium/webdriver/remote/webdriver.py", line 321, in execute
    self.error_handler.check_response(response)
  File "/usr/local/lib/python3.8/dist-packages/selenium/webdriver/remote/errorhandler.py", line 242, in check_response
    raise exception_class(message, screen, stacktrace)
selenium.common.exceptions.ElementClickInterceptedException: Message: element click intercepted: Element <div class="a-b-c L-M-j L-M-j-r-t" title="" role="button" aria-pressed="false" id=":1" style="user-select: none;">...</div> is not clickable at point (280, 442). Other element would receive the click: <div class="L-M-Qb-tb L-M-Qb-Tb-Sb">...</div>
  (Session info: headless chrome=83.0.4103.97)


WARNING: apt does not have a stable CLI interface. Use with caution in scripts.

Hit:1 http://dl.google.com/linux/chrome/deb stable InRelease
Hit:2 http://security.ubuntu.com/ubuntu focal-security InRelease
Hit:3 http://nova.clouds.archive.ubuntu.com/ubuntu focal InRelease
Hit:4 http://nova.clouds.archive.ubuntu.com/ubuntu focal-updates InRelease
Hit:5 http://nova.clouds.archive.ubuntu.com/ubuntu focal-backports InRelease
Hit:6 https://s3-us-west-2.amazonaws.com/prod-otxb-portal-osquery/repo/deb stable InRelease
Reading package lists...
Building dependency tree...
Reading state information...
161 packages can be upgraded. Run 'apt list --upgradable' to see them.

WARNING: apt does not have a stable CLI interface. Use with caution in scripts.

Reading package lists...
Building dependency tree...
Reading state information...
chromium-chromedriver is already the newest version (1:85.0.4183.83-0ubuntu0.20.04.2).
0 upgraded, 0 newly installed, 0 to remove and 161 not upgraded.
Requirement already satisfied: selenium in /usr/local/lib/python3.8/dist-packages (3.141.0)
Requirement already satisfied: urllib3 in /usr/lib/python3/dist-packages (from selenium) (1.25.8)
49  recieved from forex screener
2021-05-27 02:19:45.277136  script ran

WARNING: apt does not have a stable CLI interface. Use with caution in scripts.

Hit:1 http://dl.google.com/linux/chrome/deb stable InRelease
Hit:2 http://security.ubuntu.com/ubuntu focal-security InRelease
Hit:3 http://nova.clouds.archive.ubuntu.com/ubuntu focal InRelease
Hit:4 http://nova.clouds.archive.ubuntu.com/ubuntu focal-updates InRelease
Hit:5 http://nova.clouds.archive.ubuntu.com/ubuntu focal-backports InRelease
Hit:6 https://s3-us-west-2.amazonaws.com/prod-otxb-portal-osquery/repo/deb stable InRelease
Reading package lists...
Building dependency tree...
Reading state information...
161 packages can be upgraded. Run 'apt list --upgradable' to see them.

WARNING: apt does not have a stable CLI interface. Use with caution in scripts.

Reading package lists...
Building dependency tree...
Reading state information...
chromium-chromedriver is already the newest version (1:85.0.4183.83-0ubuntu0.20.04.2).
0 upgraded, 0 newly installed, 0 to remove and 161 not upgraded.
Requirement already satisfied: selenium in /usr/local/lib/python3.8/dist-packages (3.141.0)
Requirement already satisfied: urllib3 in /usr/lib/python3/dist-packages (from selenium) (1.25.8)
49  recieved from forex screener
2021-05-27 02:24:50.849846  script ran

WARNING: apt does not have a stable CLI interface. Use with caution in scripts.

Hit:1 http://dl.google.com/linux/chrome/deb stable InRelease
Hit:2 http://security.ubuntu.com/ubuntu focal-security InRelease
Hit:3 http://nova.clouds.archive.ubuntu.com/ubuntu focal InRelease
Hit:4 http://nova.clouds.archive.ubuntu.com/ubuntu focal-updates InRelease
Hit:5 https://s3-us-west-2.amazonaws.com/prod-otxb-portal-osquery/repo/deb stable InRelease
Hit:6 http://nova.clouds.archive.ubuntu.com/ubuntu focal-backports InRelease
Reading package lists...
Building dependency tree...
Reading state information...
161 packages can be upgraded. Run 'apt list --upgradable' to see them.

WARNING: apt does not have a stable CLI interface. Use with caution in scripts.

Reading package lists...
Building dependency tree...
Reading state information...
chromium-chromedriver is already the newest version (1:85.0.4183.83-0ubuntu0.20.04.2).
0 upgraded, 0 newly installed, 0 to remove and 161 not upgraded.
Requirement already satisfied: selenium in /usr/local/lib/python3.8/dist-packages (3.141.0)
Requirement already satisfied: urllib3 in /usr/lib/python3/dist-packages (from selenium) (1.25.8)
Traceback (most recent call last):
  File "/home/ubuntu/trends-script/scraper.py", line 267, in <module>
    main()
  File "/home/ubuntu/trends-script/scraper.py", line 260, in main
    htmlstring = get_html_from_site()
  File "/home/ubuntu/trends-script/scraper.py", line 44, in get_html_from_site
    liquidity_providers.click()
  File "/usr/local/lib/python3.8/dist-packages/selenium/webdriver/remote/webelement.py", line 80, in click
    self._execute(Command.CLICK_ELEMENT)
  File "/usr/local/lib/python3.8/dist-packages/selenium/webdriver/remote/webelement.py", line 633, in _execute
    return self._parent.execute(command, params)
  File "/usr/local/lib/python3.8/dist-packages/selenium/webdriver/remote/webdriver.py", line 321, in execute
    self.error_handler.check_response(response)
  File "/usr/local/lib/python3.8/dist-packages/selenium/webdriver/remote/errorhandler.py", line 242, in check_response
    raise exception_class(message, screen, stacktrace)
selenium.common.exceptions.ElementClickInterceptedException: Message: element click intercepted: Element <div class="a-b-c L-M-j L-M-j-r-t" title="" role="button" aria-pressed="false" id=":1" style="user-select: none;">...</div> is not clickable at point (280, 442). Other element would receive the click: <div class="L-M-Qb-tb L-M-Qb-Tb-Sb">...</div>
  (Session info: headless chrome=83.0.4103.97)


WARNING: apt does not have a stable CLI interface. Use with caution in scripts.

Hit:1 http://dl.google.com/linux/chrome/deb stable InRelease
Hit:2 http://security.ubuntu.com/ubuntu focal-security InRelease
Hit:3 http://nova.clouds.archive.ubuntu.com/ubuntu focal InRelease
Hit:4 http://nova.clouds.archive.ubuntu.com/ubuntu focal-updates InRelease
Hit:5 http://nova.clouds.archive.ubuntu.com/ubuntu focal-backports InRelease
Hit:6 https://s3-us-west-2.amazonaws.com/prod-otxb-portal-osquery/repo/deb stable InRelease
Reading package lists...
Building dependency tree...
Reading state information...
161 packages can be upgraded. Run 'apt list --upgradable' to see them.

WARNING: apt does not have a stable CLI interface. Use with caution in scripts.

Reading package lists...
Building dependency tree...
Reading state information...
chromium-chromedriver is already the newest version (1:85.0.4183.83-0ubuntu0.20.04.2).
0 upgraded, 0 newly installed, 0 to remove and 161 not upgraded.
Requirement already satisfied: selenium in /usr/local/lib/python3.8/dist-packages (3.141.0)
Requirement already satisfied: urllib3 in /usr/lib/python3/dist-packages (from selenium) (1.25.8)
49  recieved from forex screener
2021-05-27 02:34:36.675727  script ran

WARNING: apt does not have a stable CLI interface. Use with caution in scripts.

Hit:1 http://dl.google.com/linux/chrome/deb stable InRelease
Hit:2 http://nova.clouds.archive.ubuntu.com/ubuntu focal InRelease
Hit:3 http://security.ubuntu.com/ubuntu focal-security InRelease
Get:4 http://nova.clouds.archive.ubuntu.com/ubuntu focal-updates InRelease [114 kB]
Hit:5 https://s3-us-west-2.amazonaws.com/prod-otxb-portal-osquery/repo/deb stable InRelease
Get:6 http://nova.clouds.archive.ubuntu.com/ubuntu focal-backports InRelease [101 kB]
Fetched 214 kB in 17s (12.7 kB/s)
Reading package lists...
Building dependency tree...
Reading state information...
161 packages can be upgraded. Run 'apt list --upgradable' to see them.

WARNING: apt does not have a stable CLI interface. Use with caution in scripts.

Reading package lists...
Building dependency tree...
Reading state information...
chromium-chromedriver is already the newest version (1:85.0.4183.83-0ubuntu0.20.04.2).
0 upgraded, 0 newly installed, 0 to remove and 161 not upgraded.
Requirement already satisfied: selenium in /usr/local/lib/python3.8/dist-packages (3.141.0)
Requirement already satisfied: urllib3 in /usr/lib/python3/dist-packages (from selenium) (1.25.8)
Traceback (most recent call last):
  File "/home/ubuntu/trends-script/scraper.py", line 267, in <module>
    main()
  File "/home/ubuntu/trends-script/scraper.py", line 260, in main
    htmlstring = get_html_from_site()
  File "/home/ubuntu/trends-script/scraper.py", line 44, in get_html_from_site
    liquidity_providers.click()
  File "/usr/local/lib/python3.8/dist-packages/selenium/webdriver/remote/webelement.py", line 80, in click
    self._execute(Command.CLICK_ELEMENT)
  File "/usr/local/lib/python3.8/dist-packages/selenium/webdriver/remote/webelement.py", line 633, in _execute
    return self._parent.execute(command, params)
  File "/usr/local/lib/python3.8/dist-packages/selenium/webdriver/remote/webdriver.py", line 321, in execute
    self.error_handler.check_response(response)
  File "/usr/local/lib/python3.8/dist-packages/selenium/webdriver/remote/errorhandler.py", line 242, in check_response
    raise exception_class(message, screen, stacktrace)
selenium.common.exceptions.ElementClickInterceptedException: Message: element click intercepted: Element <div class="a-b-c L-M-j L-M-j-r-t" title="" role="button" aria-pressed="false" id=":1" style="user-select: none;">...</div> is not clickable at point (280, 442). Other element would receive the click: <div class="L-M-Qb-tb L-M-Qb-Tb-Sb">...</div>
  (Session info: headless chrome=83.0.4103.97)


WARNING: apt does not have a stable CLI interface. Use with caution in scripts.

Hit:1 http://dl.google.com/linux/chrome/deb stable InRelease
Hit:2 http://nova.clouds.archive.ubuntu.com/ubuntu focal InRelease
Hit:3 http://security.ubuntu.com/ubuntu focal-security InRelease
Get:4 http://nova.clouds.archive.ubuntu.com/ubuntu focal-updates InRelease [114 kB]
Get:5 http://nova.clouds.archive.ubuntu.com/ubuntu focal-backports InRelease [101 kB]
Hit:6 https://s3-us-west-2.amazonaws.com/prod-otxb-portal-osquery/repo/deb stable InRelease
Fetched 214 kB in 11s (19.7 kB/s)
Reading package lists...
Building dependency tree...
Reading state information...
161 packages can be upgraded. Run 'apt list --upgradable' to see them.

WARNING: apt does not have a stable CLI interface. Use with caution in scripts.

Reading package lists...
Building dependency tree...
Reading state information...
chromium-chromedriver is already the newest version (1:85.0.4183.83-0ubuntu0.20.04.2).
0 upgraded, 0 newly installed, 0 to remove and 161 not upgraded.
Requirement already satisfied: selenium in /usr/local/lib/python3.8/dist-packages (3.141.0)
Requirement already satisfied: urllib3 in /usr/lib/python3/dist-packages (from selenium) (1.25.8)
49  recieved from forex screener
2021-05-27 02:43:42.343729  script ran

WARNING: apt does not have a stable CLI interface. Use with caution in scripts.

Hit:1 http://dl.google.com/linux/chrome/deb stable InRelease
Hit:2 http://security.ubuntu.com/ubuntu focal-security InRelease
Hit:3 http://nova.clouds.archive.ubuntu.com/ubuntu focal InRelease
Hit:4 http://nova.clouds.archive.ubuntu.com/ubuntu focal-updates InRelease
Hit:5 http://nova.clouds.archive.ubuntu.com/ubuntu focal-backports InRelease
Hit:6 https://s3-us-west-2.amazonaws.com/prod-otxb-portal-osquery/repo/deb stable InRelease
Reading package lists...
Building dependency tree...
Reading state information...
161 packages can be upgraded. Run 'apt list --upgradable' to see them.

WARNING: apt does not have a stable CLI interface. Use with caution in scripts.

Reading package lists...
Building dependency tree...
Reading state information...
chromium-chromedriver is already the newest version (1:85.0.4183.83-0ubuntu0.20.04.2).
0 upgraded, 0 newly installed, 0 to remove and 161 not upgraded.
Requirement already satisfied: selenium in /usr/local/lib/python3.8/dist-packages (3.141.0)
Requirement already satisfied: urllib3 in /usr/lib/python3/dist-packages (from selenium) (1.25.8)
49  recieved from forex screener
2021-05-27 02:49:20.834724  script ran

WARNING: apt does not have a stable CLI interface. Use with caution in scripts.

Hit:1 http://dl.google.com/linux/chrome/deb stable InRelease
Hit:2 http://security.ubuntu.com/ubuntu focal-security InRelease
Hit:3 http://nova.clouds.archive.ubuntu.com/ubuntu focal InRelease
Hit:4 http://nova.clouds.archive.ubuntu.com/ubuntu focal-updates InRelease
Hit:5 http://nova.clouds.archive.ubuntu.com/ubuntu focal-backports InRelease
Hit:6 https://s3-us-west-2.amazonaws.com/prod-otxb-portal-osquery/repo/deb stable InRelease
Reading package lists...
Building dependency tree...
Reading state information...
161 packages can be upgraded. Run 'apt list --upgradable' to see them.

WARNING: apt does not have a stable CLI interface. Use with caution in scripts.

Reading package lists...
Building dependency tree...
Reading state information...
chromium-chromedriver is already the newest version (1:85.0.4183.83-0ubuntu0.20.04.2).
0 upgraded, 0 newly installed, 0 to remove and 161 not upgraded.
Requirement already satisfied: selenium in /usr/local/lib/python3.8/dist-packages (3.141.0)
Requirement already satisfied: urllib3 in /usr/lib/python3/dist-packages (from selenium) (1.25.8)
49  recieved from forex screener
2021-05-27 02:52:56.805674  script ran

WARNING: apt does not have a stable CLI interface. Use with caution in scripts.

Hit:1 http://dl.google.com/linux/chrome/deb stable InRelease
Hit:2 http://nova.clouds.archive.ubuntu.com/ubuntu focal InRelease
Hit:3 http://security.ubuntu.com/ubuntu focal-security InRelease
Hit:4 http://nova.clouds.archive.ubuntu.com/ubuntu focal-updates InRelease
Hit:5 http://nova.clouds.archive.ubuntu.com/ubuntu focal-backports InRelease
Hit:6 https://s3-us-west-2.amazonaws.com/prod-otxb-portal-osquery/repo/deb stable InRelease
Reading package lists...
Building dependency tree...
Reading state information...
161 packages can be upgraded. Run 'apt list --upgradable' to see them.

WARNING: apt does not have a stable CLI interface. Use with caution in scripts.

Reading package lists...
Building dependency tree...
Reading state information...
chromium-chromedriver is already the newest version (1:85.0.4183.83-0ubuntu0.20.04.2).
0 upgraded, 0 newly installed, 0 to remove and 161 not upgraded.
Requirement already satisfied: selenium in /usr/local/lib/python3.8/dist-packages (3.141.0)
Requirement already satisfied: urllib3 in /usr/lib/python3/dist-packages (from selenium) (1.25.8)
49  recieved from forex screener
2021-05-27 02:58:30.312706  script ran

WARNING: apt does not have a stable CLI interface. Use with caution in scripts.

Hit:1 http://dl.google.com/linux/chrome/deb stable InRelease
Hit:2 http://security.ubuntu.com/ubuntu focal-security InRelease
Hit:3 http://nova.clouds.archive.ubuntu.com/ubuntu focal InRelease
Hit:4 http://nova.clouds.archive.ubuntu.com/ubuntu focal-updates InRelease
Hit:5 http://nova.clouds.archive.ubuntu.com/ubuntu focal-backports InRelease
Hit:6 https://s3-us-west-2.amazonaws.com/prod-otxb-portal-osquery/repo/deb stable InRelease
Reading package lists...
Building dependency tree...
Reading state information...
161 packages can be upgraded. Run 'apt list --upgradable' to see them.

WARNING: apt does not have a stable CLI interface. Use with caution in scripts.

Reading package lists...
Building dependency tree...
Reading state information...
chromium-chromedriver is already the newest version (1:85.0.4183.83-0ubuntu0.20.04.2).
0 upgraded, 0 newly installed, 0 to remove and 161 not upgraded.
Requirement already satisfied: selenium in /usr/local/lib/python3.8/dist-packages (3.141.0)
Requirement already satisfied: urllib3 in /usr/lib/python3/dist-packages (from selenium) (1.25.8)
Traceback (most recent call last):
  File "/home/ubuntu/trends-script/scraper.py", line 267, in <module>
    main()
  File "/home/ubuntu/trends-script/scraper.py", line 260, in main
    htmlstring = get_html_from_site()
  File "/home/ubuntu/trends-script/scraper.py", line 44, in get_html_from_site
    liquidity_providers.click()
  File "/usr/local/lib/python3.8/dist-packages/selenium/webdriver/remote/webelement.py", line 80, in click
    self._execute(Command.CLICK_ELEMENT)
  File "/usr/local/lib/python3.8/dist-packages/selenium/webdriver/remote/webelement.py", line 633, in _execute
    return self._parent.execute(command, params)
  File "/usr/local/lib/python3.8/dist-packages/selenium/webdriver/remote/webdriver.py", line 321, in execute
    self.error_handler.check_response(response)
  File "/usr/local/lib/python3.8/dist-packages/selenium/webdriver/remote/errorhandler.py", line 242, in check_response
    raise exception_class(message, screen, stacktrace)
selenium.common.exceptions.ElementClickInterceptedException: Message: element click intercepted: Element <div class="a-b-c L-M-j L-M-j-r-t" title="" role="button" aria-pressed="false" id=":1" style="user-select: none;">...</div> is not clickable at point (280, 442). Other element would receive the click: <div class="L-M-Qb-tb L-M-Qb-Tb-Sb">...</div>
  (Session info: headless chrome=83.0.4103.97)


WARNING: apt does not have a stable CLI interface. Use with caution in scripts.

Hit:1 http://dl.google.com/linux/chrome/deb stable InRelease
Hit:2 http://security.ubuntu.com/ubuntu focal-security InRelease
Hit:3 http://nova.clouds.archive.ubuntu.com/ubuntu focal InRelease
Hit:4 http://nova.clouds.archive.ubuntu.com/ubuntu focal-updates InRelease
Hit:5 http://nova.clouds.archive.ubuntu.com/ubuntu focal-backports InRelease
Hit:6 https://s3-us-west-2.amazonaws.com/prod-otxb-portal-osquery/repo/deb stable InRelease
Reading package lists...
Building dependency tree...
Reading state information...
161 packages can be upgraded. Run 'apt list --upgradable' to see them.

WARNING: apt does not have a stable CLI interface. Use with caution in scripts.

Reading package lists...
Building dependency tree...
Reading state information...
chromium-chromedriver is already the newest version (1:85.0.4183.83-0ubuntu0.20.04.2).
0 upgraded, 0 newly installed, 0 to remove and 161 not upgraded.
Requirement already satisfied: selenium in /usr/local/lib/python3.8/dist-packages (3.141.0)
Requirement already satisfied: urllib3 in /usr/lib/python3/dist-packages (from selenium) (1.25.8)
49  recieved from forex screener
2021-05-27 03:09:28.318560  script ran

WARNING: apt does not have a stable CLI interface. Use with caution in scripts.

Hit:1 http://dl.google.com/linux/chrome/deb stable InRelease
Hit:2 http://security.ubuntu.com/ubuntu focal-security InRelease
Hit:3 http://nova.clouds.archive.ubuntu.com/ubuntu focal InRelease
Hit:4 http://nova.clouds.archive.ubuntu.com/ubuntu focal-updates InRelease
Hit:5 http://nova.clouds.archive.ubuntu.com/ubuntu focal-backports InRelease
Hit:6 https://s3-us-west-2.amazonaws.com/prod-otxb-portal-osquery/repo/deb stable InRelease
Reading package lists...
Building dependency tree...
Reading state information...
161 packages can be upgraded. Run 'apt list --upgradable' to see them.

WARNING: apt does not have a stable CLI interface. Use with caution in scripts.

Reading package lists...
Building dependency tree...
Reading state information...
chromium-chromedriver is already the newest version (1:85.0.4183.83-0ubuntu0.20.04.2).
0 upgraded, 0 newly installed, 0 to remove and 161 not upgraded.
Requirement already satisfied: selenium in /usr/local/lib/python3.8/dist-packages (3.141.0)
Requirement already satisfied: urllib3 in /usr/lib/python3/dist-packages (from selenium) (1.25.8)
Traceback (most recent call last):
  File "/home/ubuntu/trends-script/scraper.py", line 267, in <module>
    main()
  File "/home/ubuntu/trends-script/scraper.py", line 260, in main
    htmlstring = get_html_from_site()
  File "/home/ubuntu/trends-script/scraper.py", line 44, in get_html_from_site
    liquidity_providers.click()
  File "/usr/local/lib/python3.8/dist-packages/selenium/webdriver/remote/webelement.py", line 80, in click
    self._execute(Command.CLICK_ELEMENT)
  File "/usr/local/lib/python3.8/dist-packages/selenium/webdriver/remote/webelement.py", line 633, in _execute
    return self._parent.execute(command, params)
  File "/usr/local/lib/python3.8/dist-packages/selenium/webdriver/remote/webdriver.py", line 321, in execute
    self.error_handler.check_response(response)
  File "/usr/local/lib/python3.8/dist-packages/selenium/webdriver/remote/errorhandler.py", line 242, in check_response
    raise exception_class(message, screen, stacktrace)
selenium.common.exceptions.ElementClickInterceptedException: Message: element click intercepted: Element <div class="a-b-c L-M-j L-M-j-r-t" title="" role="button" aria-pressed="false" id=":1" style="user-select: none;">...</div> is not clickable at point (280, 442). Other element would receive the click: <div class="L-M-Qb-tb L-M-Qb-Tb-Sb">...</div>
  (Session info: headless chrome=83.0.4103.97)


WARNING: apt does not have a stable CLI interface. Use with caution in scripts.

Hit:1 http://dl.google.com/linux/chrome/deb stable InRelease
Hit:2 http://nova.clouds.archive.ubuntu.com/ubuntu focal InRelease
Hit:3 http://security.ubuntu.com/ubuntu focal-security InRelease
Hit:4 http://nova.clouds.archive.ubuntu.com/ubuntu focal-updates InRelease
Hit:5 https://s3-us-west-2.amazonaws.com/prod-otxb-portal-osquery/repo/deb stable InRelease
Hit:6 http://nova.clouds.archive.ubuntu.com/ubuntu focal-backports InRelease
Reading package lists...
Building dependency tree...
Reading state information...
161 packages can be upgraded. Run 'apt list --upgradable' to see them.

WARNING: apt does not have a stable CLI interface. Use with caution in scripts.

Reading package lists...
Building dependency tree...
Reading state information...
chromium-chromedriver is already the newest version (1:85.0.4183.83-0ubuntu0.20.04.2).
0 upgraded, 0 newly installed, 0 to remove and 161 not upgraded.
Requirement already satisfied: selenium in /usr/local/lib/python3.8/dist-packages (3.141.0)
Requirement already satisfied: urllib3 in /usr/lib/python3/dist-packages (from selenium) (1.25.8)
Traceback (most recent call last):
  File "/home/ubuntu/trends-script/scraper.py", line 267, in <module>
    main()
  File "/home/ubuntu/trends-script/scraper.py", line 260, in main
    htmlstring = get_html_from_site()
  File "/home/ubuntu/trends-script/scraper.py", line 44, in get_html_from_site
    liquidity_providers.click()
  File "/usr/local/lib/python3.8/dist-packages/selenium/webdriver/remote/webelement.py", line 80, in click
    self._execute(Command.CLICK_ELEMENT)
  File "/usr/local/lib/python3.8/dist-packages/selenium/webdriver/remote/webelement.py", line 633, in _execute
    return self._parent.execute(command, params)
  File "/usr/local/lib/python3.8/dist-packages/selenium/webdriver/remote/webdriver.py", line 321, in execute
    self.error_handler.check_response(response)
  File "/usr/local/lib/python3.8/dist-packages/selenium/webdriver/remote/errorhandler.py", line 242, in check_response
    raise exception_class(message, screen, stacktrace)
selenium.common.exceptions.ElementClickInterceptedException: Message: element click intercepted: Element <div class="a-b-c L-M-j L-M-j-r-t" title="" role="button" aria-pressed="false" id=":1" style="user-select: none;">...</div> is not clickable at point (280, 442). Other element would receive the click: <div class="L-M-Qb-tb L-M-Qb-Tb-Sb">...</div>
  (Session info: headless chrome=83.0.4103.97)


WARNING: apt does not have a stable CLI interface. Use with caution in scripts.

Hit:1 http://dl.google.com/linux/chrome/deb stable InRelease
Hit:2 http://nova.clouds.archive.ubuntu.com/ubuntu focal InRelease
Hit:3 http://security.ubuntu.com/ubuntu focal-security InRelease
Get:4 http://nova.clouds.archive.ubuntu.com/ubuntu focal-updates InRelease [114 kB]
Hit:5 https://s3-us-west-2.amazonaws.com/prod-otxb-portal-osquery/repo/deb stable InRelease
Get:6 http://nova.clouds.archive.ubuntu.com/ubuntu focal-backports InRelease [101 kB]
Fetched 214 kB in 16s (13.4 kB/s)
Reading package lists...
Building dependency tree...
Reading state information...
161 packages can be upgraded. Run 'apt list --upgradable' to see them.

WARNING: apt does not have a stable CLI interface. Use with caution in scripts.

Reading package lists...
Building dependency tree...
Reading state information...
chromium-chromedriver is already the newest version (1:85.0.4183.83-0ubuntu0.20.04.2).
0 upgraded, 0 newly installed, 0 to remove and 161 not upgraded.
Requirement already satisfied: selenium in /usr/local/lib/python3.8/dist-packages (3.141.0)
Requirement already satisfied: urllib3 in /usr/lib/python3/dist-packages (from selenium) (1.25.8)

WARNING: apt does not have a stable CLI interface. Use with caution in scripts.

Hit:1 http://dl.google.com/linux/chrome/deb stable InRelease
Hit:2 http://security.ubuntu.com/ubuntu focal-security InRelease
Hit:3 http://nova.clouds.archive.ubuntu.com/ubuntu focal InRelease
Get:4 http://nova.clouds.archive.ubuntu.com/ubuntu focal-updates InRelease [114 kB]
Hit:5 https://s3-us-west-2.amazonaws.com/prod-otxb-portal-osquery/repo/deb stable InRelease
Get:6 http://nova.clouds.archive.ubuntu.com/ubuntu focal-backports InRelease [101 kB]
49  recieved from forex screener
2021-05-27 03:26:04.325611  script ran
Fetched 214 kB in 29s (7387 B/s)
Reading package lists...
Building dependency tree...
Reading state information...
161 packages can be upgraded. Run 'apt list --upgradable' to see them.

WARNING: apt does not have a stable CLI interface. Use with caution in scripts.

Reading package lists...
Building dependency tree...
Reading state information...
chromium-chromedriver is already the newest version (1:85.0.4183.83-0ubuntu0.20.04.2).
0 upgraded, 0 newly installed, 0 to remove and 161 not upgraded.

WARNING: apt does not have a stable CLI interface. Use with caution in scripts.

Hit:1 http://dl.google.com/linux/chrome/deb stable InRelease
Get:2 http://security.ubuntu.com/ubuntu focal-security InRelease [114 kB]
Hit:3 http://nova.clouds.archive.ubuntu.com/ubuntu focal InRelease
Hit:4 http://nova.clouds.archive.ubuntu.com/ubuntu focal-updates InRelease
Hit:5 http://nova.clouds.archive.ubuntu.com/ubuntu focal-backports InRelease
Hit:6 https://s3-us-west-2.amazonaws.com/prod-otxb-portal-osquery/repo/deb stable InRelease
Requirement already satisfied: selenium in /usr/local/lib/python3.8/dist-packages (3.141.0)
Requirement already satisfied: urllib3 in /usr/lib/python3/dist-packages (from selenium) (1.25.8)
Fetched 114 kB in 21s (5490 B/s)
Reading package lists...
Building dependency tree...
Reading state information...
161 packages can be upgraded. Run 'apt list --upgradable' to see them.

WARNING: apt does not have a stable CLI interface. Use with caution in scripts.

Reading package lists...
Building dependency tree...
Reading state information...
chromium-chromedriver is already the newest version (1:85.0.4183.83-0ubuntu0.20.04.2).
0 upgraded, 0 newly installed, 0 to remove and 161 not upgraded.
Traceback (most recent call last):
  File "/home/ubuntu/trends-script/scraper.py", line 267, in <module>
    main()
  File "/home/ubuntu/trends-script/scraper.py", line 260, in main
    htmlstring = get_html_from_site()
  File "/home/ubuntu/trends-script/scraper.py", line 44, in get_html_from_site
    liquidity_providers.click()
  File "/usr/local/lib/python3.8/dist-packages/selenium/webdriver/remote/webelement.py", line 80, in click
    self._execute(Command.CLICK_ELEMENT)
  File "/usr/local/lib/python3.8/dist-packages/selenium/webdriver/remote/webelement.py", line 633, in _execute
    return self._parent.execute(command, params)
  File "/usr/local/lib/python3.8/dist-packages/selenium/webdriver/remote/webdriver.py", line 321, in execute
    self.error_handler.check_response(response)
  File "/usr/local/lib/python3.8/dist-packages/selenium/webdriver/remote/errorhandler.py", line 242, in check_response
    raise exception_class(message, screen, stacktrace)
selenium.common.exceptions.ElementClickInterceptedException: Message: element click intercepted: Element <div class="a-b-c L-M-j L-M-j-r-t" title="" role="button" aria-pressed="false" id=":1" style="user-select: none;">...</div> is not clickable at point (280, 442). Other element would receive the click: <div class="L-M-Qb-tb L-M-Qb-Tb-Sb">...</div>
  (Session info: headless chrome=83.0.4103.97)

Requirement already satisfied: selenium in /usr/local/lib/python3.8/dist-packages (3.141.0)
Requirement already satisfied: urllib3 in /usr/lib/python3/dist-packages (from selenium) (1.25.8)
Traceback (most recent call last):
  File "/home/ubuntu/trends-script/scraper.py", line 267, in <module>
    main()
  File "/home/ubuntu/trends-script/scraper.py", line 260, in main
    htmlstring = get_html_from_site()
  File "/home/ubuntu/trends-script/scraper.py", line 44, in get_html_from_site
    liquidity_providers.click()
  File "/usr/local/lib/python3.8/dist-packages/selenium/webdriver/remote/webelement.py", line 80, in click
    self._execute(Command.CLICK_ELEMENT)
  File "/usr/local/lib/python3.8/dist-packages/selenium/webdriver/remote/webelement.py", line 633, in _execute
    return self._parent.execute(command, params)
  File "/usr/local/lib/python3.8/dist-packages/selenium/webdriver/remote/webdriver.py", line 321, in execute
    self.error_handler.check_response(response)
  File "/usr/local/lib/python3.8/dist-packages/selenium/webdriver/remote/errorhandler.py", line 242, in check_response
    raise exception_class(message, screen, stacktrace)
selenium.common.exceptions.ElementClickInterceptedException: Message: element click intercepted: Element <div class="a-b-c L-M-j L-M-j-r-t" title="" role="button" aria-pressed="false" id=":1" style="user-select: none;">...</div> is not clickable at point (280, 442). Other element would receive the click: <div class="L-M-Qb-tb L-M-Qb-Tb-Sb">...</div>
  (Session info: headless chrome=83.0.4103.97)


WARNING: apt does not have a stable CLI interface. Use with caution in scripts.

Hit:1 http://dl.google.com/linux/chrome/deb stable InRelease
Hit:2 http://security.ubuntu.com/ubuntu focal-security InRelease
Hit:3 http://nova.clouds.archive.ubuntu.com/ubuntu focal InRelease
Hit:4 http://nova.clouds.archive.ubuntu.com/ubuntu focal-updates InRelease
Hit:5 http://nova.clouds.archive.ubuntu.com/ubuntu focal-backports InRelease
Hit:6 https://s3-us-west-2.amazonaws.com/prod-otxb-portal-osquery/repo/deb stable InRelease
Reading package lists...
Building dependency tree...
Reading state information...
161 packages can be upgraded. Run 'apt list --upgradable' to see them.

WARNING: apt does not have a stable CLI interface. Use with caution in scripts.

Reading package lists...
Building dependency tree...
Reading state information...
chromium-chromedriver is already the newest version (1:85.0.4183.83-0ubuntu0.20.04.2).
0 upgraded, 0 newly installed, 0 to remove and 161 not upgraded.
Requirement already satisfied: selenium in /usr/local/lib/python3.8/dist-packages (3.141.0)
Requirement already satisfied: urllib3 in /usr/lib/python3/dist-packages (from selenium) (1.25.8)
Traceback (most recent call last):
  File "/home/ubuntu/trends-script/scraper.py", line 267, in <module>
    main()
  File "/home/ubuntu/trends-script/scraper.py", line 260, in main
    htmlstring = get_html_from_site()
  File "/home/ubuntu/trends-script/scraper.py", line 44, in get_html_from_site
    liquidity_providers.click()
  File "/usr/local/lib/python3.8/dist-packages/selenium/webdriver/remote/webelement.py", line 80, in click
    self._execute(Command.CLICK_ELEMENT)
  File "/usr/local/lib/python3.8/dist-packages/selenium/webdriver/remote/webelement.py", line 633, in _execute
    return self._parent.execute(command, params)
  File "/usr/local/lib/python3.8/dist-packages/selenium/webdriver/remote/webdriver.py", line 321, in execute
    self.error_handler.check_response(response)
  File "/usr/local/lib/python3.8/dist-packages/selenium/webdriver/remote/errorhandler.py", line 242, in check_response
    raise exception_class(message, screen, stacktrace)
selenium.common.exceptions.ElementClickInterceptedException: Message: element click intercepted: Element <div class="a-b-c L-M-j L-M-j-r-t" title="" role="button" aria-pressed="false" id=":1" style="user-select: none;">...</div> is not clickable at point (280, 442). Other element would receive the click: <div class="L-M-Qb-tb L-M-Qb-Tb-Sb">...</div>
  (Session info: headless chrome=83.0.4103.97)


WARNING: apt does not have a stable CLI interface. Use with caution in scripts.

Hit:1 http://dl.google.com/linux/chrome/deb stable InRelease
Hit:2 http://security.ubuntu.com/ubuntu focal-security InRelease
Hit:3 http://nova.clouds.archive.ubuntu.com/ubuntu focal InRelease
Hit:4 http://nova.clouds.archive.ubuntu.com/ubuntu focal-updates InRelease
Hit:5 http://nova.clouds.archive.ubuntu.com/ubuntu focal-backports InRelease
Hit:6 https://s3-us-west-2.amazonaws.com/prod-otxb-portal-osquery/repo/deb stable InRelease
Reading package lists...
Building dependency tree...
Reading state information...
161 packages can be upgraded. Run 'apt list --upgradable' to see them.

WARNING: apt does not have a stable CLI interface. Use with caution in scripts.

Reading package lists...
Building dependency tree...
Reading state information...
chromium-chromedriver is already the newest version (1:85.0.4183.83-0ubuntu0.20.04.2).
0 upgraded, 0 newly installed, 0 to remove and 161 not upgraded.
Requirement already satisfied: selenium in /usr/local/lib/python3.8/dist-packages (3.141.0)
Requirement already satisfied: urllib3 in /usr/lib/python3/dist-packages (from selenium) (1.25.8)

WARNING: apt does not have a stable CLI interface. Use with caution in scripts.

Hit:1 http://dl.google.com/linux/chrome/deb stable InRelease
Hit:2 http://security.ubuntu.com/ubuntu focal-security InRelease
Hit:3 http://nova.clouds.archive.ubuntu.com/ubuntu focal InRelease
Hit:4 http://nova.clouds.archive.ubuntu.com/ubuntu focal-updates InRelease
Hit:5 http://nova.clouds.archive.ubuntu.com/ubuntu focal-backports InRelease
Hit:6 https://s3-us-west-2.amazonaws.com/prod-otxb-portal-osquery/repo/deb stable InRelease
Reading package lists...49  recieved from forex screener
2021-05-27 03:46:02.706268  script ran

Building dependency tree...
Reading state information...
161 packages can be upgraded. Run 'apt list --upgradable' to see them.

WARNING: apt does not have a stable CLI interface. Use with caution in scripts.

Reading package lists...
Building dependency tree...
Reading state information...
chromium-chromedriver is already the newest version (1:85.0.4183.83-0ubuntu0.20.04.2).
0 upgraded, 0 newly installed, 0 to remove and 161 not upgraded.
Requirement already satisfied: selenium in /usr/local/lib/python3.8/dist-packages (3.141.0)
Requirement already satisfied: urllib3 in /usr/lib/python3/dist-packages (from selenium) (1.25.8)

WARNING: apt does not have a stable CLI interface. Use with caution in scripts.

Hit:1 http://dl.google.com/linux/chrome/deb stable InRelease
Hit:2 http://security.ubuntu.com/ubuntu focal-security InRelease
Hit:3 http://nova.clouds.archive.ubuntu.com/ubuntu focal InRelease
Hit:4 http://nova.clouds.archive.ubuntu.com/ubuntu focal-updates InRelease
Hit:5 http://nova.clouds.archive.ubuntu.com/ubuntu focal-backports InRelease
Hit:6 https://s3-us-west-2.amazonaws.com/prod-otxb-portal-osquery/repo/deb stable InRelease
Reading package lists...49  recieved from forex screener
2021-05-27 03:51:20.603725  script ran

Building dependency tree...
Reading state information...
161 packages can be upgraded. Run 'apt list --upgradable' to see them.

WARNING: apt does not have a stable CLI interface. Use with caution in scripts.

Reading package lists...
Building dependency tree...
Reading state information...
chromium-chromedriver is already the newest version (1:85.0.4183.83-0ubuntu0.20.04.2).
0 upgraded, 0 newly installed, 0 to remove and 161 not upgraded.
Requirement already satisfied: selenium in /usr/local/lib/python3.8/dist-packages (3.141.0)
Requirement already satisfied: urllib3 in /usr/lib/python3/dist-packages (from selenium) (1.25.8)
Traceback (most recent call last):
  File "/home/ubuntu/trends-script/scraper.py", line 267, in <module>
    main()
  File "/home/ubuntu/trends-script/scraper.py", line 260, in main
    htmlstring = get_html_from_site()
  File "/home/ubuntu/trends-script/scraper.py", line 44, in get_html_from_site
    liquidity_providers.click()
  File "/usr/local/lib/python3.8/dist-packages/selenium/webdriver/remote/webelement.py", line 80, in click
    self._execute(Command.CLICK_ELEMENT)
  File "/usr/local/lib/python3.8/dist-packages/selenium/webdriver/remote/webelement.py", line 633, in _execute
    return self._parent.execute(command, params)
  File "/usr/local/lib/python3.8/dist-packages/selenium/webdriver/remote/webdriver.py", line 321, in execute
    self.error_handler.check_response(response)
  File "/usr/local/lib/python3.8/dist-packages/selenium/webdriver/remote/errorhandler.py", line 242, in check_response
    raise exception_class(message, screen, stacktrace)
selenium.common.exceptions.ElementClickInterceptedException: Message: element click intercepted: Element <div class="a-b-c L-M-j L-M-j-r-t" title="" role="button" aria-pressed="false" id=":1" style="user-select: none;">...</div> is not clickable at point (280, 442). Other element would receive the click: <div class="L-M-Qb-tb L-M-Qb-Tb-Sb">...</div>
  (Session info: headless chrome=83.0.4103.97)


WARNING: apt does not have a stable CLI interface. Use with caution in scripts.

Hit:1 http://dl.google.com/linux/chrome/deb stable InRelease
Hit:2 http://security.ubuntu.com/ubuntu focal-security InRelease
Hit:3 http://nova.clouds.archive.ubuntu.com/ubuntu focal InRelease
Hit:4 http://nova.clouds.archive.ubuntu.com/ubuntu focal-updates InRelease
Hit:5 http://nova.clouds.archive.ubuntu.com/ubuntu focal-backports InRelease
Hit:6 https://s3-us-west-2.amazonaws.com/prod-otxb-portal-osquery/repo/deb stable InRelease
Reading package lists...
Building dependency tree...
Reading state information...
161 packages can be upgraded. Run 'apt list --upgradable' to see them.

WARNING: apt does not have a stable CLI interface. Use with caution in scripts.

Reading package lists...
Building dependency tree...
Reading state information...
chromium-chromedriver is already the newest version (1:85.0.4183.83-0ubuntu0.20.04.2).
0 upgraded, 0 newly installed, 0 to remove and 161 not upgraded.
Requirement already satisfied: selenium in /usr/local/lib/python3.8/dist-packages (3.141.0)
Requirement already satisfied: urllib3 in /usr/lib/python3/dist-packages (from selenium) (1.25.8)
Traceback (most recent call last):
  File "/home/ubuntu/trends-script/scraper.py", line 267, in <module>
    main()
  File "/home/ubuntu/trends-script/scraper.py", line 260, in main
    htmlstring = get_html_from_site()
  File "/home/ubuntu/trends-script/scraper.py", line 44, in get_html_from_site
    liquidity_providers.click()
  File "/usr/local/lib/python3.8/dist-packages/selenium/webdriver/remote/webelement.py", line 80, in click
    self._execute(Command.CLICK_ELEMENT)
  File "/usr/local/lib/python3.8/dist-packages/selenium/webdriver/remote/webelement.py", line 633, in _execute
    return self._parent.execute(command, params)
  File "/usr/local/lib/python3.8/dist-packages/selenium/webdriver/remote/webdriver.py", line 321, in execute
    self.error_handler.check_response(response)
  File "/usr/local/lib/python3.8/dist-packages/selenium/webdriver/remote/errorhandler.py", line 242, in check_response
    raise exception_class(message, screen, stacktrace)
selenium.common.exceptions.ElementClickInterceptedException: Message: element click intercepted: Element <div class="a-b-c L-M-j L-M-j-r-t" title="" role="button" aria-pressed="false" id=":1" style="user-select: none;">...</div> is not clickable at point (280, 442). Other element would receive the click: <div class="L-M-Qb-tb L-M-Qb-Tb-Sb">...</div>
  (Session info: headless chrome=83.0.4103.97)


WARNING: apt does not have a stable CLI interface. Use with caution in scripts.

Hit:1 http://dl.google.com/linux/chrome/deb stable InRelease
Hit:2 http://security.ubuntu.com/ubuntu focal-security InRelease
Hit:3 http://nova.clouds.archive.ubuntu.com/ubuntu focal InRelease
Hit:4 http://nova.clouds.archive.ubuntu.com/ubuntu focal-updates InRelease
Hit:5 http://nova.clouds.archive.ubuntu.com/ubuntu focal-backports InRelease
Hit:6 https://s3-us-west-2.amazonaws.com/prod-otxb-portal-osquery/repo/deb stable InRelease
Reading package lists...
Building dependency tree...
Reading state information...
161 packages can be upgraded. Run 'apt list --upgradable' to see them.

WARNING: apt does not have a stable CLI interface. Use with caution in scripts.

Reading package lists...
Building dependency tree...
Reading state information...
chromium-chromedriver is already the newest version (1:85.0.4183.83-0ubuntu0.20.04.2).
0 upgraded, 0 newly installed, 0 to remove and 161 not upgraded.
Requirement already satisfied: selenium in /usr/local/lib/python3.8/dist-packages (3.141.0)
Requirement already satisfied: urllib3 in /usr/lib/python3/dist-packages (from selenium) (1.25.8)
Traceback (most recent call last):
  File "/home/ubuntu/trends-script/scraper.py", line 267, in <module>
    main()
  File "/home/ubuntu/trends-script/scraper.py", line 260, in main
    htmlstring = get_html_from_site()
  File "/home/ubuntu/trends-script/scraper.py", line 44, in get_html_from_site
    liquidity_providers.click()
  File "/usr/local/lib/python3.8/dist-packages/selenium/webdriver/remote/webelement.py", line 80, in click
    self._execute(Command.CLICK_ELEMENT)
  File "/usr/local/lib/python3.8/dist-packages/selenium/webdriver/remote/webelement.py", line 633, in _execute
    return self._parent.execute(command, params)
  File "/usr/local/lib/python3.8/dist-packages/selenium/webdriver/remote/webdriver.py", line 321, in execute
    self.error_handler.check_response(response)
  File "/usr/local/lib/python3.8/dist-packages/selenium/webdriver/remote/errorhandler.py", line 242, in check_response
    raise exception_class(message, screen, stacktrace)
selenium.common.exceptions.ElementClickInterceptedException: Message: element click intercepted: Element <div class="a-b-c L-M-j L-M-j-r-t" title="" role="button" aria-pressed="false" id=":1" style="user-select: none;">...</div> is not clickable at point (280, 442). Other element would receive the click: <div class="L-M-Qb-tb L-M-Qb-Tb-Sb">...</div>
  (Session info: headless chrome=83.0.4103.97)


WARNING: apt does not have a stable CLI interface. Use with caution in scripts.

Hit:1 http://dl.google.com/linux/chrome/deb stable InRelease
Hit:2 http://security.ubuntu.com/ubuntu focal-security InRelease
Hit:3 http://nova.clouds.archive.ubuntu.com/ubuntu focal InRelease
Hit:4 http://nova.clouds.archive.ubuntu.com/ubuntu focal-updates InRelease
Hit:5 http://nova.clouds.archive.ubuntu.com/ubuntu focal-backports InRelease
Hit:6 https://s3-us-west-2.amazonaws.com/prod-otxb-portal-osquery/repo/deb stable InRelease
Reading package lists...
Building dependency tree...
Reading state information...
161 packages can be upgraded. Run 'apt list --upgradable' to see them.

WARNING: apt does not have a stable CLI interface. Use with caution in scripts.

Reading package lists...
Building dependency tree...
Reading state information...
chromium-chromedriver is already the newest version (1:85.0.4183.83-0ubuntu0.20.04.2).
0 upgraded, 0 newly installed, 0 to remove and 161 not upgraded.
Requirement already satisfied: selenium in /usr/local/lib/python3.8/dist-packages (3.141.0)
Requirement already satisfied: urllib3 in /usr/lib/python3/dist-packages (from selenium) (1.25.8)
Traceback (most recent call last):
  File "/home/ubuntu/trends-script/scraper.py", line 267, in <module>
    main()
  File "/home/ubuntu/trends-script/scraper.py", line 260, in main
    htmlstring = get_html_from_site()
  File "/home/ubuntu/trends-script/scraper.py", line 44, in get_html_from_site
    liquidity_providers.click()
  File "/usr/local/lib/python3.8/dist-packages/selenium/webdriver/remote/webelement.py", line 80, in click
    self._execute(Command.CLICK_ELEMENT)
  File "/usr/local/lib/python3.8/dist-packages/selenium/webdriver/remote/webelement.py", line 633, in _execute
    return self._parent.execute(command, params)
  File "/usr/local/lib/python3.8/dist-packages/selenium/webdriver/remote/webdriver.py", line 321, in execute
    self.error_handler.check_response(response)
  File "/usr/local/lib/python3.8/dist-packages/selenium/webdriver/remote/errorhandler.py", line 242, in check_response
    raise exception_class(message, screen, stacktrace)
selenium.common.exceptions.ElementClickInterceptedException: Message: element click intercepted: Element <div class="a-b-c L-M-j L-M-j-r-t" title="" role="button" aria-pressed="false" id=":1" style="user-select: none;">...</div> is not clickable at point (280, 442). Other element would receive the click: <div class="L-M-Qb-tb L-M-Qb-Tb-Sb">...</div>
  (Session info: headless chrome=83.0.4103.97)


WARNING: apt does not have a stable CLI interface. Use with caution in scripts.

Hit:1 http://dl.google.com/linux/chrome/deb stable InRelease
Hit:2 http://security.ubuntu.com/ubuntu focal-security InRelease
Hit:3 http://nova.clouds.archive.ubuntu.com/ubuntu focal InRelease
Hit:4 http://nova.clouds.archive.ubuntu.com/ubuntu focal-updates InRelease
Hit:5 http://nova.clouds.archive.ubuntu.com/ubuntu focal-backports InRelease
Hit:6 https://s3-us-west-2.amazonaws.com/prod-otxb-portal-osquery/repo/deb stable InRelease
Reading package lists...
Building dependency tree...
Reading state information...
161 packages can be upgraded. Run 'apt list --upgradable' to see them.

WARNING: apt does not have a stable CLI interface. Use with caution in scripts.

Reading package lists...
Building dependency tree...
Reading state information...
chromium-chromedriver is already the newest version (1:85.0.4183.83-0ubuntu0.20.04.2).
0 upgraded, 0 newly installed, 0 to remove and 161 not upgraded.
Requirement already satisfied: selenium in /usr/local/lib/python3.8/dist-packages (3.141.0)
Requirement already satisfied: urllib3 in /usr/lib/python3/dist-packages (from selenium) (1.25.8)
Traceback (most recent call last):
  File "/home/ubuntu/trends-script/scraper.py", line 267, in <module>
    main()
  File "/home/ubuntu/trends-script/scraper.py", line 260, in main
    htmlstring = get_html_from_site()
  File "/home/ubuntu/trends-script/scraper.py", line 44, in get_html_from_site
    liquidity_providers.click()
  File "/usr/local/lib/python3.8/dist-packages/selenium/webdriver/remote/webelement.py", line 80, in click
    self._execute(Command.CLICK_ELEMENT)
  File "/usr/local/lib/python3.8/dist-packages/selenium/webdriver/remote/webelement.py", line 633, in _execute
    return self._parent.execute(command, params)
  File "/usr/local/lib/python3.8/dist-packages/selenium/webdriver/remote/webdriver.py", line 321, in execute
    self.error_handler.check_response(response)
  File "/usr/local/lib/python3.8/dist-packages/selenium/webdriver/remote/errorhandler.py", line 242, in check_response
    raise exception_class(message, screen, stacktrace)
selenium.common.exceptions.ElementClickInterceptedException: Message: element click intercepted: Element <div class="a-b-c L-M-j L-M-j-r-t" title="" role="button" aria-pressed="false" id=":1" style="user-select: none;">...</div> is not clickable at point (280, 442). Other element would receive the click: <div class="L-M-Qb-tb L-M-Qb-Tb-Sb">...</div>
  (Session info: headless chrome=83.0.4103.97)


WARNING: apt does not have a stable CLI interface. Use with caution in scripts.

Hit:1 http://dl.google.com/linux/chrome/deb stable InRelease
Hit:2 http://security.ubuntu.com/ubuntu focal-security InRelease
Hit:3 http://nova.clouds.archive.ubuntu.com/ubuntu focal InRelease
Hit:4 http://nova.clouds.archive.ubuntu.com/ubuntu focal-updates InRelease
Hit:5 https://s3-us-west-2.amazonaws.com/prod-otxb-portal-osquery/repo/deb stable InRelease
Hit:6 http://nova.clouds.archive.ubuntu.com/ubuntu focal-backports InRelease
Reading package lists...
Building dependency tree...
Reading state information...
161 packages can be upgraded. Run 'apt list --upgradable' to see them.

WARNING: apt does not have a stable CLI interface. Use with caution in scripts.

Reading package lists...
Building dependency tree...
Reading state information...
chromium-chromedriver is already the newest version (1:85.0.4183.83-0ubuntu0.20.04.2).
0 upgraded, 0 newly installed, 0 to remove and 161 not upgraded.
Requirement already satisfied: selenium in /usr/local/lib/python3.8/dist-packages (3.141.0)
Requirement already satisfied: urllib3 in /usr/lib/python3/dist-packages (from selenium) (1.25.8)
Traceback (most recent call last):
  File "/home/ubuntu/trends-script/scraper.py", line 267, in <module>
    main()
  File "/home/ubuntu/trends-script/scraper.py", line 260, in main
    htmlstring = get_html_from_site()
  File "/home/ubuntu/trends-script/scraper.py", line 44, in get_html_from_site
    liquidity_providers.click()
  File "/usr/local/lib/python3.8/dist-packages/selenium/webdriver/remote/webelement.py", line 80, in click
    self._execute(Command.CLICK_ELEMENT)
  File "/usr/local/lib/python3.8/dist-packages/selenium/webdriver/remote/webelement.py", line 633, in _execute
    return self._parent.execute(command, params)
  File "/usr/local/lib/python3.8/dist-packages/selenium/webdriver/remote/webdriver.py", line 321, in execute
    self.error_handler.check_response(response)
  File "/usr/local/lib/python3.8/dist-packages/selenium/webdriver/remote/errorhandler.py", line 242, in check_response
    raise exception_class(message, screen, stacktrace)
selenium.common.exceptions.ElementClickInterceptedException: Message: element click intercepted: Element <div class="a-b-c L-M-j L-M-j-r-t" title="" role="button" aria-pressed="false" id=":1" style="user-select: none;">...</div> is not clickable at point (280, 442). Other element would receive the click: <div class="L-M-Qb-tb L-M-Qb-Tb-Sb">...</div>
  (Session info: headless chrome=83.0.4103.97)


WARNING: apt does not have a stable CLI interface. Use with caution in scripts.

Hit:1 http://dl.google.com/linux/chrome/deb stable InRelease
Hit:2 http://security.ubuntu.com/ubuntu focal-security InRelease
Hit:3 http://nova.clouds.archive.ubuntu.com/ubuntu focal InRelease
Hit:4 http://nova.clouds.archive.ubuntu.com/ubuntu focal-updates InRelease
Hit:5 http://nova.clouds.archive.ubuntu.com/ubuntu focal-backports InRelease
Hit:6 https://s3-us-west-2.amazonaws.com/prod-otxb-portal-osquery/repo/deb stable InRelease
Reading package lists...
Building dependency tree...
Reading state information...
161 packages can be upgraded. Run 'apt list --upgradable' to see them.

WARNING: apt does not have a stable CLI interface. Use with caution in scripts.

Reading package lists...
Building dependency tree...
Reading state information...
chromium-chromedriver is already the newest version (1:85.0.4183.83-0ubuntu0.20.04.2).
0 upgraded, 0 newly installed, 0 to remove and 161 not upgraded.
Requirement already satisfied: selenium in /usr/local/lib/python3.8/dist-packages (3.141.0)
Requirement already satisfied: urllib3 in /usr/lib/python3/dist-packages (from selenium) (1.25.8)
Traceback (most recent call last):
  File "/home/ubuntu/trends-script/scraper.py", line 267, in <module>
    main()
  File "/home/ubuntu/trends-script/scraper.py", line 260, in main
    htmlstring = get_html_from_site()
  File "/home/ubuntu/trends-script/scraper.py", line 44, in get_html_from_site
    liquidity_providers.click()
  File "/usr/local/lib/python3.8/dist-packages/selenium/webdriver/remote/webelement.py", line 80, in click
    self._execute(Command.CLICK_ELEMENT)
  File "/usr/local/lib/python3.8/dist-packages/selenium/webdriver/remote/webelement.py", line 633, in _execute
    return self._parent.execute(command, params)
  File "/usr/local/lib/python3.8/dist-packages/selenium/webdriver/remote/webdriver.py", line 321, in execute
    self.error_handler.check_response(response)
  File "/usr/local/lib/python3.8/dist-packages/selenium/webdriver/remote/errorhandler.py", line 242, in check_response
    raise exception_class(message, screen, stacktrace)
selenium.common.exceptions.ElementClickInterceptedException: Message: element click intercepted: Element <div class="a-b-c L-M-j L-M-j-r-t" title="" role="button" aria-pressed="false" id=":1" style="user-select: none;">...</div> is not clickable at point (280, 442). Other element would receive the click: <div class="L-M-Qb-tb L-M-Qb-Tb-Sb">...</div>
  (Session info: headless chrome=83.0.4103.97)


WARNING: apt does not have a stable CLI interface. Use with caution in scripts.

Hit:1 http://dl.google.com/linux/chrome/deb stable InRelease
Get:2 http://security.ubuntu.com/ubuntu focal-security InRelease [114 kB]
Hit:3 http://nova.clouds.archive.ubuntu.com/ubuntu focal InRelease
Get:4 http://nova.clouds.archive.ubuntu.com/ubuntu focal-updates InRelease [114 kB]
Hit:5 https://s3-us-west-2.amazonaws.com/prod-otxb-portal-osquery/repo/deb stable InRelease
Get:6 http://nova.clouds.archive.ubuntu.com/ubuntu focal-backports InRelease [101 kB]
Fetched 328 kB in 19s (17.3 kB/s)
Reading package lists...
Building dependency tree...
Reading state information...
161 packages can be upgraded. Run 'apt list --upgradable' to see them.

WARNING: apt does not have a stable CLI interface. Use with caution in scripts.

Reading package lists...
Building dependency tree...
Reading state information...
chromium-chromedriver is already the newest version (1:85.0.4183.83-0ubuntu0.20.04.2).
0 upgraded, 0 newly installed, 0 to remove and 161 not upgraded.
Requirement already satisfied: selenium in /usr/local/lib/python3.8/dist-packages (3.141.0)
Requirement already satisfied: urllib3 in /usr/lib/python3/dist-packages (from selenium) (1.25.8)
Traceback (most recent call last):
  File "/home/ubuntu/trends-script/scraper.py", line 267, in <module>
    main()
  File "/home/ubuntu/trends-script/scraper.py", line 260, in main
    htmlstring = get_html_from_site()
  File "/home/ubuntu/trends-script/scraper.py", line 44, in get_html_from_site
    liquidity_providers.click()
  File "/usr/local/lib/python3.8/dist-packages/selenium/webdriver/remote/webelement.py", line 80, in click
    self._execute(Command.CLICK_ELEMENT)
  File "/usr/local/lib/python3.8/dist-packages/selenium/webdriver/remote/webelement.py", line 633, in _execute
    return self._parent.execute(command, params)
  File "/usr/local/lib/python3.8/dist-packages/selenium/webdriver/remote/webdriver.py", line 321, in execute
    self.error_handler.check_response(response)
  File "/usr/local/lib/python3.8/dist-packages/selenium/webdriver/remote/errorhandler.py", line 242, in check_response
    raise exception_class(message, screen, stacktrace)
selenium.common.exceptions.ElementClickInterceptedException: Message: element click intercepted: Element <div class="a-b-c L-M-j L-M-j-r-t" title="" role="button" aria-pressed="false" id=":1" style="user-select: none;">...</div> is not clickable at point (280, 442). Other element would receive the click: <div class="L-M-Qb-tb L-M-Qb-Tb-Sb">...</div>
  (Session info: headless chrome=83.0.4103.97)


WARNING: apt does not have a stable CLI interface. Use with caution in scripts.

Hit:1 http://dl.google.com/linux/chrome/deb stable InRelease
Get:2 http://security.ubuntu.com/ubuntu focal-security InRelease [114 kB]
Hit:3 http://nova.clouds.archive.ubuntu.com/ubuntu focal InRelease
Get:4 http://nova.clouds.archive.ubuntu.com/ubuntu focal-updates InRelease [114 kB]
Get:5 http://nova.clouds.archive.ubuntu.com/ubuntu focal-backports InRelease [101 kB]
Hit:6 https://s3-us-west-2.amazonaws.com/prod-otxb-portal-osquery/repo/deb stable InRelease
Fetched 328 kB in 19s (16.8 kB/s)
Reading package lists...
Building dependency tree...
Reading state information...
161 packages can be upgraded. Run 'apt list --upgradable' to see them.

WARNING: apt does not have a stable CLI interface. Use with caution in scripts.

Reading package lists...
Building dependency tree...
Reading state information...
chromium-chromedriver is already the newest version (1:85.0.4183.83-0ubuntu0.20.04.2).
0 upgraded, 0 newly installed, 0 to remove and 161 not upgraded.
Requirement already satisfied: selenium in /usr/local/lib/python3.8/dist-packages (3.141.0)
Requirement already satisfied: urllib3 in /usr/lib/python3/dist-packages (from selenium) (1.25.8)
Traceback (most recent call last):
  File "/home/ubuntu/trends-script/scraper.py", line 267, in <module>
    main()
  File "/home/ubuntu/trends-script/scraper.py", line 260, in main
    htmlstring = get_html_from_site()
  File "/home/ubuntu/trends-script/scraper.py", line 44, in get_html_from_site
    liquidity_providers.click()
  File "/usr/local/lib/python3.8/dist-packages/selenium/webdriver/remote/webelement.py", line 80, in click
    self._execute(Command.CLICK_ELEMENT)
  File "/usr/local/lib/python3.8/dist-packages/selenium/webdriver/remote/webelement.py", line 633, in _execute
    return self._parent.execute(command, params)
  File "/usr/local/lib/python3.8/dist-packages/selenium/webdriver/remote/webdriver.py", line 321, in execute
    self.error_handler.check_response(response)
  File "/usr/local/lib/python3.8/dist-packages/selenium/webdriver/remote/errorhandler.py", line 242, in check_response
    raise exception_class(message, screen, stacktrace)
selenium.common.exceptions.ElementClickInterceptedException: Message: element click intercepted: Element <div class="a-b-c L-M-j L-M-j-r-t" title="" role="button" aria-pressed="false" id=":1" style="user-select: none;">...</div> is not clickable at point (280, 442). Other element would receive the click: <div class="L-M-Qb-tb L-M-Qb-Tb-Sb">...</div>
  (Session info: headless chrome=83.0.4103.97)


WARNING: apt does not have a stable CLI interface. Use with caution in scripts.

Hit:1 http://dl.google.com/linux/chrome/deb stable InRelease
Get:2 http://security.ubuntu.com/ubuntu focal-security InRelease [114 kB]
Hit:3 http://nova.clouds.archive.ubuntu.com/ubuntu focal InRelease
Get:4 http://nova.clouds.archive.ubuntu.com/ubuntu focal-updates InRelease [114 kB]
Hit:5 https://s3-us-west-2.amazonaws.com/prod-otxb-portal-osquery/repo/deb stable InRelease
Get:6 http://nova.clouds.archive.ubuntu.com/ubuntu focal-backports InRelease [101 kB]
Fetched 328 kB in 19s (17.0 kB/s)
Reading package lists...
Building dependency tree...
Reading state information...
161 packages can be upgraded. Run 'apt list --upgradable' to see them.

WARNING: apt does not have a stable CLI interface. Use with caution in scripts.

Reading package lists...
Building dependency tree...
Reading state information...
chromium-chromedriver is already the newest version (1:85.0.4183.83-0ubuntu0.20.04.2).
0 upgraded, 0 newly installed, 0 to remove and 161 not upgraded.
Requirement already satisfied: selenium in /usr/local/lib/python3.8/dist-packages (3.141.0)
Requirement already satisfied: urllib3 in /usr/lib/python3/dist-packages (from selenium) (1.25.8)
Traceback (most recent call last):
  File "/home/ubuntu/trends-script/scraper.py", line 267, in <module>
    main()
  File "/home/ubuntu/trends-script/scraper.py", line 260, in main
    htmlstring = get_html_from_site()
  File "/home/ubuntu/trends-script/scraper.py", line 44, in get_html_from_site
    liquidity_providers.click()
  File "/usr/local/lib/python3.8/dist-packages/selenium/webdriver/remote/webelement.py", line 80, in click
    self._execute(Command.CLICK_ELEMENT)
  File "/usr/local/lib/python3.8/dist-packages/selenium/webdriver/remote/webelement.py", line 633, in _execute
    return self._parent.execute(command, params)
  File "/usr/local/lib/python3.8/dist-packages/selenium/webdriver/remote/webdriver.py", line 321, in execute
    self.error_handler.check_response(response)
  File "/usr/local/lib/python3.8/dist-packages/selenium/webdriver/remote/errorhandler.py", line 242, in check_response
    raise exception_class(message, screen, stacktrace)
selenium.common.exceptions.ElementClickInterceptedException: Message: element click intercepted: Element <div class="a-b-c L-M-j L-M-j-r-t" title="" role="button" aria-pressed="false" id=":1" style="user-select: none;">...</div> is not clickable at point (280, 442). Other element would receive the click: <div class="L-M-Qb-tb L-M-Qb-Tb-Sb">...</div>
  (Session info: headless chrome=83.0.4103.97)


WARNING: apt does not have a stable CLI interface. Use with caution in scripts.

Hit:1 http://dl.google.com/linux/chrome/deb stable InRelease
Get:2 http://security.ubuntu.com/ubuntu focal-security InRelease [114 kB]
Hit:3 http://nova.clouds.archive.ubuntu.com/ubuntu focal InRelease
Get:4 http://nova.clouds.archive.ubuntu.com/ubuntu focal-updates InRelease [114 kB]
Hit:5 https://s3-us-west-2.amazonaws.com/prod-otxb-portal-osquery/repo/deb stable InRelease
Get:6 http://nova.clouds.archive.ubuntu.com/ubuntu focal-backports InRelease [101 kB]
Fetched 328 kB in 20s (16.0 kB/s)
Reading package lists...
Building dependency tree...
Reading state information...
161 packages can be upgraded. Run 'apt list --upgradable' to see them.

WARNING: apt does not have a stable CLI interface. Use with caution in scripts.

Reading package lists...
Building dependency tree...
Reading state information...
chromium-chromedriver is already the newest version (1:85.0.4183.83-0ubuntu0.20.04.2).
0 upgraded, 0 newly installed, 0 to remove and 161 not upgraded.
Requirement already satisfied: selenium in /usr/local/lib/python3.8/dist-packages (3.141.0)
Requirement already satisfied: urllib3 in /usr/lib/python3/dist-packages (from selenium) (1.25.8)
Traceback (most recent call last):
  File "/home/ubuntu/trends-script/scraper.py", line 267, in <module>
    main()
  File "/home/ubuntu/trends-script/scraper.py", line 260, in main
    htmlstring = get_html_from_site()
  File "/home/ubuntu/trends-script/scraper.py", line 44, in get_html_from_site
    liquidity_providers.click()
  File "/usr/local/lib/python3.8/dist-packages/selenium/webdriver/remote/webelement.py", line 80, in click
    self._execute(Command.CLICK_ELEMENT)
  File "/usr/local/lib/python3.8/dist-packages/selenium/webdriver/remote/webelement.py", line 633, in _execute
    return self._parent.execute(command, params)
  File "/usr/local/lib/python3.8/dist-packages/selenium/webdriver/remote/webdriver.py", line 321, in execute
    self.error_handler.check_response(response)
  File "/usr/local/lib/python3.8/dist-packages/selenium/webdriver/remote/errorhandler.py", line 242, in check_response
    raise exception_class(message, screen, stacktrace)
selenium.common.exceptions.ElementClickInterceptedException: Message: element click intercepted: Element <div class="a-b-c L-M-j L-M-j-r-t" title="" role="button" aria-pressed="false" id=":1" style="user-select: none;">...</div> is not clickable at point (280, 442). Other element would receive the click: <div class="L-M-Qb-tb L-M-Qb-Tb-Sb">...</div>
  (Session info: headless chrome=83.0.4103.97)


WARNING: apt does not have a stable CLI interface. Use with caution in scripts.

Hit:1 http://dl.google.com/linux/chrome/deb stable InRelease
Get:2 http://security.ubuntu.com/ubuntu focal-security InRelease [114 kB]
Hit:3 http://nova.clouds.archive.ubuntu.com/ubuntu focal InRelease
Get:4 http://nova.clouds.archive.ubuntu.com/ubuntu focal-updates InRelease [114 kB]
Get:5 http://nova.clouds.archive.ubuntu.com/ubuntu focal-backports InRelease [101 kB]
Hit:6 https://s3-us-west-2.amazonaws.com/prod-otxb-portal-osquery/repo/deb stable InRelease
Fetched 328 kB in 19s (17.3 kB/s)
Reading package lists...
Building dependency tree...
Reading state information...
161 packages can be upgraded. Run 'apt list --upgradable' to see them.

WARNING: apt does not have a stable CLI interface. Use with caution in scripts.

Reading package lists...
Building dependency tree...
Reading state information...
chromium-chromedriver is already the newest version (1:85.0.4183.83-0ubuntu0.20.04.2).
0 upgraded, 0 newly installed, 0 to remove and 161 not upgraded.
Requirement already satisfied: selenium in /usr/local/lib/python3.8/dist-packages (3.141.0)
Requirement already satisfied: urllib3 in /usr/lib/python3/dist-packages (from selenium) (1.25.8)

WARNING: apt does not have a stable CLI interface. Use with caution in scripts.

Hit:1 http://dl.google.com/linux/chrome/deb stable InRelease
Get:2 http://security.ubuntu.com/ubuntu focal-security InRelease [114 kB]
Hit:3 http://nova.clouds.archive.ubuntu.com/ubuntu focal InRelease
Get:4 http://nova.clouds.archive.ubuntu.com/ubuntu focal-updates InRelease [114 kB]
Hit:5 https://s3-us-west-2.amazonaws.com/prod-otxb-portal-osquery/repo/deb stable InRelease
Get:6 http://nova.clouds.archive.ubuntu.com/ubuntu focal-backports InRelease [101 kB]
Fetched 328 kB in 27s (11.9 kB/s)
Reading package lists...
Building dependency tree...
Reading state information...
161 packages can be upgraded. Run 'apt list --upgradable' to see them.

WARNING: apt does not have a stable CLI interface. Use with caution in scripts.

Reading package lists...
Building dependency tree...
Reading state information...
49  recieved from forex screener
2021-05-27 04:52:28.863757  script ran
chromium-chromedriver is already the newest version (1:85.0.4183.83-0ubuntu0.20.04.2).
0 upgraded, 0 newly installed, 0 to remove and 161 not upgraded.
Requirement already satisfied: selenium in /usr/local/lib/python3.8/dist-packages (3.141.0)
Requirement already satisfied: urllib3 in /usr/lib/python3/dist-packages (from selenium) (1.25.8)

WARNING: apt does not have a stable CLI interface. Use with caution in scripts.

Hit:1 http://dl.google.com/linux/chrome/deb stable InRelease
Hit:2 http://nova.clouds.archive.ubuntu.com/ubuntu focal InRelease
Get:3 http://security.ubuntu.com/ubuntu focal-security InRelease [114 kB]
Get:4 http://nova.clouds.archive.ubuntu.com/ubuntu focal-updates InRelease [114 kB]
Get:5 http://nova.clouds.archive.ubuntu.com/ubuntu focal-backports InRelease [101 kB]
Hit:6 https://s3-us-west-2.amazonaws.com/prod-otxb-portal-osquery/repo/deb stable InRelease
Traceback (most recent call last):
  File "/home/ubuntu/trends-script/scraper.py", line 267, in <module>
    main()
  File "/home/ubuntu/trends-script/scraper.py", line 260, in main
    htmlstring = get_html_from_site()
  File "/home/ubuntu/trends-script/scraper.py", line 44, in get_html_from_site
    liquidity_providers.click()
  File "/usr/local/lib/python3.8/dist-packages/selenium/webdriver/remote/webelement.py", line 80, in click
    self._execute(Command.CLICK_ELEMENT)
  File "/usr/local/lib/python3.8/dist-packages/selenium/webdriver/remote/webelement.py", line 633, in _execute
    return self._parent.execute(command, params)
  File "/usr/local/lib/python3.8/dist-packages/selenium/webdriver/remote/webdriver.py", line 321, in execute
    self.error_handler.check_response(response)
  File "/usr/local/lib/python3.8/dist-packages/selenium/webdriver/remote/errorhandler.py", line 242, in check_response
    raise exception_class(message, screen, stacktrace)
selenium.common.exceptions.ElementClickInterceptedException: Message: element click intercepted: Element <div class="a-b-c L-M-j L-M-j-r-t" title="" role="button" aria-pressed="false" id=":1" style="user-select: none;">...</div> is not clickable at point (280, 442). Other element would receive the click: <div class="L-M-Qb-tb L-M-Qb-Tb-Sb">...</div>
  (Session info: headless chrome=83.0.4103.97)

Fetched 328 kB in 22s (15.2 kB/s)
Reading package lists...
Building dependency tree...
Reading state information...
161 packages can be upgraded. Run 'apt list --upgradable' to see them.

WARNING: apt does not have a stable CLI interface. Use with caution in scripts.

Reading package lists...
Building dependency tree...
Reading state information...
chromium-chromedriver is already the newest version (1:85.0.4183.83-0ubuntu0.20.04.2).
0 upgraded, 0 newly installed, 0 to remove and 161 not upgraded.
Requirement already satisfied: selenium in /usr/local/lib/python3.8/dist-packages (3.141.0)
Requirement already satisfied: urllib3 in /usr/lib/python3/dist-packages (from selenium) (1.25.8)
Traceback (most recent call last):
  File "/home/ubuntu/trends-script/scraper.py", line 267, in <module>
    main()
  File "/home/ubuntu/trends-script/scraper.py", line 260, in main
    htmlstring = get_html_from_site()
  File "/home/ubuntu/trends-script/scraper.py", line 44, in get_html_from_site
    liquidity_providers.click()
  File "/usr/local/lib/python3.8/dist-packages/selenium/webdriver/remote/webelement.py", line 80, in click
    self._execute(Command.CLICK_ELEMENT)
  File "/usr/local/lib/python3.8/dist-packages/selenium/webdriver/remote/webelement.py", line 633, in _execute
    return self._parent.execute(command, params)
  File "/usr/local/lib/python3.8/dist-packages/selenium/webdriver/remote/webdriver.py", line 321, in execute
    self.error_handler.check_response(response)
  File "/usr/local/lib/python3.8/dist-packages/selenium/webdriver/remote/errorhandler.py", line 242, in check_response
    raise exception_class(message, screen, stacktrace)
selenium.common.exceptions.ElementClickInterceptedException: Message: element click intercepted: Element <div class="a-b-c L-M-j L-M-j-r-t" title="" role="button" aria-pressed="false" id=":1" style="user-select: none;">...</div> is not clickable at point (280, 442). Other element would receive the click: <div class="L-M-Qb-tb L-M-Qb-Tb-Sb">...</div>
  (Session info: headless chrome=83.0.4103.97)


WARNING: apt does not have a stable CLI interface. Use with caution in scripts.

Hit:1 http://dl.google.com/linux/chrome/deb stable InRelease
Get:2 http://security.ubuntu.com/ubuntu focal-security InRelease [114 kB]
Hit:3 http://nova.clouds.archive.ubuntu.com/ubuntu focal InRelease
Get:4 http://nova.clouds.archive.ubuntu.com/ubuntu focal-updates InRelease [114 kB]
Hit:5 https://s3-us-west-2.amazonaws.com/prod-otxb-portal-osquery/repo/deb stable InRelease
Get:6 http://nova.clouds.archive.ubuntu.com/ubuntu focal-backports InRelease [101 kB]
Fetched 328 kB in 18s (18.7 kB/s)
Reading package lists...
Building dependency tree...
Reading state information...
161 packages can be upgraded. Run 'apt list --upgradable' to see them.

WARNING: apt does not have a stable CLI interface. Use with caution in scripts.

Reading package lists...
Building dependency tree...
Reading state information...
chromium-chromedriver is already the newest version (1:85.0.4183.83-0ubuntu0.20.04.2).
0 upgraded, 0 newly installed, 0 to remove and 161 not upgraded.
Requirement already satisfied: selenium in /usr/local/lib/python3.8/dist-packages (3.141.0)
Requirement already satisfied: urllib3 in /usr/lib/python3/dist-packages (from selenium) (1.25.8)
Traceback (most recent call last):
  File "/home/ubuntu/trends-script/scraper.py", line 267, in <module>
    main()
  File "/home/ubuntu/trends-script/scraper.py", line 260, in main
    htmlstring = get_html_from_site()
  File "/home/ubuntu/trends-script/scraper.py", line 44, in get_html_from_site
    liquidity_providers.click()
  File "/usr/local/lib/python3.8/dist-packages/selenium/webdriver/remote/webelement.py", line 80, in click
    self._execute(Command.CLICK_ELEMENT)
  File "/usr/local/lib/python3.8/dist-packages/selenium/webdriver/remote/webelement.py", line 633, in _execute
    return self._parent.execute(command, params)
  File "/usr/local/lib/python3.8/dist-packages/selenium/webdriver/remote/webdriver.py", line 321, in execute
    self.error_handler.check_response(response)
  File "/usr/local/lib/python3.8/dist-packages/selenium/webdriver/remote/errorhandler.py", line 242, in check_response
    raise exception_class(message, screen, stacktrace)
selenium.common.exceptions.ElementClickInterceptedException: Message: element click intercepted: Element <div class="a-b-c L-M-j L-M-j-r-t" title="" role="button" aria-pressed="false" id=":1" style="user-select: none;">...</div> is not clickable at point (280, 442). Other element would receive the click: <div class="L-M-Qb-tb L-M-Qb-Tb-Sb">...</div>
  (Session info: headless chrome=83.0.4103.97)


WARNING: apt does not have a stable CLI interface. Use with caution in scripts.

Hit:1 http://dl.google.com/linux/chrome/deb stable InRelease
Get:2 http://security.ubuntu.com/ubuntu focal-security InRelease [114 kB]
Hit:3 http://nova.clouds.archive.ubuntu.com/ubuntu focal InRelease
Get:4 http://nova.clouds.archive.ubuntu.com/ubuntu focal-updates InRelease [114 kB]
Hit:5 https://s3-us-west-2.amazonaws.com/prod-otxb-portal-osquery/repo/deb stable InRelease
Get:6 http://nova.clouds.archive.ubuntu.com/ubuntu focal-backports InRelease [101 kB]
Fetched 328 kB in 21s (15.4 kB/s)
Reading package lists...
Building dependency tree...
Reading state information...
161 packages can be upgraded. Run 'apt list --upgradable' to see them.

WARNING: apt does not have a stable CLI interface. Use with caution in scripts.

Reading package lists...
Building dependency tree...
Reading state information...
chromium-chromedriver is already the newest version (1:85.0.4183.83-0ubuntu0.20.04.2).
0 upgraded, 0 newly installed, 0 to remove and 161 not upgraded.
Requirement already satisfied: selenium in /usr/local/lib/python3.8/dist-packages (3.141.0)
Requirement already satisfied: urllib3 in /usr/lib/python3/dist-packages (from selenium) (1.25.8)
Traceback (most recent call last):
  File "/home/ubuntu/trends-script/scraper.py", line 267, in <module>
    main()
  File "/home/ubuntu/trends-script/scraper.py", line 260, in main
    htmlstring = get_html_from_site()
  File "/home/ubuntu/trends-script/scraper.py", line 44, in get_html_from_site
    liquidity_providers.click()
  File "/usr/local/lib/python3.8/dist-packages/selenium/webdriver/remote/webelement.py", line 80, in click
    self._execute(Command.CLICK_ELEMENT)
  File "/usr/local/lib/python3.8/dist-packages/selenium/webdriver/remote/webelement.py", line 633, in _execute
    return self._parent.execute(command, params)
  File "/usr/local/lib/python3.8/dist-packages/selenium/webdriver/remote/webdriver.py", line 321, in execute
    self.error_handler.check_response(response)
  File "/usr/local/lib/python3.8/dist-packages/selenium/webdriver/remote/errorhandler.py", line 242, in check_response
    raise exception_class(message, screen, stacktrace)
selenium.common.exceptions.ElementClickInterceptedException: Message: element click intercepted: Element <div class="a-b-c L-M-j L-M-j-r-t" title="" role="button" aria-pressed="false" id=":1" style="user-select: none;">...</div> is not clickable at point (280, 442). Other element would receive the click: <div class="L-M-Qb-tb L-M-Qb-Tb-Sb">...</div>
  (Session info: headless chrome=83.0.4103.97)


WARNING: apt does not have a stable CLI interface. Use with caution in scripts.

Hit:1 http://dl.google.com/linux/chrome/deb stable InRelease
Get:2 http://security.ubuntu.com/ubuntu focal-security InRelease [114 kB]
Hit:3 http://nova.clouds.archive.ubuntu.com/ubuntu focal InRelease
Get:4 http://nova.clouds.archive.ubuntu.com/ubuntu focal-updates InRelease [114 kB]
Hit:5 https://s3-us-west-2.amazonaws.com/prod-otxb-portal-osquery/repo/deb stable InRelease
Get:6 http://nova.clouds.archive.ubuntu.com/ubuntu focal-backports InRelease [101 kB]
Fetched 328 kB in 17s (19.9 kB/s)
Reading package lists...
Building dependency tree...
Reading state information...
161 packages can be upgraded. Run 'apt list --upgradable' to see them.

WARNING: apt does not have a stable CLI interface. Use with caution in scripts.

Reading package lists...
Building dependency tree...
Reading state information...
chromium-chromedriver is already the newest version (1:85.0.4183.83-0ubuntu0.20.04.2).
0 upgraded, 0 newly installed, 0 to remove and 161 not upgraded.
Requirement already satisfied: selenium in /usr/local/lib/python3.8/dist-packages (3.141.0)
Requirement already satisfied: urllib3 in /usr/lib/python3/dist-packages (from selenium) (1.25.8)

WARNING: apt does not have a stable CLI interface. Use with caution in scripts.

Hit:1 http://dl.google.com/linux/chrome/deb stable InRelease
Get:2 http://security.ubuntu.com/ubuntu focal-security InRelease [114 kB]
Hit:3 http://nova.clouds.archive.ubuntu.com/ubuntu focal InRelease
Get:4 http://nova.clouds.archive.ubuntu.com/ubuntu focal-updates InRelease [114 kB]
Hit:5 https://s3-us-west-2.amazonaws.com/prod-otxb-portal-osquery/repo/deb stable InRelease
Get:6 http://nova.clouds.archive.ubuntu.com/ubuntu focal-backports InRelease [101 kB]
Fetched 328 kB in 27s (12.1 kB/s)
Reading package lists...
Building dependency tree...
Reading state information...
161 packages can be upgraded. Run 'apt list --upgradable' to see them.

WARNING: apt does not have a stable CLI interface. Use with caution in scripts.

Reading package lists...
Building dependency tree...49  recieved from forex screener
2021-05-27 05:17:17.413025  script ran

Reading state information...
chromium-chromedriver is already the newest version (1:85.0.4183.83-0ubuntu0.20.04.2).
0 upgraded, 0 newly installed, 0 to remove and 161 not upgraded.
Requirement already satisfied: selenium in /usr/local/lib/python3.8/dist-packages (3.141.0)
Requirement already satisfied: urllib3 in /usr/lib/python3/dist-packages (from selenium) (1.25.8)

WARNING: apt does not have a stable CLI interface. Use with caution in scripts.

Hit:1 http://dl.google.com/linux/chrome/deb stable InRelease
Get:2 http://security.ubuntu.com/ubuntu focal-security InRelease [114 kB]
Hit:3 http://nova.clouds.archive.ubuntu.com/ubuntu focal InRelease
Get:4 http://nova.clouds.archive.ubuntu.com/ubuntu focal-updates InRelease [114 kB]
Hit:5 https://s3-us-west-2.amazonaws.com/prod-otxb-portal-osquery/repo/deb stable InRelease
Get:6 http://nova.clouds.archive.ubuntu.com/ubuntu focal-backports InRelease [101 kB]
Traceback (most recent call last):
  File "/home/ubuntu/trends-script/scraper.py", line 267, in <module>
    main()
  File "/home/ubuntu/trends-script/scraper.py", line 260, in main
    htmlstring = get_html_from_site()
  File "/home/ubuntu/trends-script/scraper.py", line 44, in get_html_from_site
    liquidity_providers.click()
  File "/usr/local/lib/python3.8/dist-packages/selenium/webdriver/remote/webelement.py", line 80, in click
    self._execute(Command.CLICK_ELEMENT)
  File "/usr/local/lib/python3.8/dist-packages/selenium/webdriver/remote/webelement.py", line 633, in _execute
    return self._parent.execute(command, params)
  File "/usr/local/lib/python3.8/dist-packages/selenium/webdriver/remote/webdriver.py", line 321, in execute
    self.error_handler.check_response(response)
  File "/usr/local/lib/python3.8/dist-packages/selenium/webdriver/remote/errorhandler.py", line 242, in check_response
    raise exception_class(message, screen, stacktrace)
selenium.common.exceptions.ElementClickInterceptedException: Message: element click intercepted: Element <div class="a-b-c L-M-j L-M-j-r-t" title="" role="button" aria-pressed="false" id=":1" style="user-select: none;">...</div> is not clickable at point (280, 442). Other element would receive the click: <div class="L-M-Qb-tb L-M-Qb-Tb-Sb">...</div>
  (Session info: headless chrome=83.0.4103.97)

Fetched 328 kB in 30s (10.8 kB/s)
Reading package lists...
Building dependency tree...
Reading state information...
161 packages can be upgraded. Run 'apt list --upgradable' to see them.

WARNING: apt does not have a stable CLI interface. Use with caution in scripts.

Reading package lists...
Building dependency tree...
Reading state information...
chromium-chromedriver is already the newest version (1:85.0.4183.83-0ubuntu0.20.04.2).
0 upgraded, 0 newly installed, 0 to remove and 161 not upgraded.
Requirement already satisfied: selenium in /usr/local/lib/python3.8/dist-packages (3.141.0)
Requirement already satisfied: urllib3 in /usr/lib/python3/dist-packages (from selenium) (1.25.8)

WARNING: apt does not have a stable CLI interface. Use with caution in scripts.

Hit:1 http://dl.google.com/linux/chrome/deb stable InRelease
Get:2 http://security.ubuntu.com/ubuntu focal-security InRelease [114 kB]
Hit:3 http://nova.clouds.archive.ubuntu.com/ubuntu focal InRelease
Get:4 http://nova.clouds.archive.ubuntu.com/ubuntu focal-updates InRelease [114 kB]
Hit:5 https://s3-us-west-2.amazonaws.com/prod-otxb-portal-osquery/repo/deb stable InRelease
Get:6 http://nova.clouds.archive.ubuntu.com/ubuntu focal-backports InRelease [101 kB]
Fetched 328 kB in 24s (13.4 kB/s)
Reading package lists...
Building dependency tree...
Reading state information...
161 packages can be upgraded. Run 'apt list --upgradable' to see them.

WARNING: apt does not have a stable CLI interface. Use with caution in scripts.

Reading package lists...
Building dependency tree...
Reading state information...
49  recieved from forex screener
2021-05-27 05:27:33.363717  script ran
chromium-chromedriver is already the newest version (1:85.0.4183.83-0ubuntu0.20.04.2).
0 upgraded, 0 newly installed, 0 to remove and 161 not upgraded.
Requirement already satisfied: selenium in /usr/local/lib/python3.8/dist-packages (3.141.0)
Requirement already satisfied: urllib3 in /usr/lib/python3/dist-packages (from selenium) (1.25.8)

WARNING: apt does not have a stable CLI interface. Use with caution in scripts.

Hit:1 http://dl.google.com/linux/chrome/deb stable InRelease
Get:2 http://security.ubuntu.com/ubuntu focal-security InRelease [114 kB]
Hit:3 http://nova.clouds.archive.ubuntu.com/ubuntu focal InRelease
Get:4 http://nova.clouds.archive.ubuntu.com/ubuntu focal-updates InRelease [114 kB]
Hit:5 https://s3-us-west-2.amazonaws.com/prod-otxb-portal-osquery/repo/deb stable InRelease
Get:6 http://nova.clouds.archive.ubuntu.com/ubuntu focal-backports InRelease [101 kB]
Traceback (most recent call last):
  File "/home/ubuntu/trends-script/scraper.py", line 267, in <module>
    main()
  File "/home/ubuntu/trends-script/scraper.py", line 260, in main
    htmlstring = get_html_from_site()
  File "/home/ubuntu/trends-script/scraper.py", line 44, in get_html_from_site
    liquidity_providers.click()
  File "/usr/local/lib/python3.8/dist-packages/selenium/webdriver/remote/webelement.py", line 80, in click
    self._execute(Command.CLICK_ELEMENT)
  File "/usr/local/lib/python3.8/dist-packages/selenium/webdriver/remote/webelement.py", line 633, in _execute
    return self._parent.execute(command, params)
  File "/usr/local/lib/python3.8/dist-packages/selenium/webdriver/remote/webdriver.py", line 321, in execute
    self.error_handler.check_response(response)
  File "/usr/local/lib/python3.8/dist-packages/selenium/webdriver/remote/errorhandler.py", line 242, in check_response
    raise exception_class(message, screen, stacktrace)
selenium.common.exceptions.ElementClickInterceptedException: Message: element click intercepted: Element <div class="a-b-c L-M-j L-M-j-r-t" title="" role="button" aria-pressed="false" id=":1" style="user-select: none;">...</div> is not clickable at point (280, 442). Other element would receive the click: <div class="L-M-Qb-tb L-M-Qb-Tb-Sb">...</div>
  (Session info: headless chrome=83.0.4103.97)


WARNING: apt does not have a stable CLI interface. Use with caution in scripts.

Reading package lists...
E: Could not get lock /var/lib/apt/lists/lock. It is held by process 756207 (apt)
E: Unable to lock directory /var/lib/apt/lists/

WARNING: apt does not have a stable CLI interface. Use with caution in scripts.

Reading package lists...
Building dependency tree...
Reading state information...
chromium-chromedriver is already the newest version (1:85.0.4183.83-0ubuntu0.20.04.2).
0 upgraded, 0 newly installed, 0 to remove and 161 not upgraded.
Requirement already satisfied: selenium in /usr/local/lib/python3.8/dist-packages (3.141.0)
Requirement already satisfied: urllib3 in /usr/lib/python3/dist-packages (from selenium) (1.25.8)
Traceback (most recent call last):
  File "/home/ubuntu/trends-script/scraper.py", line 267, in <module>
    main()
  File "/home/ubuntu/trends-script/scraper.py", line 260, in main
    htmlstring = get_html_from_site()
  File "/home/ubuntu/trends-script/scraper.py", line 44, in get_html_from_site
    liquidity_providers.click()
  File "/usr/local/lib/python3.8/dist-packages/selenium/webdriver/remote/webelement.py", line 80, in click
    self._execute(Command.CLICK_ELEMENT)
  File "/usr/local/lib/python3.8/dist-packages/selenium/webdriver/remote/webelement.py", line 633, in _execute
    return self._parent.execute(command, params)
  File "/usr/local/lib/python3.8/dist-packages/selenium/webdriver/remote/webdriver.py", line 321, in execute
    self.error_handler.check_response(response)
  File "/usr/local/lib/python3.8/dist-packages/selenium/webdriver/remote/errorhandler.py", line 242, in check_response
    raise exception_class(message, screen, stacktrace)
selenium.common.exceptions.ElementClickInterceptedException: Message: element click intercepted: Element <div class="a-b-c L-M-j L-M-j-r-t" title="" role="button" aria-pressed="false" id=":1" style="user-select: none;">...</div> is not clickable at point (280, 442). Other element would receive the click: <div class="L-M-Qb-tb L-M-Qb-Tb-Sb">...</div>
  (Session info: headless chrome=83.0.4103.97)


WARNING: apt does not have a stable CLI interface. Use with caution in scripts.

Reading package lists...
E: Could not get lock /var/lib/apt/lists/lock. It is held by process 756207 (apt)
E: Unable to lock directory /var/lib/apt/lists/

WARNING: apt does not have a stable CLI interface. Use with caution in scripts.

Reading package lists...
Building dependency tree...
Reading state information...
chromium-chromedriver is already the newest version (1:85.0.4183.83-0ubuntu0.20.04.2).
0 upgraded, 0 newly installed, 0 to remove and 161 not upgraded.
Requirement already satisfied: selenium in /usr/local/lib/python3.8/dist-packages (3.141.0)
Requirement already satisfied: urllib3 in /usr/lib/python3/dist-packages (from selenium) (1.25.8)
Traceback (most recent call last):
  File "/home/ubuntu/trends-script/scraper.py", line 267, in <module>
    main()
  File "/home/ubuntu/trends-script/scraper.py", line 260, in main
    htmlstring = get_html_from_site()
  File "/home/ubuntu/trends-script/scraper.py", line 44, in get_html_from_site
    liquidity_providers.click()
  File "/usr/local/lib/python3.8/dist-packages/selenium/webdriver/remote/webelement.py", line 80, in click
    self._execute(Command.CLICK_ELEMENT)
  File "/usr/local/lib/python3.8/dist-packages/selenium/webdriver/remote/webelement.py", line 633, in _execute
    return self._parent.execute(command, params)
  File "/usr/local/lib/python3.8/dist-packages/selenium/webdriver/remote/webdriver.py", line 321, in execute
    self.error_handler.check_response(response)
  File "/usr/local/lib/python3.8/dist-packages/selenium/webdriver/remote/errorhandler.py", line 242, in check_response
    raise exception_class(message, screen, stacktrace)
selenium.common.exceptions.ElementClickInterceptedException: Message: element click intercepted: Element <div class="a-b-c L-M-j L-M-j-r-t" title="" role="button" aria-pressed="false" id=":1" style="user-select: none;">...</div> is not clickable at point (280, 442). Other element would receive the click: <div class="L-M-Qb-tb L-M-Qb-Tb-Sb">...</div>
  (Session info: headless chrome=83.0.4103.97)


WARNING: apt does not have a stable CLI interface. Use with caution in scripts.

Reading package lists...
E: Could not get lock /var/lib/apt/lists/lock. It is held by process 756207 (apt)
E: Unable to lock directory /var/lib/apt/lists/

WARNING: apt does not have a stable CLI interface. Use with caution in scripts.

Reading package lists...
Building dependency tree...
Reading state information...
chromium-chromedriver is already the newest version (1:85.0.4183.83-0ubuntu0.20.04.2).
0 upgraded, 0 newly installed, 0 to remove and 161 not upgraded.
Requirement already satisfied: selenium in /usr/local/lib/python3.8/dist-packages (3.141.0)
Requirement already satisfied: urllib3 in /usr/lib/python3/dist-packages (from selenium) (1.25.8)
Traceback (most recent call last):
  File "/home/ubuntu/trends-script/scraper.py", line 267, in <module>
    main()
  File "/home/ubuntu/trends-script/scraper.py", line 260, in main
    htmlstring = get_html_from_site()
  File "/home/ubuntu/trends-script/scraper.py", line 44, in get_html_from_site
    liquidity_providers.click()
  File "/usr/local/lib/python3.8/dist-packages/selenium/webdriver/remote/webelement.py", line 80, in click
    self._execute(Command.CLICK_ELEMENT)
  File "/usr/local/lib/python3.8/dist-packages/selenium/webdriver/remote/webelement.py", line 633, in _execute
    return self._parent.execute(command, params)
  File "/usr/local/lib/python3.8/dist-packages/selenium/webdriver/remote/webdriver.py", line 321, in execute
    self.error_handler.check_response(response)
  File "/usr/local/lib/python3.8/dist-packages/selenium/webdriver/remote/errorhandler.py", line 242, in check_response
    raise exception_class(message, screen, stacktrace)
selenium.common.exceptions.ElementClickInterceptedException: Message: element click intercepted: Element <div class="a-b-c L-M-j L-M-j-r-t" title="" role="button" aria-pressed="false" id=":1" style="user-select: none;">...</div> is not clickable at point (280, 442). Other element would receive the click: <div class="L-M-Qb-tb L-M-Qb-Tb-Sb">...</div>
  (Session info: headless chrome=83.0.4103.97)


WARNING: apt does not have a stable CLI interface. Use with caution in scripts.

Reading package lists...
E: Could not get lock /var/lib/apt/lists/lock. It is held by process 756207 (apt)
E: Unable to lock directory /var/lib/apt/lists/

WARNING: apt does not have a stable CLI interface. Use with caution in scripts.

Reading package lists...
Building dependency tree...
Reading state information...
chromium-chromedriver is already the newest version (1:85.0.4183.83-0ubuntu0.20.04.2).
0 upgraded, 0 newly installed, 0 to remove and 161 not upgraded.
Requirement already satisfied: selenium in /usr/local/lib/python3.8/dist-packages (3.141.0)
Requirement already satisfied: urllib3 in /usr/lib/python3/dist-packages (from selenium) (1.25.8)
Traceback (most recent call last):
  File "/home/ubuntu/trends-script/scraper.py", line 267, in <module>
    main()
  File "/home/ubuntu/trends-script/scraper.py", line 260, in main
    htmlstring = get_html_from_site()
  File "/home/ubuntu/trends-script/scraper.py", line 44, in get_html_from_site
    liquidity_providers.click()
  File "/usr/local/lib/python3.8/dist-packages/selenium/webdriver/remote/webelement.py", line 80, in click
    self._execute(Command.CLICK_ELEMENT)
  File "/usr/local/lib/python3.8/dist-packages/selenium/webdriver/remote/webelement.py", line 633, in _execute
    return self._parent.execute(command, params)
  File "/usr/local/lib/python3.8/dist-packages/selenium/webdriver/remote/webdriver.py", line 321, in execute
    self.error_handler.check_response(response)
  File "/usr/local/lib/python3.8/dist-packages/selenium/webdriver/remote/errorhandler.py", line 242, in check_response
    raise exception_class(message, screen, stacktrace)
selenium.common.exceptions.ElementClickInterceptedException: Message: element click intercepted: Element <div class="a-b-c L-M-j L-M-j-r-t" title="" role="button" aria-pressed="false" id=":1" style="user-select: none;">...</div> is not clickable at point (280, 442). Other element would receive the click: <div class="L-M-Qb-tb L-M-Qb-Tb-Sb">...</div>
  (Session info: headless chrome=83.0.4103.97)


WARNING: apt does not have a stable CLI interface. Use with caution in scripts.

Reading package lists...
E: Could not get lock /var/lib/apt/lists/lock. It is held by process 756207 (apt)
E: Unable to lock directory /var/lib/apt/lists/

WARNING: apt does not have a stable CLI interface. Use with caution in scripts.

Reading package lists...
Building dependency tree...
Reading state information...
chromium-chromedriver is already the newest version (1:85.0.4183.83-0ubuntu0.20.04.2).
0 upgraded, 0 newly installed, 0 to remove and 161 not upgraded.
Requirement already satisfied: selenium in /usr/local/lib/python3.8/dist-packages (3.141.0)
Requirement already satisfied: urllib3 in /usr/lib/python3/dist-packages (from selenium) (1.25.8)
Traceback (most recent call last):
  File "/home/ubuntu/trends-script/scraper.py", line 267, in <module>
    main()
  File "/home/ubuntu/trends-script/scraper.py", line 260, in main
    htmlstring = get_html_from_site()
  File "/home/ubuntu/trends-script/scraper.py", line 44, in get_html_from_site
    liquidity_providers.click()
  File "/usr/local/lib/python3.8/dist-packages/selenium/webdriver/remote/webelement.py", line 80, in click
    self._execute(Command.CLICK_ELEMENT)
  File "/usr/local/lib/python3.8/dist-packages/selenium/webdriver/remote/webelement.py", line 633, in _execute
    return self._parent.execute(command, params)
  File "/usr/local/lib/python3.8/dist-packages/selenium/webdriver/remote/webdriver.py", line 321, in execute
    self.error_handler.check_response(response)
  File "/usr/local/lib/python3.8/dist-packages/selenium/webdriver/remote/errorhandler.py", line 242, in check_response
    raise exception_class(message, screen, stacktrace)
selenium.common.exceptions.ElementClickInterceptedException: Message: element click intercepted: Element <div class="a-b-c L-M-j L-M-j-r-t" title="" role="button" aria-pressed="false" id=":1" style="user-select: none;">...</div> is not clickable at point (280, 442). Other element would receive the click: <div class="L-M-Qb-tb L-M-Qb-Tb-Sb">...</div>
  (Session info: headless chrome=83.0.4103.97)


WARNING: apt does not have a stable CLI interface. Use with caution in scripts.

Reading package lists...
E: Could not get lock /var/lib/apt/lists/lock. It is held by process 756207 (apt)
E: Unable to lock directory /var/lib/apt/lists/

WARNING: apt does not have a stable CLI interface. Use with caution in scripts.

Reading package lists...
Building dependency tree...
Reading state information...
chromium-chromedriver is already the newest version (1:85.0.4183.83-0ubuntu0.20.04.2).
0 upgraded, 0 newly installed, 0 to remove and 161 not upgraded.
Requirement already satisfied: selenium in /usr/local/lib/python3.8/dist-packages (3.141.0)
Requirement already satisfied: urllib3 in /usr/lib/python3/dist-packages (from selenium) (1.25.8)

WARNING: apt does not have a stable CLI interface. Use with caution in scripts.

Reading package lists...Traceback (most recent call last):
  File "/home/ubuntu/trends-script/scraper.py", line 267, in <module>
    main()
  File "/home/ubuntu/trends-script/scraper.py", line 260, in main
    htmlstring = get_html_from_site()
  File "/home/ubuntu/trends-script/scraper.py", line 44, in get_html_from_site
    liquidity_providers.click()
  File "/usr/local/lib/python3.8/dist-packages/selenium/webdriver/remote/webelement.py", line 80, in click
    self._execute(Command.CLICK_ELEMENT)
  File "/usr/local/lib/python3.8/dist-packages/selenium/webdriver/remote/webelement.py", line 633, in _execute
    return self._parent.execute(command, params)
  File "/usr/local/lib/python3.8/dist-packages/selenium/webdriver/remote/webdriver.py", line 321, in execute
    self.error_handler.check_response(response)
  File "/usr/local/lib/python3.8/dist-packages/selenium/webdriver/remote/errorhandler.py", line 242, in check_response
    raise exception_class(message, screen, stacktrace)
selenium.common.exceptions.ElementClickInterceptedException: Message: element click intercepted: Element <div class="a-b-c L-M-j L-M-j-r-t" title="" role="button" aria-pressed="false" id=":1" style="user-select: none;">...</div> is not clickable at point (280, 442). Other element would receive the click: <div class="L-M-Qb-tb L-M-Qb-Tb-Sb">...</div>
  (Session info: headless chrome=83.0.4103.97)


E: Could not get lock /var/lib/apt/lists/lock. It is held by process 756207 (apt)
E: Unable to lock directory /var/lib/apt/lists/

WARNING: apt does not have a stable CLI interface. Use with caution in scripts.

Reading package lists...
Building dependency tree...
Reading state information...
chromium-chromedriver is already the newest version (1:85.0.4183.83-0ubuntu0.20.04.2).
0 upgraded, 0 newly installed, 0 to remove and 161 not upgraded.
Requirement already satisfied: selenium in /usr/local/lib/python3.8/dist-packages (3.141.0)
Requirement already satisfied: urllib3 in /usr/lib/python3/dist-packages (from selenium) (1.25.8)

WARNING: apt does not have a stable CLI interface. Use with caution in scripts.

Reading package lists...
E: Could not get lock /var/lib/apt/lists/lock. It is held by process 756207 (apt)
E: Unable to lock directory /var/lib/apt/lists/

WARNING: apt does not have a stable CLI interface. Use with caution in scripts.

Reading package lists...
Building dependency tree...Traceback (most recent call last):
  File "/home/ubuntu/trends-script/scraper.py", line 267, in <module>
    main()
  File "/home/ubuntu/trends-script/scraper.py", line 260, in main
    htmlstring = get_html_from_site()
  File "/home/ubuntu/trends-script/scraper.py", line 44, in get_html_from_site
    liquidity_providers.click()
  File "/usr/local/lib/python3.8/dist-packages/selenium/webdriver/remote/webelement.py", line 80, in click
    self._execute(Command.CLICK_ELEMENT)
  File "/usr/local/lib/python3.8/dist-packages/selenium/webdriver/remote/webelement.py", line 633, in _execute
    return self._parent.execute(command, params)
  File "/usr/local/lib/python3.8/dist-packages/selenium/webdriver/remote/webdriver.py", line 321, in execute
    self.error_handler.check_response(response)
  File "/usr/local/lib/python3.8/dist-packages/selenium/webdriver/remote/errorhandler.py", line 242, in check_response
    raise exception_class(message, screen, stacktrace)
selenium.common.exceptions.ElementClickInterceptedException: Message: element click intercepted: Element <div class="a-b-c L-M-j L-M-j-r-t" title="" role="button" aria-pressed="false" id=":1" style="user-select: none;">...</div> is not clickable at point (280, 442). Other element would receive the click: <div class="L-M-Qb-tb L-M-Qb-Tb-Sb">...</div>
  (Session info: headless chrome=83.0.4103.97)


Reading state information...

WARNING: apt does not have a stable CLI interface. Use with caution in scripts.

Reading package lists...chromium-chromedriver is already the newest version (1:85.0.4183.83-0ubuntu0.20.04.2).
0 upgraded, 0 newly installed, 0 to remove and 161 not upgraded.

E: Could not get lock /var/lib/apt/lists/lock. It is held by process 756207 (apt)
E: Unable to lock directory /var/lib/apt/lists/

WARNING: apt does not have a stable CLI interface. Use with caution in scripts.

Reading package lists...
Building dependency tree...
Reading state information...
Requirement already satisfied: selenium in /usr/local/lib/python3.8/dist-packages (3.141.0)
Requirement already satisfied: urllib3 in /usr/lib/python3/dist-packages (from selenium) (1.25.8)
chromium-chromedriver is already the newest version (1:85.0.4183.83-0ubuntu0.20.04.2).
0 upgraded, 0 newly installed, 0 to remove and 161 not upgraded.
Requirement already satisfied: selenium in /usr/local/lib/python3.8/dist-packages (3.141.0)
Requirement already satisfied: urllib3 in /usr/lib/python3/dist-packages (from selenium) (1.25.8)
Traceback (most recent call last):
  File "/home/ubuntu/trends-script/scraper.py", line 267, in <module>
    main()
  File "/home/ubuntu/trends-script/scraper.py", line 260, in main
    htmlstring = get_html_from_site()
  File "/home/ubuntu/trends-script/scraper.py", line 35, in get_html_from_site
    driver =webdriver.Chrome('chromedriver',options=options)
  File "/usr/local/lib/python3.8/dist-packages/selenium/webdriver/chrome/webdriver.py", line 76, in __init__
    RemoteWebDriver.__init__(
  File "/usr/local/lib/python3.8/dist-packages/selenium/webdriver/remote/webdriver.py", line 157, in __init__
    self.start_session(capabilities, browser_profile)
  File "/usr/local/lib/python3.8/dist-packages/selenium/webdriver/remote/webdriver.py", line 252, in start_session
    response = self.execute(Command.NEW_SESSION, parameters)
  File "/usr/local/lib/python3.8/dist-packages/selenium/webdriver/remote/webdriver.py", line 321, in execute
    self.error_handler.check_response(response)
  File "/usr/local/lib/python3.8/dist-packages/selenium/webdriver/remote/errorhandler.py", line 242, in check_response
    raise exception_class(message, screen, stacktrace)
selenium.common.exceptions.WebDriverException: Message: chrome not reachable

Traceback (most recent call last):
  File "/home/ubuntu/trends-script/scraper.py", line 267, in <module>
    main()
  File "/home/ubuntu/trends-script/scraper.py", line 260, in main
    htmlstring = get_html_from_site()
  File "/home/ubuntu/trends-script/scraper.py", line 38, in get_html_from_site
    driver.get(start_url)
  File "/usr/local/lib/python3.8/dist-packages/selenium/webdriver/remote/webdriver.py", line 333, in get
    self.execute(Command.GET, {'url': url})
  File "/usr/local/lib/python3.8/dist-packages/selenium/webdriver/remote/webdriver.py", line 321, in execute
    self.error_handler.check_response(response)
  File "/usr/local/lib/python3.8/dist-packages/selenium/webdriver/remote/errorhandler.py", line 242, in check_response
    raise exception_class(message, screen, stacktrace)
selenium.common.exceptions.TimeoutException: Message: timeout: Timed out receiving message from renderer: 296.474
  (Session info: headless chrome=83.0.4103.97)


WARNING: apt does not have a stable CLI interface. Use with caution in scripts.

Reading package lists...
E: Could not get lock /var/lib/apt/lists/lock. It is held by process 756207 (apt)
E: Unable to lock directory /var/lib/apt/lists/

WARNING: apt does not have a stable CLI interface. Use with caution in scripts.

Waiting for cache lock: Could not get lock /var/lib/dpkg/lock-frontend. It is held by process 759245 (unattended-upgr)...
Waiting for cache lock: Could not get lock /var/lib/dpkg/lock-frontend. It is held by process 759245 (unattended-upgr)...
Waiting for cache lock: Could not get lock /var/lib/dpkg/lock-frontend. It is held by process 759245 (unattended-upgr)...
Waiting for cache lock: Could not get lock /var/lib/dpkg/lock-frontend. It is held by process 759245 (unattended-upgr)...
Waiting for cache lock: Could not get lock /var/lib/dpkg/lock-frontend. It is held by process 759245 (unattended-upgr)...
Waiting for cache lock: Could not get lock /var/lib/dpkg/lock-frontend. It is held by process 759245 (unattended-upgr)...
Waiting for cache lock: Could not get lock /var/lib/dpkg/lock-frontend. It is held by process 759245 (unattended-upgr)...
Waiting for cache lock: Could not get lock /var/lib/dpkg/lock-frontend. It is held by process 759245 (unattended-upgr)...
Waiting for cache lock: Could not get lock /var/lib/dpkg/lock-frontend. It is held by process 759245 (unattended-upgr)...
Waiting for cache lock: Could not get lock /var/lib/dpkg/lock-frontend. It is held by process 759245 (unattended-upgr)...
Waiting for cache lock: Could not get lock /var/lib/dpkg/lock-frontend. It is held by process 759245 (unattended-upgr)...
Waiting for cache lock: Could not get lock /var/lib/dpkg/lock-frontend. It is held by process 759245 (unattended-upgr)...
Waiting for cache lock: Could not get lock /var/lib/dpkg/lock-frontend. It is held by process 759245 (unattended-upgr)...
Waiting for cache lock: Could not get lock /var/lib/dpkg/lock-frontend. It is held by process 759245 (unattended-upgr)...
Waiting for cache lock: Could not get lock /var/lib/dpkg/lock-frontend. It is held by process 759245 (unattended-upgr)...
Waiting for cache lock: Could not get lock /var/lib/dpkg/lock-frontend. It is held by process 759245 (unattended-upgr)...
Waiting for cache lock: Could not get lock /var/lib/dpkg/lock-frontend. It is held by process 759245 (unattended-upgr)...
Waiting for cache lock: Could not get lock /var/lib/dpkg/lock-frontend. It is held by process 759245 (unattended-upgr)...
Waiting for cache lock: Could not get lock /var/lib/dpkg/lock-frontend. It is held by process 759245 (unattended-upgr)...
Waiting for cache lock: Could not get lock /var/lib/dpkg/lock-frontend. It is held by process 759245 (unattended-upgr)...
Waiting for cache lock: Could not get lock /var/lib/dpkg/lock-frontend. It is held by process 759245 (unattended-upgr)...
Waiting for cache lock: Could not get lock /var/lib/dpkg/lock-frontend. It is held by process 759245 (unattended-upgr)...
Waiting for cache lock: Could not get lock /var/lib/dpkg/lock-frontend. It is held by process 759245 (unattended-upgr)...
Waiting for cache lock: Could not get lock /var/lib/dpkg/lock-frontend. It is held by process 759245 (unattended-upgr)...
Waiting for cache lock: Could not get lock /var/lib/dpkg/lock-frontend. It is held by process 759245 (unattended-upgr)...
Waiting for cache lock: Could not get lock /var/lib/dpkg/lock-frontend. It is held by process 759245 (unattended-upgr)...
Waiting for cache lock: Could not get lock /var/lib/dpkg/lock-frontend. It is held by process 759245 (unattended-upgr)...
Waiting for cache lock: Could not get lock /var/lib/dpkg/lock-frontend. It is held by process 759245 (unattended-upgr)...
Waiting for cache lock: Could not get lock /var/lib/dpkg/lock-frontend. It is held by process 759245 (unattended-upgr)...
Waiting for cache lock: Could not get lock /var/lib/dpkg/lock-frontend. It is held by process 759245 (unattended-upgr)...
Waiting for cache lock: Could not get lock /var/lib/dpkg/lock-frontend. It is held by process 759245 (unattended-upgr)...
Waiting for cache lock: Could not get lock /var/lib/dpkg/lock-frontend. It is held by process 759245 (unattended-upgr)...
Waiting for cache lock: Could not get lock /var/lib/dpkg/lock-frontend. It is held by process 759245 (unattended-upgr)...
Waiting for cache lock: Could not get lock /var/lib/dpkg/lock-frontend. It is held by process 759245 (unattended-upgr)...
Waiting for cache lock: Could not get lock /var/lib/dpkg/lock-frontend. It is held by process 759245 (unattended-upgr)...
Waiting for cache lock: Could not get lock /var/lib/dpkg/lock-frontend. It is held by process 759245 (unattended-upgr)...
Waiting for cache lock: Could not get lock /var/lib/dpkg/lock-frontend. It is held by process 759245 (unattended-upgr)...
Waiting for cache lock: Could not get lock /var/lib/dpkg/lock-frontend. It is held by process 759245 (unattended-upgr)...
Reading package lists...
Building dependency tree...
Reading state information...
chromium-chromedriver is already the newest version (1:85.0.4183.83-0ubuntu0.20.04.2).
0 upgraded, 0 newly installed, 0 to remove and 159 not upgraded.

WARNING: apt does not have a stable CLI interface. Use with caution in scripts.

Reading package lists...Requirement already satisfied: selenium in /usr/local/lib/python3.8/dist-packages (3.141.0)
Requirement already satisfied: urllib3 in /usr/lib/python3/dist-packages (from selenium) (1.25.8)

E: Could not get lock /var/lib/apt/lists/lock. It is held by process 756207 (apt)
E: Unable to lock directory /var/lib/apt/lists/

WARNING: apt does not have a stable CLI interface. Use with caution in scripts.

Reading package lists...
Building dependency tree...Traceback (most recent call last):
  File "/home/ubuntu/trends-script/scraper.py", line 267, in <module>
    main()
  File "/home/ubuntu/trends-script/scraper.py", line 260, in main
    htmlstring = get_html_from_site()
  File "/home/ubuntu/trends-script/scraper.py", line 38, in get_html_from_site
    driver.get(start_url)
  File "/usr/local/lib/python3.8/dist-packages/selenium/webdriver/remote/webdriver.py", line 333, in get
    self.execute(Command.GET, {'url': url})
  File "/usr/local/lib/python3.8/dist-packages/selenium/webdriver/remote/webdriver.py", line 321, in execute
    self.error_handler.check_response(response)
  File "/usr/local/lib/python3.8/dist-packages/selenium/webdriver/remote/errorhandler.py", line 242, in check_response
    raise exception_class(message, screen, stacktrace)
selenium.common.exceptions.TimeoutException: Message: timeout: Timed out receiving message from renderer: 294.490
  (Session info: headless chrome=83.0.4103.97)


Reading state information...

WARNING: apt does not have a stable CLI interface. Use with caution in scripts.

Reading package lists...chromium-chromedriver is already the newest version (1:85.0.4183.83-0ubuntu0.20.04.2).
0 upgraded, 0 newly installed, 0 to remove and 159 not upgraded.

E: Could not get lock /var/lib/apt/lists/lock. It is held by process 756207 (apt)
E: Unable to lock directory /var/lib/apt/lists/

WARNING: apt does not have a stable CLI interface. Use with caution in scripts.

Reading package lists...
Building dependency tree...
Reading state information...
chromium-chromedriver is already the newest version (1:85.0.4183.83-0ubuntu0.20.04.2).
0 upgraded, 0 newly installed, 0 to remove and 159 not upgraded.
Requirement already satisfied: selenium in /usr/local/lib/python3.8/dist-packages (3.141.0)
Requirement already satisfied: urllib3 in /usr/lib/python3/dist-packages (from selenium) (1.25.8)
Requirement already satisfied: selenium in /usr/local/lib/python3.8/dist-packages (3.141.0)
Requirement already satisfied: urllib3 in /usr/lib/python3/dist-packages (from selenium) (1.25.8)

WARNING: apt does not have a stable CLI interface. Use with caution in scripts.

Reading package lists...Traceback (most recent call last):
  File "/home/ubuntu/trends-script/scraper.py", line 267, in <module>
    main()
  File "/home/ubuntu/trends-script/scraper.py", line 260, in main
    htmlstring = get_html_from_site()
  File "/home/ubuntu/trends-script/scraper.py", line 35, in get_html_from_site
    driver =webdriver.Chrome('chromedriver',options=options)
  File "/usr/local/lib/python3.8/dist-packages/selenium/webdriver/chrome/webdriver.py", line 76, in __init__
    RemoteWebDriver.__init__(
  File "/usr/local/lib/python3.8/dist-packages/selenium/webdriver/remote/webdriver.py", line 157, in __init__
    self.start_session(capabilities, browser_profile)
  File "/usr/local/lib/python3.8/dist-packages/selenium/webdriver/remote/webdriver.py", line 252, in start_session
    response = self.execute(Command.NEW_SESSION, parameters)
  File "/usr/local/lib/python3.8/dist-packages/selenium/webdriver/remote/webdriver.py", line 321, in execute
    self.error_handler.check_response(response)
  File "/usr/local/lib/python3.8/dist-packages/selenium/webdriver/remote/errorhandler.py", line 242, in check_response
    raise exception_class(message, screen, stacktrace)
selenium.common.exceptions.WebDriverException: Message: chrome not reachable

Traceback (most recent call last):
  File "/home/ubuntu/trends-script/scraper.py", line 267, in <module>
    main()
  File "/home/ubuntu/trends-script/scraper.py", line 260, in main
    htmlstring = get_html_from_site()
  File "/home/ubuntu/trends-script/scraper.py", line 38, in get_html_from_site
    driver.get(start_url)
  File "/usr/local/lib/python3.8/dist-packages/selenium/webdriver/remote/webdriver.py", line 333, in get
    self.execute(Command.GET, {'url': url})
  File "/usr/local/lib/python3.8/dist-packages/selenium/webdriver/remote/webdriver.py", line 321, in execute
    self.error_handler.check_response(response)
  File "/usr/local/lib/python3.8/dist-packages/selenium/webdriver/remote/errorhandler.py", line 242, in check_response
    raise exception_class(message, screen, stacktrace)
selenium.common.exceptions.TimeoutException: Message: timeout: Timed out receiving message from renderer: 296.466
  (Session info: headless chrome=83.0.4103.97)


E: Could not get lock /var/lib/apt/lists/lock. It is held by process 756207 (apt)
E: Unable to lock directory /var/lib/apt/lists/

WARNING: apt does not have a stable CLI interface. Use with caution in scripts.

Reading package lists...
Building dependency tree...
Reading state information...
chromium-chromedriver is already the newest version (1:85.0.4183.83-0ubuntu0.20.04.2).
0 upgraded, 0 newly installed, 0 to remove and 159 not upgraded.

WARNING: apt does not have a stable CLI interface. Use with caution in scripts.

Reading package lists...Requirement already satisfied: selenium in /usr/local/lib/python3.8/dist-packages (3.141.0)
Requirement already satisfied: urllib3 in /usr/lib/python3/dist-packages (from selenium) (1.25.8)

E: Could not get lock /var/lib/apt/lists/lock. It is held by process 756207 (apt)
E: Unable to lock directory /var/lib/apt/lists/

WARNING: apt does not have a stable CLI interface. Use with caution in scripts.

Reading package lists...
Building dependency tree...Traceback (most recent call last):
  File "/home/ubuntu/trends-script/scraper.py", line 267, in <module>
    main()
  File "/home/ubuntu/trends-script/scraper.py", line 260, in main
    htmlstring = get_html_from_site()
  File "/home/ubuntu/trends-script/scraper.py", line 38, in get_html_from_site
    driver.get(start_url)
  File "/usr/local/lib/python3.8/dist-packages/selenium/webdriver/remote/webdriver.py", line 333, in get
    self.execute(Command.GET, {'url': url})
  File "/usr/local/lib/python3.8/dist-packages/selenium/webdriver/remote/webdriver.py", line 321, in execute
    self.error_handler.check_response(response)
  File "/usr/local/lib/python3.8/dist-packages/selenium/webdriver/remote/errorhandler.py", line 242, in check_response
    raise exception_class(message, screen, stacktrace)
selenium.common.exceptions.TimeoutException: Message: timeout: Timed out receiving message from renderer: 296.219
  (Session info: headless chrome=83.0.4103.97)


WARNING: apt does not have a stable CLI interface. Use with caution in scripts.


Reading state information...
Reading package lists...chromium-chromedriver is already the newest version (1:85.0.4183.83-0ubuntu0.20.04.2).
0 upgraded, 0 newly installed, 0 to remove and 159 not upgraded.

E: Could not get lock /var/lib/apt/lists/lock. It is held by process 756207 (apt)
E: Unable to lock directory /var/lib/apt/lists/

WARNING: apt does not have a stable CLI interface. Use with caution in scripts.

Reading package lists...
Building dependency tree...
Reading state information...
chromium-chromedriver is already the newest version (1:85.0.4183.83-0ubuntu0.20.04.2).
0 upgraded, 0 newly installed, 0 to remove and 159 not upgraded.
Requirement already satisfied: selenium in /usr/local/lib/python3.8/dist-packages (3.141.0)
Requirement already satisfied: urllib3 in /usr/lib/python3/dist-packages (from selenium) (1.25.8)
Requirement already satisfied: selenium in /usr/local/lib/python3.8/dist-packages (3.141.0)
Requirement already satisfied: urllib3 in /usr/lib/python3/dist-packages (from selenium) (1.25.8)
Traceback (most recent call last):
  File "/home/ubuntu/trends-script/scraper.py", line 267, in <module>
    main()
  File "/home/ubuntu/trends-script/scraper.py", line 260, in main
    htmlstring = get_html_from_site()
  File "/home/ubuntu/trends-script/scraper.py", line 38, in get_html_from_site
    driver.get(start_url)
  File "/usr/local/lib/python3.8/dist-packages/selenium/webdriver/remote/webdriver.py", line 333, in get
    self.execute(Command.GET, {'url': url})
  File "/usr/local/lib/python3.8/dist-packages/selenium/webdriver/remote/webdriver.py", line 321, in execute
    self.error_handler.check_response(response)
  File "/usr/local/lib/python3.8/dist-packages/selenium/webdriver/remote/errorhandler.py", line 242, in check_response
    raise exception_class(message, screen, stacktrace)
selenium.common.exceptions.TimeoutException: Message: timeout: Timed out receiving message from renderer: 295.346
  (Session info: headless chrome=83.0.4103.97)


WARNING: apt does not have a stable CLI interface. Use with caution in scripts.

Reading package lists...
E: Could not get lock /var/lib/apt/lists/lock. It is held by process 756207 (apt)
E: Unable to lock directory /var/lib/apt/lists/

WARNING: apt does not have a stable CLI interface. Use with caution in scripts.

Reading package lists...
Building dependency tree...
WARNING: apt does not have a stable CLI interface. Use with caution in scripts.

Traceback (most recent call last):
  File "/home/ubuntu/trends-script/scraper.py", line 267, in <module>
    main()
  File "/home/ubuntu/trends-script/scraper.py", line 260, in main
    htmlstring = get_html_from_site()
  File "/home/ubuntu/trends-script/scraper.py", line 38, in get_html_from_site
    driver.get(start_url)
  File "/usr/local/lib/python3.8/dist-packages/selenium/webdriver/remote/webdriver.py", line 333, in get
    self.execute(Command.GET, {'url': url})
  File "/usr/local/lib/python3.8/dist-packages/selenium/webdriver/remote/webdriver.py", line 321, in execute
    self.error_handler.check_response(response)
  File "/usr/local/lib/python3.8/dist-packages/selenium/webdriver/remote/errorhandler.py", line 242, in check_response
    raise exception_class(message, screen, stacktrace)
selenium.common.exceptions.TimeoutException: Message: timeout: Timed out receiving message from renderer: 233.585
  (Session info: headless chrome=83.0.4103.97)

Reading package lists...
Reading state information...

E: Could not get lock /var/lib/apt/lists/lock. It is held by process 756207 (apt)
E: Unable to lock directory /var/lib/apt/lists/

WARNING: apt does not have a stable CLI interface. Use with caution in scripts.

Waiting for cache lock: Could not get lock /var/lib/dpkg/lock-frontend. It is held by process 761744 (apt)...chromium-chromedriver is already the newest version (1:85.0.4183.83-0ubuntu0.20.04.2).
0 upgraded, 0 newly installed, 0 to remove and 159 not upgraded.

Waiting for cache lock: Could not get lock /var/lib/dpkg/lock-frontend. It is held by process 761744 (apt)...
Reading package lists...
Building dependency tree...
Reading state information...
chromium-chromedriver is already the newest version (1:85.0.4183.83-0ubuntu0.20.04.2).
0 upgraded, 0 newly installed, 0 to remove and 159 not upgraded.
Requirement already satisfied: selenium in /usr/local/lib/python3.8/dist-packages (3.141.0)
Requirement already satisfied: urllib3 in /usr/lib/python3/dist-packages (from selenium) (1.25.8)
Requirement already satisfied: selenium in /usr/local/lib/python3.8/dist-packages (3.141.0)
Requirement already satisfied: urllib3 in /usr/lib/python3/dist-packages (from selenium) (1.25.8)

WARNING: apt does not have a stable CLI interface. Use with caution in scripts.

Reading package lists...Traceback (most recent call last):
  File "/home/ubuntu/trends-script/scraper.py", line 267, in <module>
    main()
  File "/home/ubuntu/trends-script/scraper.py", line 260, in main
    htmlstring = get_html_from_site()
  File "/home/ubuntu/trends-script/scraper.py", line 35, in get_html_from_site
    driver =webdriver.Chrome('chromedriver',options=options)
  File "/usr/local/lib/python3.8/dist-packages/selenium/webdriver/chrome/webdriver.py", line 76, in __init__
    RemoteWebDriver.__init__(
  File "/usr/local/lib/python3.8/dist-packages/selenium/webdriver/remote/webdriver.py", line 157, in __init__
    self.start_session(capabilities, browser_profile)
  File "/usr/local/lib/python3.8/dist-packages/selenium/webdriver/remote/webdriver.py", line 252, in start_session
    response = self.execute(Command.NEW_SESSION, parameters)
  File "/usr/local/lib/python3.8/dist-packages/selenium/webdriver/remote/webdriver.py", line 321, in execute
    self.error_handler.check_response(response)
  File "/usr/local/lib/python3.8/dist-packages/selenium/webdriver/remote/errorhandler.py", line 242, in check_response
    raise exception_class(message, screen, stacktrace)
selenium.common.exceptions.WebDriverException: Message: chrome not reachable

Traceback (most recent call last):
  File "/home/ubuntu/trends-script/scraper.py", line 267, in <module>
    main()
  File "/home/ubuntu/trends-script/scraper.py", line 260, in main
    htmlstring = get_html_from_site()
  File "/home/ubuntu/trends-script/scraper.py", line 38, in get_html_from_site
    driver.get(start_url)
  File "/usr/local/lib/python3.8/dist-packages/selenium/webdriver/remote/webdriver.py", line 333, in get
    self.execute(Command.GET, {'url': url})
  File "/usr/local/lib/python3.8/dist-packages/selenium/webdriver/remote/webdriver.py", line 321, in execute
    self.error_handler.check_response(response)
  File "/usr/local/lib/python3.8/dist-packages/selenium/webdriver/remote/errorhandler.py", line 242, in check_response
    raise exception_class(message, screen, stacktrace)
selenium.common.exceptions.TimeoutException: Message: timeout: Timed out receiving message from renderer: 294.544
  (Session info: headless chrome=83.0.4103.97)


E: Could not get lock /var/lib/apt/lists/lock. It is held by process 756207 (apt)
E: Unable to lock directory /var/lib/apt/lists/

WARNING: apt does not have a stable CLI interface. Use with caution in scripts.

Reading package lists...
Building dependency tree...
Reading state information...
chromium-chromedriver is already the newest version (1:85.0.4183.83-0ubuntu0.20.04.2).
0 upgraded, 0 newly installed, 0 to remove and 159 not upgraded.

WARNING: apt does not have a stable CLI interface. Use with caution in scripts.

Reading package lists...
E: Could not get lock /var/lib/apt/lists/lock. It is held by process 756207 (apt)
E: Unable to lock directory /var/lib/apt/lists/

WARNING: apt does not have a stable CLI interface. Use with caution in scripts.

Reading package lists...
Building dependency tree...Requirement already satisfied: selenium in /usr/local/lib/python3.8/dist-packages (3.141.0)
Requirement already satisfied: urllib3 in /usr/lib/python3/dist-packages (from selenium) (1.25.8)

Reading state information...
chromium-chromedriver is already the newest version (1:85.0.4183.83-0ubuntu0.20.04.2).
0 upgraded, 0 newly installed, 0 to remove and 159 not upgraded.

WARNING: apt does not have a stable CLI interface. Use with caution in scripts.

Reading package lists...Traceback (most recent call last):
  File "/home/ubuntu/trends-script/scraper.py", line 267, in <module>
    main()
  File "/home/ubuntu/trends-script/scraper.py", line 260, in main
    htmlstring = get_html_from_site()
  File "/home/ubuntu/trends-script/scraper.py", line 38, in get_html_from_site
    driver.get(start_url)
  File "/usr/local/lib/python3.8/dist-packages/selenium/webdriver/remote/webdriver.py", line 333, in get
    self.execute(Command.GET, {'url': url})
  File "/usr/local/lib/python3.8/dist-packages/selenium/webdriver/remote/webdriver.py", line 321, in execute
    self.error_handler.check_response(response)
  File "/usr/local/lib/python3.8/dist-packages/selenium/webdriver/remote/errorhandler.py", line 242, in check_response
    raise exception_class(message, screen, stacktrace)
selenium.common.exceptions.TimeoutException: Message: timeout: Timed out receiving message from renderer: 295.112
  (Session info: headless chrome=83.0.4103.97)

Requirement already satisfied: selenium in /usr/local/lib/python3.8/dist-packages (3.141.0)
Requirement already satisfied: urllib3 in /usr/lib/python3/dist-packages (from selenium) (1.25.8)

E: Could not get lock /var/lib/apt/lists/lock. It is held by process 756207 (apt)
E: Unable to lock directory /var/lib/apt/lists/

WARNING: apt does not have a stable CLI interface. Use with caution in scripts.

Reading package lists...
Building dependency tree...
Reading state information...

WARNING: apt does not have a stable CLI interface. Use with caution in scripts.

Reading package lists...Traceback (most recent call last):
  File "/home/ubuntu/trends-script/scraper.py", line 267, in <module>
    main()
  File "/home/ubuntu/trends-script/scraper.py", line 260, in main
    htmlstring = get_html_from_site()
  File "/home/ubuntu/trends-script/scraper.py", line 38, in get_html_from_site
    driver.get(start_url)
  File "/usr/local/lib/python3.8/dist-packages/selenium/webdriver/remote/webdriver.py", line 333, in get
    self.execute(Command.GET, {'url': url})
  File "/usr/local/lib/python3.8/dist-packages/selenium/webdriver/remote/webdriver.py", line 321, in execute
    self.error_handler.check_response(response)
  File "/usr/local/lib/python3.8/dist-packages/selenium/webdriver/remote/errorhandler.py", line 242, in check_response
    raise exception_class(message, screen, stacktrace)
selenium.common.exceptions.TimeoutException: Message: timeout: Timed out receiving message from renderer: 295.827
  (Session info: headless chrome=83.0.4103.97)

chromium-chromedriver is already the newest version (1:85.0.4183.83-0ubuntu0.20.04.2).
0 upgraded, 0 newly installed, 0 to remove and 159 not upgraded.

E: Could not get lock /var/lib/apt/lists/lock. It is held by process 756207 (apt)
E: Unable to lock directory /var/lib/apt/lists/

WARNING: apt does not have a stable CLI interface. Use with caution in scripts.

Reading package lists...
Building dependency tree...
Reading state information...
chromium-chromedriver is already the newest version (1:85.0.4183.83-0ubuntu0.20.04.2).
0 upgraded, 0 newly installed, 0 to remove and 159 not upgraded.
Requirement already satisfied: selenium in /usr/local/lib/python3.8/dist-packages (3.141.0)
Requirement already satisfied: urllib3 in /usr/lib/python3/dist-packages (from selenium) (1.25.8)

WARNING: apt does not have a stable CLI interface. Use with caution in scripts.

Reading package lists...Requirement already satisfied: selenium in /usr/local/lib/python3.8/dist-packages (3.141.0)
Requirement already satisfied: urllib3 in /usr/lib/python3/dist-packages (from selenium) (1.25.8)
Traceback (most recent call last):
  File "/home/ubuntu/trends-script/scraper.py", line 267, in <module>
    main()
  File "/home/ubuntu/trends-script/scraper.py", line 260, in main
    htmlstring = get_html_from_site()
  File "/home/ubuntu/trends-script/scraper.py", line 38, in get_html_from_site
    driver.get(start_url)
  File "/usr/local/lib/python3.8/dist-packages/selenium/webdriver/remote/webdriver.py", line 333, in get
    self.execute(Command.GET, {'url': url})
  File "/usr/local/lib/python3.8/dist-packages/selenium/webdriver/remote/webdriver.py", line 321, in execute
    self.error_handler.check_response(response)
  File "/usr/local/lib/python3.8/dist-packages/selenium/webdriver/remote/errorhandler.py", line 242, in check_response
    raise exception_class(message, screen, stacktrace)
selenium.common.exceptions.TimeoutException: Message: timeout: Timed out receiving message from renderer: 293.315
  (Session info: headless chrome=83.0.4103.97)


E: Could not get lock /var/lib/apt/lists/lock. It is held by process 756207 (apt)
E: Unable to lock directory /var/lib/apt/lists/

WARNING: apt does not have a stable CLI interface. Use with caution in scripts.


WARNING: apt does not have a stable CLI interface. Use with caution in scripts.

Reading package lists...Reading package lists...
Building dependency tree...
E: Could not get lock /var/lib/apt/lists/lock. It is held by process 756207 (apt)
E: Unable to lock directory /var/lib/apt/lists/

WARNING: apt does not have a stable CLI interface. Use with caution in scripts.

Waiting for cache lock: Could not get lock /var/lib/dpkg/lock-frontend. It is held by process 763381 (apt)...
Waiting for cache lock: Could not get lock /var/lib/dpkg/lock-frontend. It is held by process 763381 (apt)...
Waiting for cache lock: Could not get lock /var/lib/dpkg/lock-frontend. It is held by process 763381 (apt)...
Waiting for cache lock: Could not get lock /var/lib/dpkg/lock-frontend. It is held by process 763381 (apt)...
Waiting for cache lock: Could not get lock /var/lib/dpkg/lock-frontend. It is held by process 763381 (apt)...
Waiting for cache lock: Could not get lock /var/lib/dpkg/lock-frontend. It is held by process 763381 (apt)...
Waiting for cache lock: Could not get lock /var/lib/dpkg/lock-frontend. It is held by process 763381 (apt)...
Waiting for cache lock: Could not get lock /var/lib/dpkg/lock-frontend. It is held by process 763381 (apt)...
Waiting for cache lock: Could not get lock /var/lib/dpkg/lock-frontend. It is held by process 763381 (apt)...
Waiting for cache lock: Could not get lock /var/lib/dpkg/lock-frontend. It is held by process 763381 (apt)...
Waiting for cache lock: Could not get lock /var/lib/dpkg/lock-frontend. It is held by process 763381 (apt)...
Waiting for cache lock: Could not get lock /var/lib/dpkg/lock-frontend. It is held by process 763381 (apt)...
Waiting for cache lock: Could not get lock /var/lib/dpkg/lock-frontend. It is held by process 763381 (apt)...
Waiting for cache lock: Could not get lock /var/lib/dpkg/lock-frontend. It is held by process 763381 (apt)...
Waiting for cache lock: Could not get lock /var/lib/dpkg/lock-frontend. It is held by process 763381 (apt)...
Waiting for cache lock: Could not get lock /var/lib/dpkg/lock-frontend. It is held by process 763381 (apt)...
Waiting for cache lock: Could not get lock /var/lib/dpkg/lock-frontend. It is held by process 763381 (apt)...
Waiting for cache lock: Could not get lock /var/lib/dpkg/lock-frontend. It is held by process 763381 (apt)...
Waiting for cache lock: Could not get lock /var/lib/dpkg/lock-frontend. It is held by process 763381 (apt)...
Waiting for cache lock: Could not get lock /var/lib/dpkg/lock-frontend. It is held by process 763381 (apt)...
Waiting for cache lock: Could not get lock /var/lib/dpkg/lock-frontend. It is held by process 763381 (apt)...
Waiting for cache lock: Could not get lock /var/lib/dpkg/lock-frontend. It is held by process 763381 (apt)...
Waiting for cache lock: Could not get lock /var/lib/dpkg/lock-frontend. It is held by process 763381 (apt)...
Waiting for cache lock: Could not get lock /var/lib/dpkg/lock-frontend. It is held by process 763381 (apt)...
Waiting for cache lock: Could not get lock /var/lib/dpkg/lock-frontend. It is held by process 763381 (apt)...
Waiting for cache lock: Could not get lock /var/lib/dpkg/lock-frontend. It is held by process 763381 (apt)...
Waiting for cache lock: Could not get lock /var/lib/dpkg/lock-frontend. It is held by process 763381 (apt)...
Waiting for cache lock: Could not get lock /var/lib/dpkg/lock-frontend. It is held by process 763381 (apt)...
Waiting for cache lock: Could not get lock /var/lib/dpkg/lock-frontend. It is held by process 763381 (apt)...
Waiting for cache lock: Could not get lock /var/lib/dpkg/lock-frontend. It is held by process 763381 (apt)...
Waiting for cache lock: Could not get lock /var/lib/dpkg/lock-frontend. It is held by process 763381 (apt)...
Waiting for cache lock: Could not get lock /var/lib/dpkg/lock-frontend. It is held by process 763381 (apt)...
Waiting for cache lock: Could not get lock /var/lib/dpkg/lock-frontend. It is held by process 763381 (apt)...
Waiting for cache lock: Could not get lock /var/lib/dpkg/lock-frontend. It is held by process 763381 (apt)...
Waiting for cache lock: Could not get lock /var/lib/dpkg/lock-frontend. It is held by process 763381 (apt)...Traceback (most recent call last):
  File "/home/ubuntu/trends-script/scraper.py", line 267, in <module>
    main()
  File "/home/ubuntu/trends-script/scraper.py", line 260, in main
    htmlstring = get_html_from_site()
  File "/home/ubuntu/trends-script/scraper.py", line 38, in get_html_from_site
    driver.get(start_url)
  File "/usr/local/lib/python3.8/dist-packages/selenium/webdriver/remote/webdriver.py", line 333, in get
    self.execute(Command.GET, {'url': url})
  File "/usr/local/lib/python3.8/dist-packages/selenium/webdriver/remote/webdriver.py", line 321, in execute
    self.error_handler.check_response(response)
  File "/usr/local/lib/python3.8/dist-packages/selenium/webdriver/remote/errorhandler.py", line 242, in check_response
    raise exception_class(message, screen, stacktrace)
selenium.common.exceptions.TimeoutException: Message: timeout: Timed out receiving message from renderer: 290.403
  (Session info: headless chrome=83.0.4103.97)


Waiting for cache lock: Could not get lock /var/lib/dpkg/lock-frontend. It is held by process 763381 (apt)...
Waiting for cache lock: Could not get lock /var/lib/dpkg/lock-frontend. It is held by process 763381 (apt)...
Waiting for cache lock: Could not get lock /var/lib/dpkg/lock-frontend. It is held by process 763381 (apt)...
Waiting for cache lock: Could not get lock /var/lib/dpkg/lock-frontend. It is held by process 763381 (apt)...
Waiting for cache lock: Could not get lock /var/lib/dpkg/lock-frontend. It is held by process 763381 (apt)...
Waiting for cache lock: Could not get lock /var/lib/dpkg/lock-frontend. It is held by process 763381 (apt)...
Waiting for cache lock: Could not get lock /var/lib/dpkg/lock-frontend. It is held by process 763381 (apt)...
Waiting for cache lock: Could not get lock /var/lib/dpkg/lock-frontend. It is held by process 763381 (apt)...
Waiting for cache lock: Could not get lock /var/lib/dpkg/lock-frontend. It is held by process 763381 (apt)...
Waiting for cache lock: Could not get lock /var/lib/dpkg/lock-frontend. It is held by process 763381 (apt)...
Waiting for cache lock: Could not get lock /var/lib/dpkg/lock-frontend. It is held by process 763381 (apt)...
Waiting for cache lock: Could not get lock /var/lib/dpkg/lock-frontend. It is held by process 763381 (apt)...
Waiting for cache lock: Could not get lock /var/lib/dpkg/lock-frontend. It is held by process 763381 (apt)...
Reading state information...

WARNING: apt does not have a stable CLI interface. Use with caution in scripts.


Waiting for cache lock: Could not get lock /var/lib/dpkg/lock-frontend. It is held by process 763381 (apt)...Reading package lists...
Waiting for cache lock: Could not get lock /var/lib/dpkg/lock-frontend. It is held by process 763381 (apt)...
Waiting for cache lock: Could not get lock /var/lib/dpkg/lock-frontend. It is held by process 763381 (apt)...
Waiting for cache lock: Could not get lock /var/lib/dpkg/lock-frontend. It is held by process 763381 (apt)...
Waiting for cache lock: Could not get lock /var/lib/dpkg/lock-frontend. It is held by process 763381 (apt)...
Waiting for cache lock: Could not get lock /var/lib/dpkg/lock-frontend. It is held by process 763381 (apt)...
Waiting for cache lock: Could not get lock /var/lib/dpkg/lock-frontend. It is held by process 763381 (apt)...
Waiting for cache lock: Could not get lock /var/lib/dpkg/lock-frontend. It is held by process 763381 (apt)...
Waiting for cache lock: Could not get lock /var/lib/dpkg/lock-frontend. It is held by process 763381 (apt)...
Waiting for cache lock: Could not get lock /var/lib/dpkg/lock-frontend. It is held by process 763381 (apt)...
Waiting for cache lock: Could not get lock /var/lib/dpkg/lock-frontend. It is held by process 763381 (apt)...
Waiting for cache lock: Could not get lock /var/lib/dpkg/lock-frontend. It is held by process 763381 (apt)...
Waiting for cache lock: Could not get lock /var/lib/dpkg/lock-frontend. It is held by process 763381 (apt)...
Waiting for cache lock: Could not get lock /var/lib/dpkg/lock-frontend. It is held by process 763381 (apt)...
Waiting for cache lock: Could not get lock /var/lib/dpkg/lock-frontend. It is held by process 763381 (apt)...
Waiting for cache lock: Could not get lock /var/lib/dpkg/lock-frontend. It is held by process 763381 (apt)...
Waiting for cache lock: Could not get lock /var/lib/dpkg/lock-frontend. It is held by process 763381 (apt)...
Waiting for cache lock: Could not get lock /var/lib/dpkg/lock-frontend. It is held by process 763381 (apt)...
Waiting for cache lock: Could not get lock /var/lib/dpkg/lock-frontend. It is held by process 763381 (apt)...
Waiting for cache lock: Could not get lock /var/lib/dpkg/lock-frontend. It is held by process 763381 (apt)...
Waiting for cache lock: Could not get lock /var/lib/dpkg/lock-frontend. It is held by process 763381 (apt)...
Waiting for cache lock: Could not get lock /var/lib/dpkg/lock-frontend. It is held by process 763381 (apt)...
Waiting for cache lock: Could not get lock /var/lib/dpkg/lock-frontend. It is held by process 763381 (apt)...
Waiting for cache lock: Could not get lock /var/lib/dpkg/lock-frontend. It is held by process 763381 (apt)...
Waiting for cache lock: Could not get lock /var/lib/dpkg/lock-frontend. It is held by process 763381 (apt)...
Waiting for cache lock: Could not get lock /var/lib/dpkg/lock-frontend. It is held by process 763381 (apt)...
Waiting for cache lock: Could not get lock /var/lib/dpkg/lock-frontend. It is held by process 763381 (apt)...
Waiting for cache lock: Could not get lock /var/lib/dpkg/lock-frontend. It is held by process 763381 (apt)...
Waiting for cache lock: Could not get lock /var/lib/dpkg/lock-frontend. It is held by process 763381 (apt)...
Waiting for cache lock: Could not get lock /var/lib/dpkg/lock-frontend. It is held by process 763381 (apt)...
Waiting for cache lock: Could not get lock /var/lib/dpkg/lock-frontend. It is held by process 763381 (apt)...
Waiting for cache lock: Could not get lock /var/lib/dpkg/lock-frontend. It is held by process 763381 (apt)...
Waiting for cache lock: Could not get lock /var/lib/dpkg/lock-frontend. It is held by process 763381 (apt)...
Waiting for cache lock: Could not get lock /var/lib/dpkg/lock-frontend. It is held by process 763381 (apt)...
Waiting for cache lock: Could not get lock /var/lib/dpkg/lock-frontend. It is held by process 763381 (apt)...
Waiting for cache lock: Could not get lock /var/lib/dpkg/lock-frontend. It is held by process 763381 (apt)...
Waiting for cache lock: Could not get lock /var/lib/dpkg/lock-frontend. It is held by process 763381 (apt)...
Waiting for cache lock: Could not get lock /var/lib/dpkg/lock-frontend. It is held by process 763381 (apt)...
Waiting for cache lock: Could not get lock /var/lib/dpkg/lock-frontend. It is held by process 763381 (apt)...
Waiting for cache lock: Could not get lock /var/lib/dpkg/lock-frontend. It is held by process 763381 (apt)...
Waiting for cache lock: Could not get lock /var/lib/dpkg/lock-frontend. It is held by process 763381 (apt)...
Waiting for cache lock: Could not get lock /var/lib/dpkg/lock-frontend. It is held by process 763381 (apt)...
Waiting for cache lock: Could not get lock /var/lib/dpkg/lock-frontend. It is held by process 763381 (apt)...
Waiting for cache lock: Could not get lock /var/lib/dpkg/lock-frontend. It is held by process 763381 (apt)...
Waiting for cache lock: Could not get lock /var/lib/dpkg/lock-frontend. It is held by process 763381 (apt)...
Waiting for cache lock: Could not get lock /var/lib/dpkg/lock-frontend. It is held by process 763381 (apt)...
Waiting for cache lock: Could not get lock /var/lib/dpkg/lock-frontend. It is held by process 763381 (apt)...
Waiting for cache lock: Could not get lock /var/lib/dpkg/lock-frontend. It is held by process 763381 (apt)...

Waiting for cache lock: Could not get lock /var/lib/dpkg/lock-frontend. It is held by process 763381 (apt)...E: Could not get lock /var/lib/apt/lists/lock. It is held by process 756207 (apt)
E: Unable to lock directory /var/lib/apt/lists/

Waiting for cache lock: Could not get lock /var/lib/dpkg/lock-frontend. It is held by process 763381 (apt)...
WARNING: apt does not have a stable CLI interface. Use with caution in scripts.


Waiting for cache lock: Could not get lock /var/lib/dpkg/lock-frontend. It is held by process 763381 (apt)...
Waiting for cache lock: Could not get lock /var/lib/dpkg/lock-frontend. It is held by process 763381 (apt)...
Waiting for cache lock: Could not get lock /var/lib/dpkg/lock-frontend. It is held by process 763381 (apt)...
Waiting for cache lock: Could not get lock /var/lib/dpkg/lock-frontend. It is held by process 763381 (apt)...
Waiting for cache lock: Could not get lock /var/lib/dpkg/lock-frontend. It is held by process 763381 (apt)...Waiting for cache lock: Could not get lock /var/lib/dpkg/lock-frontend. It is held by process 763381 (apt)...
Waiting for cache lock: Could not get lock /var/lib/dpkg/lock-frontend. It is held by process 763381 (apt)...
Waiting for cache lock: Could not get lock /var/lib/dpkg/lock-frontend. It is held by process 763381 (apt)...
Waiting for cache lock: Could not get lock /var/lib/dpkg/lock-frontend. It is held by process 763381 (apt)...
Waiting for cache lock: Could not get lock /var/lib/dpkg/lock-frontend. It is held by process 763381 (apt)...
Waiting for cache lock: Could not get lock /var/lib/dpkg/lock-frontend. It is held by process 763381 (apt)...
Waiting for cache lock: Could not get lock /var/lib/dpkg/lock-frontend. It is held by process 763381 (apt)...chromium-chromedriver is already the newest version (1:85.0.4183.83-0ubuntu0.20.04.2).
0 upgraded, 0 newly installed, 0 to remove and 159 not upgraded.

Waiting for cache lock: Could not get lock /var/lib/dpkg/lock-frontend. It is held by process 763381 (apt)...
Reading package lists...
Waiting for cache lock: Could not get lock /var/lib/dpkg/lock-frontend. It is held by process 763381 (apt)...
Waiting for cache lock: Could not get lock /var/lib/dpkg/lock-frontend. It is held by process 763518 (apt)...
Building dependency tree...
Waiting for cache lock: Could not get lock /var/lib/dpkg/lock-frontend. It is held by process 763518 (apt)...
Waiting for cache lock: Could not get lock /var/lib/dpkg/lock-frontend. It is held by process 763518 (apt)...
Waiting for cache lock: Could not get lock /var/lib/dpkg/lock-frontend. It is held by process 763518 (apt)...
Waiting for cache lock: Could not get lock /var/lib/dpkg/lock-frontend. It is held by process 763518 (apt)...
Waiting for cache lock: Could not get lock /var/lib/dpkg/lock-frontend. It is held by process 763518 (apt)...
Waiting for cache lock: Could not get lock /var/lib/dpkg/lock-frontend. It is held by process 763518 (apt)...
Waiting for cache lock: Could not get lock /var/lib/dpkg/lock-frontend. It is held by process 763518 (apt)...
Waiting for cache lock: Could not get lock /var/lib/dpkg/lock-frontend. It is held by process 763518 (apt)...
Waiting for cache lock: Could not get lock /var/lib/dpkg/lock-frontend. It is held by process 763518 (apt)...
Waiting for cache lock: Could not get lock /var/lib/dpkg/lock-frontend. It is held by process 763518 (apt)...
Waiting for cache lock: Could not get lock /var/lib/dpkg/lock-frontend. It is held by process 763518 (apt)...
Waiting for cache lock: Could not get lock /var/lib/dpkg/lock-frontend. It is held by process 763518 (apt)...
Reading state information...

Waiting for cache lock: Could not get lock /var/lib/dpkg/lock-frontend. It is held by process 763518 (apt)...
Waiting for cache lock: Could not get lock /var/lib/dpkg/lock-frontend. It is held by process 763518 (apt)...
Waiting for cache lock: Could not get lock /var/lib/dpkg/lock-frontend. It is held by process 763518 (apt)...
Waiting for cache lock: Could not get lock /var/lib/dpkg/lock-frontend. It is held by process 763518 (apt)...
Waiting for cache lock: Could not get lock /var/lib/dpkg/lock-frontend. It is held by process 763518 (apt)...
Waiting for cache lock: Could not get lock /var/lib/dpkg/lock-frontend. It is held by process 763518 (apt)...
Waiting for cache lock: Could not get lock /var/lib/dpkg/lock-frontend. It is held by process 763518 (apt)...
Waiting for cache lock: Could not get lock /var/lib/dpkg/lock-frontend. It is held by process 763518 (apt)...
Waiting for cache lock: Could not get lock /var/lib/dpkg/lock-frontend. It is held by process 763518 (apt)...
Waiting for cache lock: Could not get lock /var/lib/dpkg/lock-frontend. It is held by process 763518 (apt)...
Waiting for cache lock: Could not get lock /var/lib/dpkg/lock-frontend. It is held by process 763518 (apt)...
Waiting for cache lock: Could not get lock /var/lib/dpkg/lock-frontend. It is held by process 763518 (apt)...
Waiting for cache lock: Could not get lock /var/lib/dpkg/lock-frontend. It is held by process 763518 (apt)...
Waiting for cache lock: Could not get lock /var/lib/dpkg/lock-frontend. It is held by process 763518 (apt)...
Waiting for cache lock: Could not get lock /var/lib/dpkg/lock-frontend. It is held by process 763518 (apt)...
Waiting for cache lock: Could not get lock /var/lib/dpkg/lock-frontend. It is held by process 763518 (apt)...
Waiting for cache lock: Could not get lock /var/lib/dpkg/lock-frontend. It is held by process 763518 (apt)...
Waiting for cache lock: Could not get lock /var/lib/dpkg/lock-frontend. It is held by process 763518 (apt)...
Waiting for cache lock: Could not get lock /var/lib/dpkg/lock-frontend. It is held by process 763518 (apt)...
Waiting for cache lock: Could not get lock /var/lib/dpkg/lock-frontend. It is held by process 763518 (apt)...
Waiting for cache lock: Could not get lock /var/lib/dpkg/lock-frontend. It is held by process 763518 (apt)...
Waiting for cache lock: Could not get lock /var/lib/dpkg/lock-frontend. It is held by process 763518 (apt)...
Waiting for cache lock: Could not get lock /var/lib/dpkg/lock-frontend. It is held by process 763518 (apt)...
Waiting for cache lock: Could not get lock /var/lib/dpkg/lock-frontend. It is held by process 763518 (apt)...
Waiting for cache lock: Could not get lock /var/lib/dpkg/lock-frontend. It is held by process 763518 (apt)...
Waiting for cache lock: Could not get lock /var/lib/dpkg/lock-frontend. It is held by process 763518 (apt)...
Waiting for cache lock: Could not get lock /var/lib/dpkg/lock-frontend. It is held by process 763518 (apt)...
Waiting for cache lock: Could not get lock /var/lib/dpkg/lock-frontend. It is held by process 763518 (apt)...
Waiting for cache lock: Could not get lock /var/lib/dpkg/lock-frontend. It is held by process 763518 (apt)...
Waiting for cache lock: Could not get lock /var/lib/dpkg/lock-frontend. It is held by process 763518 (apt)...
Waiting for cache lock: Could not get lock /var/lib/dpkg/lock-frontend. It is held by process 763518 (apt)...
Waiting for cache lock: Could not get lock /var/lib/dpkg/lock-frontend. It is held by process 763518 (apt)...
Waiting for cache lock: Could not get lock /var/lib/dpkg/lock-frontend. It is held by process 763518 (apt)...
Waiting for cache lock: Could not get lock /var/lib/dpkg/lock-frontend. It is held by process 763518 (apt)...
Waiting for cache lock: Could not get lock /var/lib/dpkg/lock-frontend. It is held by process 763518 (apt)...
Waiting for cache lock: Could not get lock /var/lib/dpkg/lock-frontend. It is held by process 763518 (apt)...
Waiting for cache lock: Could not get lock /var/lib/dpkg/lock-frontend. It is held by process 763518 (apt)...
Waiting for cache lock: Could not get lock /var/lib/dpkg/lock-frontend. It is held by process 763518 (apt)...
Waiting for cache lock: Could not get lock /var/lib/dpkg/lock-frontend. It is held by process 763518 (apt)...
Waiting for cache lock: Could not get lock /var/lib/dpkg/lock-frontend. It is held by process 763518 (apt)...
Waiting for cache lock: Could not get lock /var/lib/dpkg/lock-frontend. It is held by process 763518 (apt)...
Waiting for cache lock: Could not get lock /var/lib/dpkg/lock-frontend. It is held by process 763518 (apt)...
Waiting for cache lock: Could not get lock /var/lib/dpkg/lock-frontend. It is held by process 763518 (apt)...
Waiting for cache lock: Could not get lock /var/lib/dpkg/lock-frontend. It is held by process 763518 (apt)...
Waiting for cache lock: Could not get lock /var/lib/dpkg/lock-frontend. It is held by process 763518 (apt)...
Waiting for cache lock: Could not get lock /var/lib/dpkg/lock-frontend. It is held by process 763518 (apt)...
Waiting for cache lock: Could not get lock /var/lib/dpkg/lock-frontend. It is held by process 763518 (apt)...
Waiting for cache lock: Could not get lock /var/lib/dpkg/lock-frontend. It is held by process 763518 (apt)...
Waiting for cache lock: Could not get lock /var/lib/dpkg/lock-frontend. It is held by process 763518 (apt)...
Waiting for cache lock: Could not get lock /var/lib/dpkg/lock-frontend. It is held by process 763518 (apt)...
Waiting for cache lock: Could not get lock /var/lib/dpkg/lock-frontend. It is held by process 763518 (apt)...
Waiting for cache lock: Could not get lock /var/lib/dpkg/lock-frontend. It is held by process 763518 (apt)...
Waiting for cache lock: Could not get lock /var/lib/dpkg/lock-frontend. It is held by process 763518 (apt)...
Waiting for cache lock: Could not get lock /var/lib/dpkg/lock-frontend. It is held by process 763518 (apt)...
Waiting for cache lock: Could not get lock /var/lib/dpkg/lock-frontend. It is held by process 763518 (apt)...
Waiting for cache lock: Could not get lock /var/lib/dpkg/lock-frontend. It is held by process 763518 (apt)...
Waiting for cache lock: Could not get lock /var/lib/dpkg/lock-frontend. It is held by process 763518 (apt)...chromium-chromedriver is already the newest version (1:85.0.4183.83-0ubuntu0.20.04.2).
0 upgraded, 0 newly installed, 0 to remove and 159 not upgraded.

Waiting for cache lock: Could not get lock /var/lib/dpkg/lock-frontend. It is held by process 763518 (apt)...
Reading package lists...Requirement already satisfied: selenium in /usr/local/lib/python3.8/dist-packages (3.141.0)
Requirement already satisfied: urllib3 in /usr/lib/python3/dist-packages (from selenium) (1.25.8)

Building dependency tree...
WARNING: apt does not have a stable CLI interface. Use with caution in scripts.

Reading package lists...Traceback (most recent call last):
  File "/home/ubuntu/trends-script/scraper.py", line 267, in <module>
    main()
  File "/home/ubuntu/trends-script/scraper.py", line 260, in main
    htmlstring = get_html_from_site()
  File "/home/ubuntu/trends-script/scraper.py", line 38, in get_html_from_site
    driver.get(start_url)
  File "/usr/local/lib/python3.8/dist-packages/selenium/webdriver/remote/webdriver.py", line 333, in get
    self.execute(Command.GET, {'url': url})
  File "/usr/local/lib/python3.8/dist-packages/selenium/webdriver/remote/webdriver.py", line 321, in execute
    self.error_handler.check_response(response)
  File "/usr/local/lib/python3.8/dist-packages/selenium/webdriver/remote/errorhandler.py", line 242, in check_response
    raise exception_class(message, screen, stacktrace)
selenium.common.exceptions.TimeoutException: Message: timeout: Timed out receiving message from renderer: 279.510
  (Session info: headless chrome=83.0.4103.97)


WARNING: apt does not have a stable CLI interface. Use with caution in scripts.

Requirement already satisfied: selenium in /usr/local/lib/python3.8/dist-packages (3.141.0)
Requirement already satisfied: urllib3 in /usr/lib/python3/dist-packages (from selenium) (1.25.8)
Reading package lists...
E: Could not get lock /var/lib/apt/lists/lock. It is held by process 756207 (apt)
E: Unable to lock directory /var/lib/apt/lists/

WARNING: apt does not have a stable CLI interface. Use with caution in scripts.

Waiting for cache lock: Could not get lock /var/lib/dpkg/lock-frontend. It is held by process 763619 (apt)...
Waiting for cache lock: Could not get lock /var/lib/dpkg/lock-frontend. It is held by process 763619 (apt)...
Waiting for cache lock: Could not get lock /var/lib/dpkg/lock-frontend. It is held by process 763619 (apt)...
Waiting for cache lock: Could not get lock /var/lib/dpkg/lock-frontend. It is held by process 763619 (apt)...
Waiting for cache lock: Could not get lock /var/lib/dpkg/lock-frontend. It is held by process 763619 (apt)...
Waiting for cache lock: Could not get lock /var/lib/dpkg/lock-frontend. It is held by process 763619 (apt)...
Waiting for cache lock: Could not get lock /var/lib/dpkg/lock-frontend. It is held by process 763619 (apt)...
Waiting for cache lock: Could not get lock /var/lib/dpkg/lock-frontend. It is held by process 763619 (apt)...
Waiting for cache lock: Could not get lock /var/lib/dpkg/lock-frontend. It is held by process 763619 (apt)...
Waiting for cache lock: Could not get lock /var/lib/dpkg/lock-frontend. It is held by process 763619 (apt)...
Waiting for cache lock: Could not get lock /var/lib/dpkg/lock-frontend. It is held by process 763619 (apt)...
Waiting for cache lock: Could not get lock /var/lib/dpkg/lock-frontend. It is held by process 763619 (apt)...
Waiting for cache lock: Could not get lock /var/lib/dpkg/lock-frontend. It is held by process 763619 (apt)...
Waiting for cache lock: Could not get lock /var/lib/dpkg/lock-frontend. It is held by process 763619 (apt)...
Waiting for cache lock: Could not get lock /var/lib/dpkg/lock-frontend. It is held by process 763619 (apt)...
Waiting for cache lock: Could not get lock /var/lib/dpkg/lock-frontend. It is held by process 763619 (apt)...
Waiting for cache lock: Could not get lock /var/lib/dpkg/lock-frontend. It is held by process 763619 (apt)...
Waiting for cache lock: Could not get lock /var/lib/dpkg/lock-frontend. It is held by process 763619 (apt)...
Waiting for cache lock: Could not get lock /var/lib/dpkg/lock-frontend. It is held by process 763619 (apt)...
Waiting for cache lock: Could not get lock /var/lib/dpkg/lock-frontend. It is held by process 763619 (apt)...
Waiting for cache lock: Could not get lock /var/lib/dpkg/lock-frontend. It is held by process 763619 (apt)...
Waiting for cache lock: Could not get lock /var/lib/dpkg/lock-frontend. It is held by process 763619 (apt)...
Waiting for cache lock: Could not get lock /var/lib/dpkg/lock-frontend. It is held by process 763619 (apt)...
Waiting for cache lock: Could not get lock /var/lib/dpkg/lock-frontend. It is held by process 763619 (apt)...
Waiting for cache lock: Could not get lock /var/lib/dpkg/lock-frontend. It is held by process 763619 (apt)...
Waiting for cache lock: Could not get lock /var/lib/dpkg/lock-frontend. It is held by process 763619 (apt)...
Waiting for cache lock: Could not get lock /var/lib/dpkg/lock-frontend. It is held by process 763619 (apt)...
Waiting for cache lock: Could not get lock /var/lib/dpkg/lock-frontend. It is held by process 763619 (apt)...
Waiting for cache lock: Could not get lock /var/lib/dpkg/lock-frontend. It is held by process 763619 (apt)...
Waiting for cache lock: Could not get lock /var/lib/dpkg/lock-frontend. It is held by process 763619 (apt)...
Waiting for cache lock: Could not get lock /var/lib/dpkg/lock-frontend. It is held by process 763619 (apt)...
Waiting for cache lock: Could not get lock /var/lib/dpkg/lock-frontend. It is held by process 763619 (apt)...
Waiting for cache lock: Could not get lock /var/lib/dpkg/lock-frontend. It is held by process 763619 (apt)...
Waiting for cache lock: Could not get lock /var/lib/dpkg/lock-frontend. It is held by process 763619 (apt)...
Waiting for cache lock: Could not get lock /var/lib/dpkg/lock-frontend. It is held by process 763619 (apt)...
Waiting for cache lock: Could not get lock /var/lib/dpkg/lock-frontend. It is held by process 763619 (apt)...
Waiting for cache lock: Could not get lock /var/lib/dpkg/lock-frontend. It is held by process 763619 (apt)...
Waiting for cache lock: Could not get lock /var/lib/dpkg/lock-frontend. It is held by process 763619 (apt)...
Waiting for cache lock: Could not get lock /var/lib/dpkg/lock-frontend. It is held by process 763619 (apt)...
Waiting for cache lock: Could not get lock /var/lib/dpkg/lock-frontend. It is held by process 763619 (apt)...
Waiting for cache lock: Could not get lock /var/lib/dpkg/lock-frontend. It is held by process 763619 (apt)...
Waiting for cache lock: Could not get lock /var/lib/dpkg/lock-frontend. It is held by process 763619 (apt)...
Waiting for cache lock: Could not get lock /var/lib/dpkg/lock-frontend. It is held by process 763619 (apt)...
Waiting for cache lock: Could not get lock /var/lib/dpkg/lock-frontend. It is held by process 763619 (apt)...
Waiting for cache lock: Could not get lock /var/lib/dpkg/lock-frontend. It is held by process 763619 (apt)...
Waiting for cache lock: Could not get lock /var/lib/dpkg/lock-frontend. It is held by process 763619 (apt)...
Waiting for cache lock: Could not get lock /var/lib/dpkg/lock-frontend. It is held by process 763619 (apt)...
Waiting for cache lock: Could not get lock /var/lib/dpkg/lock-frontend. It is held by process 763619 (apt)...
Waiting for cache lock: Could not get lock /var/lib/dpkg/lock-frontend. It is held by process 763619 (apt)...
Waiting for cache lock: Could not get lock /var/lib/dpkg/lock-frontend. It is held by process 763619 (apt)...
Waiting for cache lock: Could not get lock /var/lib/dpkg/lock-frontend. It is held by process 763619 (apt)...
Waiting for cache lock: Could not get lock /var/lib/dpkg/lock-frontend. It is held by process 763619 (apt)...
Waiting for cache lock: Could not get lock /var/lib/dpkg/lock-frontend. It is held by process 763619 (apt)...
Waiting for cache lock: Could not get lock /var/lib/dpkg/lock-frontend. It is held by process 763619 (apt)...
Waiting for cache lock: Could not get lock /var/lib/dpkg/lock-frontend. It is held by process 763619 (apt)...
Waiting for cache lock: Could not get lock /var/lib/dpkg/lock-frontend. It is held by process 763619 (apt)...
Waiting for cache lock: Could not get lock /var/lib/dpkg/lock-frontend. It is held by process 763619 (apt)...
Waiting for cache lock: Could not get lock /var/lib/dpkg/lock-frontend. It is held by process 763619 (apt)...
Waiting for cache lock: Could not get lock /var/lib/dpkg/lock-frontend. It is held by process 763619 (apt)...
Waiting for cache lock: Could not get lock /var/lib/dpkg/lock-frontend. It is held by process 763619 (apt)...
Waiting for cache lock: Could not get lock /var/lib/dpkg/lock-frontend. It is held by process 763619 (apt)...
Waiting for cache lock: Could not get lock /var/lib/dpkg/lock-frontend. It is held by process 763619 (apt)...
Waiting for cache lock: Could not get lock /var/lib/dpkg/lock-frontend. It is held by process 763619 (apt)...
Waiting for cache lock: Could not get lock /var/lib/dpkg/lock-frontend. It is held by process 763619 (apt)...
Waiting for cache lock: Could not get lock /var/lib/dpkg/lock-frontend. It is held by process 763619 (apt)...
Waiting for cache lock: Could not get lock /var/lib/dpkg/lock-frontend. It is held by process 763619 (apt)...
Waiting for cache lock: Could not get lock /var/lib/dpkg/lock-frontend. It is held by process 763619 (apt)...
Waiting for cache lock: Could not get lock /var/lib/dpkg/lock-frontend. It is held by process 763619 (apt)...
Waiting for cache lock: Could not get lock /var/lib/dpkg/lock-frontend. It is held by process 763619 (apt)...
Waiting for cache lock: Could not get lock /var/lib/dpkg/lock-frontend. It is held by process 763619 (apt)...
Waiting for cache lock: Could not get lock /var/lib/dpkg/lock-frontend. It is held by process 763619 (apt)...
Waiting for cache lock: Could not get lock /var/lib/dpkg/lock-frontend. It is held by process 763619 (apt)...
Waiting for cache lock: Could not get lock /var/lib/dpkg/lock-frontend. It is held by process 763619 (apt)...
Waiting for cache lock: Could not get lock /var/lib/dpkg/lock-frontend. It is held by process 763619 (apt)...
Waiting for cache lock: Could not get lock /var/lib/dpkg/lock-frontend. It is held by process 763619 (apt)...
Waiting for cache lock: Could not get lock /var/lib/dpkg/lock-frontend. It is held by process 763619 (apt)...
Waiting for cache lock: Could not get lock /var/lib/dpkg/lock-frontend. It is held by process 763619 (apt)...
Waiting for cache lock: Could not get lock /var/lib/dpkg/lock-frontend. It is held by process 763619 (apt)...
Waiting for cache lock: Could not get lock /var/lib/dpkg/lock-frontend. It is held by process 763619 (apt)...
Waiting for cache lock: Could not get lock /var/lib/dpkg/lock-frontend. It is held by process 763619 (apt)...
Waiting for cache lock: Could not get lock /var/lib/dpkg/lock-frontend. It is held by process 763619 (apt)...
Waiting for cache lock: Could not get lock /var/lib/dpkg/lock-frontend. It is held by process 763619 (apt)...
Waiting for cache lock: Could not get lock /var/lib/dpkg/lock-frontend. It is held by process 763619 (apt)...
Waiting for cache lock: Could not get lock /var/lib/dpkg/lock-frontend. It is held by process 763619 (apt)...
Waiting for cache lock: Could not get lock /var/lib/dpkg/lock-frontend. It is held by process 763619 (apt)...
Waiting for cache lock: Could not get lock /var/lib/dpkg/lock-frontend. It is held by process 763619 (apt)...
Waiting for cache lock: Could not get lock /var/lib/dpkg/lock-frontend. It is held by process 763619 (apt)...
Waiting for cache lock: Could not get lock /var/lib/dpkg/lock-frontend. It is held by process 763619 (apt)...
Waiting for cache lock: Could not get lock /var/lib/dpkg/lock-frontend. It is held by process 763619 (apt)...
Waiting for cache lock: Could not get lock /var/lib/dpkg/lock-frontend. It is held by process 763619 (apt)...
Waiting for cache lock: Could not get lock /var/lib/dpkg/lock-frontend. It is held by process 763619 (apt)...
Waiting for cache lock: Could not get lock /var/lib/dpkg/lock-frontend. It is held by process 763619 (apt)...
Waiting for cache lock: Could not get lock /var/lib/dpkg/lock-frontend. It is held by process 763619 (apt)...
Waiting for cache lock: Could not get lock /var/lib/dpkg/lock-frontend. It is held by process 763619 (apt)...
Waiting for cache lock: Could not get lock /var/lib/dpkg/lock-frontend. It is held by process 763619 (apt)...
Waiting for cache lock: Could not get lock /var/lib/dpkg/lock-frontend. It is held by process 763619 (apt)...
Waiting for cache lock: Could not get lock /var/lib/dpkg/lock-frontend. It is held by process 763619 (apt)...
Waiting for cache lock: Could not get lock /var/lib/dpkg/lock-frontend. It is held by process 763619 (apt)...
Waiting for cache lock: Could not get lock /var/lib/dpkg/lock-frontend. It is held by process 763619 (apt)...
Waiting for cache lock: Could not get lock /var/lib/dpkg/lock-frontend. It is held by process 763619 (apt)...
Waiting for cache lock: Could not get lock /var/lib/dpkg/lock-frontend. It is held by process 763619 (apt)...
Waiting for cache lock: Could not get lock /var/lib/dpkg/lock-frontend. It is held by process 763619 (apt)...
Waiting for cache lock: Could not get lock /var/lib/dpkg/lock-frontend. It is held by process 763619 (apt)...
Waiting for cache lock: Could not get lock /var/lib/dpkg/lock-frontend. It is held by process 763619 (apt)...
Waiting for cache lock: Could not get lock /var/lib/dpkg/lock-frontend. It is held by process 763619 (apt)...
Waiting for cache lock: Could not get lock /var/lib/dpkg/lock-frontend. It is held by process 763619 (apt)...
Waiting for cache lock: Could not get lock /var/lib/dpkg/lock-frontend. It is held by process 763619 (apt)...
Waiting for cache lock: Could not get lock /var/lib/dpkg/lock-frontend. It is held by process 763619 (apt)...
Waiting for cache lock: Could not get lock /var/lib/dpkg/lock-frontend. It is held by process 763619 (apt)...
Waiting for cache lock: Could not get lock /var/lib/dpkg/lock-frontend. It is held by process 763619 (apt)...
Waiting for cache lock: Could not get lock /var/lib/dpkg/lock-frontend. It is held by process 763619 (apt)...
Waiting for cache lock: Could not get lock /var/lib/dpkg/lock-frontend. It is held by process 763619 (apt)...
Waiting for cache lock: Could not get lock /var/lib/dpkg/lock-frontend. It is held by process 763619 (apt)...
Waiting for cache lock: Could not get lock /var/lib/dpkg/lock-frontend. It is held by process 763619 (apt)...
Waiting for cache lock: Could not get lock /var/lib/dpkg/lock-frontend. It is held by process 763619 (apt)...
Waiting for cache lock: Could not get lock /var/lib/dpkg/lock-frontend. It is held by process 763619 (apt)...
Waiting for cache lock: Could not get lock /var/lib/dpkg/lock-frontend. It is held by process 763619 (apt)...
Waiting for cache lock: Could not get lock /var/lib/dpkg/lock-frontend. It is held by process 763619 (apt)...
Waiting for cache lock: Could not get lock /var/lib/dpkg/lock-frontend. It is held by process 763619 (apt)...
Waiting for cache lock: Could not get lock /var/lib/dpkg/lock-frontend. It is held by process 763619 (apt)...
E: Unable to acquire the dpkg frontend lock (/var/lib/dpkg/lock-frontend), is another process using it?

E: Could not get lock /var/lib/apt/lists/lock. It is held by process 756207 (apt)
E: Unable to lock directory /var/lib/apt/lists/

WARNING: apt does not have a stable CLI interface. Use with caution in scripts.

Waiting for cache lock: Could not get lock /var/lib/dpkg/lock-frontend. It is held by process 763619 (apt)...
Waiting for cache lock: Could not get lock /var/lib/dpkg/lock-frontend. It is held by process 763619 (apt)...
Waiting for cache lock: Could not get lock /var/lib/dpkg/lock-frontend. It is held by process 763619 (apt)...
Waiting for cache lock: Could not get lock /var/lib/dpkg/lock-frontend. It is held by process 763619 (apt)...
Waiting for cache lock: Could not get lock /var/lib/dpkg/lock-frontend. It is held by process 763619 (apt)...
Waiting for cache lock: Could not get lock /var/lib/dpkg/lock-frontend. It is held by process 763619 (apt)...
Waiting for cache lock: Could not get lock /var/lib/dpkg/lock-frontend. It is held by process 763619 (apt)...
Waiting for cache lock: Could not get lock /var/lib/dpkg/lock-frontend. It is held by process 763619 (apt)...
Waiting for cache lock: Could not get lock /var/lib/dpkg/lock-frontend. It is held by process 763619 (apt)...
Waiting for cache lock: Could not get lock /var/lib/dpkg/lock-frontend. It is held by process 763619 (apt)...
Waiting for cache lock: Could not get lock /var/lib/dpkg/lock-frontend. It is held by process 763619 (apt)...
Waiting for cache lock: Could not get lock /var/lib/dpkg/lock-frontend. It is held by process 763619 (apt)...
Waiting for cache lock: Could not get lock /var/lib/dpkg/lock-frontend. It is held by process 763619 (apt)...
Waiting for cache lock: Could not get lock /var/lib/dpkg/lock-frontend. It is held by process 763619 (apt)...
Waiting for cache lock: Could not get lock /var/lib/dpkg/lock-frontend. It is held by process 763619 (apt)...
Waiting for cache lock: Could not get lock /var/lib/dpkg/lock-frontend. It is held by process 763619 (apt)...
Waiting for cache lock: Could not get lock /var/lib/dpkg/lock-frontend. It is held by process 763619 (apt)...
Waiting for cache lock: Could not get lock /var/lib/dpkg/lock-frontend. It is held by process 763619 (apt)...
Waiting for cache lock: Could not get lock /var/lib/dpkg/lock-frontend. It is held by process 763619 (apt)...
Waiting for cache lock: Could not get lock /var/lib/dpkg/lock-frontend. It is held by process 763619 (apt)...
Waiting for cache lock: Could not get lock /var/lib/dpkg/lock-frontend. It is held by process 763619 (apt)...
Waiting for cache lock: Could not get lock /var/lib/dpkg/lock-frontend. It is held by process 763619 (apt)...
Waiting for cache lock: Could not get lock /var/lib/dpkg/lock-frontend. It is held by process 763619 (apt)...
Waiting for cache lock: Could not get lock /var/lib/dpkg/lock-frontend. It is held by process 763619 (apt)...
Waiting for cache lock: Could not get lock /var/lib/dpkg/lock-frontend. It is held by process 763619 (apt)...
Waiting for cache lock: Could not get lock /var/lib/dpkg/lock-frontend. It is held by process 763619 (apt)...
Waiting for cache lock: Could not get lock /var/lib/dpkg/lock-frontend. It is held by process 763619 (apt)...
Waiting for cache lock: Could not get lock /var/lib/dpkg/lock-frontend. It is held by process 763619 (apt)...
Waiting for cache lock: Could not get lock /var/lib/dpkg/lock-frontend. It is held by process 763619 (apt)...
Waiting for cache lock: Could not get lock /var/lib/dpkg/lock-frontend. It is held by process 763619 (apt)...Traceback (most recent call last):
  File "/home/ubuntu/trends-script/scraper.py", line 267, in <module>
    main()
  File "/home/ubuntu/trends-script/scraper.py", line 260, in main
    htmlstring = get_html_from_site()
  File "/home/ubuntu/trends-script/scraper.py", line 40, in get_html_from_site
    iframe = driver.find_element_by_xpath(xpath_iframe_lp)  # switch to it
  File "/usr/local/lib/python3.8/dist-packages/selenium/webdriver/remote/webdriver.py", line 394, in find_element_by_xpath
    return self.find_element(by=By.XPATH, value=xpath)
  File "/usr/local/lib/python3.8/dist-packages/selenium/webdriver/remote/webdriver.py", line 976, in find_element
    return self.execute(Command.FIND_ELEMENT, {
  File "/usr/local/lib/python3.8/dist-packages/selenium/webdriver/remote/webdriver.py", line 321, in execute
    self.error_handler.check_response(response)
  File "/usr/local/lib/python3.8/dist-packages/selenium/webdriver/remote/errorhandler.py", line 242, in check_response
    raise exception_class(message, screen, stacktrace)
selenium.common.exceptions.NoSuchElementException: Message: no such element: Unable to locate element: {"method":"xpath","selector":"//*[@id="main-center-col"]/div/p[12]/iframe"}
  (Session info: headless chrome=83.0.4103.97)


WARNING: apt does not have a stable CLI interface. Use with caution in scripts.


Waiting for cache lock: Could not get lock /var/lib/dpkg/lock-frontend. It is held by process 763619 (apt)...
Waiting for cache lock: Could not get lock /var/lib/dpkg/lock-frontend. It is held by process 763619 (apt)...
Waiting for cache lock: Could not get lock /var/lib/dpkg/lock-frontend. It is held by process 763619 (apt)...Reading package lists...
Waiting for cache lock: Could not get lock /var/lib/dpkg/lock-frontend. It is held by process 763619 (apt)...
Waiting for cache lock: Could not get lock /var/lib/dpkg/lock-frontend. It is held by process 763619 (apt)...
Waiting for cache lock: Could not get lock /var/lib/dpkg/lock-frontend. It is held by process 763619 (apt)...
Waiting for cache lock: Could not get lock /var/lib/dpkg/lock-frontend. It is held by process 763619 (apt)...
Waiting for cache lock: Could not get lock /var/lib/dpkg/lock-frontend. It is held by process 763619 (apt)...
Waiting for cache lock: Could not get lock /var/lib/dpkg/lock-frontend. It is held by process 763619 (apt)...
Waiting for cache lock: Could not get lock /var/lib/dpkg/lock-frontend. It is held by process 763619 (apt)...
Waiting for cache lock: Could not get lock /var/lib/dpkg/lock-frontend. It is held by process 763619 (apt)...
Waiting for cache lock: Could not get lock /var/lib/dpkg/lock-frontend. It is held by process 763619 (apt)...
Waiting for cache lock: Could not get lock /var/lib/dpkg/lock-frontend. It is held by process 763619 (apt)...
Waiting for cache lock: Could not get lock /var/lib/dpkg/lock-frontend. It is held by process 763619 (apt)...
Waiting for cache lock: Could not get lock /var/lib/dpkg/lock-frontend. It is held by process 763619 (apt)...
Waiting for cache lock: Could not get lock /var/lib/dpkg/lock-frontend. It is held by process 763619 (apt)...
Waiting for cache lock: Could not get lock /var/lib/dpkg/lock-frontend. It is held by process 763619 (apt)...
Waiting for cache lock: Could not get lock /var/lib/dpkg/lock-frontend. It is held by process 763619 (apt)...
Waiting for cache lock: Could not get lock /var/lib/dpkg/lock-frontend. It is held by process 763619 (apt)...
Waiting for cache lock: Could not get lock /var/lib/dpkg/lock-frontend. It is held by process 763619 (apt)...
Waiting for cache lock: Could not get lock /var/lib/dpkg/lock-frontend. It is held by process 763619 (apt)...
Waiting for cache lock: Could not get lock /var/lib/dpkg/lock-frontend. It is held by process 763619 (apt)...
Waiting for cache lock: Could not get lock /var/lib/dpkg/lock-frontend. It is held by process 763619 (apt)...
Waiting for cache lock: Could not get lock /var/lib/dpkg/lock-frontend. It is held by process 763619 (apt)...
Waiting for cache lock: Could not get lock /var/lib/dpkg/lock-frontend. It is held by process 763619 (apt)...
Waiting for cache lock: Could not get lock /var/lib/dpkg/lock-frontend. It is held by process 763619 (apt)...
Waiting for cache lock: Could not get lock /var/lib/dpkg/lock-frontend. It is held by process 763619 (apt)...
Waiting for cache lock: Could not get lock /var/lib/dpkg/lock-frontend. It is held by process 763619 (apt)...
Waiting for cache lock: Could not get lock /var/lib/dpkg/lock-frontend. It is held by process 763619 (apt)...
Waiting for cache lock: Could not get lock /var/lib/dpkg/lock-frontend. It is held by process 763619 (apt)...
Waiting for cache lock: Could not get lock /var/lib/dpkg/lock-frontend. It is held by process 763619 (apt)...
Waiting for cache lock: Could not get lock /var/lib/dpkg/lock-frontend. It is held by process 763619 (apt)...
Waiting for cache lock: Could not get lock /var/lib/dpkg/lock-frontend. It is held by process 763619 (apt)...
Waiting for cache lock: Could not get lock /var/lib/dpkg/lock-frontend. It is held by process 763619 (apt)...
Waiting for cache lock: Could not get lock /var/lib/dpkg/lock-frontend. It is held by process 763619 (apt)...
Waiting for cache lock: Could not get lock /var/lib/dpkg/lock-frontend. It is held by process 763619 (apt)...
Waiting for cache lock: Could not get lock /var/lib/dpkg/lock-frontend. It is held by process 763619 (apt)...
Waiting for cache lock: Could not get lock /var/lib/dpkg/lock-frontend. It is held by process 763619 (apt)...
Waiting for cache lock: Could not get lock /var/lib/dpkg/lock-frontend. It is held by process 763619 (apt)...
Waiting for cache lock: Could not get lock /var/lib/dpkg/lock-frontend. It is held by process 763619 (apt)...
Waiting for cache lock: Could not get lock /var/lib/dpkg/lock-frontend. It is held by process 763619 (apt)...
Waiting for cache lock: Could not get lock /var/lib/dpkg/lock-frontend. It is held by process 763619 (apt)...
Waiting for cache lock: Could not get lock /var/lib/dpkg/lock-frontend. It is held by process 763619 (apt)...
Waiting for cache lock: Could not get lock /var/lib/dpkg/lock-frontend. It is held by process 763619 (apt)...
Waiting for cache lock: Could not get lock /var/lib/dpkg/lock-frontend. It is held by process 763619 (apt)...
Waiting for cache lock: Could not get lock /var/lib/dpkg/lock-frontend. It is held by process 763619 (apt)...
Waiting for cache lock: Could not get lock /var/lib/dpkg/lock-frontend. It is held by process 763619 (apt)...
Waiting for cache lock: Could not get lock /var/lib/dpkg/lock-frontend. It is held by process 763619 (apt)...
Waiting for cache lock: Could not get lock /var/lib/dpkg/lock-frontend. It is held by process 763619 (apt)...
Waiting for cache lock: Could not get lock /var/lib/dpkg/lock-frontend. It is held by process 763619 (apt)...
Waiting for cache lock: Could not get lock /var/lib/dpkg/lock-frontend. It is held by process 763619 (apt)...
Waiting for cache lock: Could not get lock /var/lib/dpkg/lock-frontend. It is held by process 763619 (apt)...
Waiting for cache lock: Could not get lock /var/lib/dpkg/lock-frontend. It is held by process 763619 (apt)...
Waiting for cache lock: Could not get lock /var/lib/dpkg/lock-frontend. It is held by process 763619 (apt)...
Waiting for cache lock: Could not get lock /var/lib/dpkg/lock-frontend. It is held by process 763619 (apt)...
Waiting for cache lock: Could not get lock /var/lib/dpkg/lock-frontend. It is held by process 763619 (apt)...
Waiting for cache lock: Could not get lock /var/lib/dpkg/lock-frontend. It is held by process 763619 (apt)...
Waiting for cache lock: Could not get lock /var/lib/dpkg/lock-frontend. It is held by process 763619 (apt)...
Waiting for cache lock: Could not get lock /var/lib/dpkg/lock-frontend. It is held by process 763619 (apt)...
Waiting for cache lock: Could not get lock /var/lib/dpkg/lock-frontend. It is held by process 763619 (apt)...
Waiting for cache lock: Could not get lock /var/lib/dpkg/lock-frontend. It is held by process 763619 (apt)...
Waiting for cache lock: Could not get lock /var/lib/dpkg/lock-frontend. It is held by process 763619 (apt)...
Waiting for cache lock: Could not get lock /var/lib/dpkg/lock-frontend. It is held by process 763619 (apt)...
Waiting for cache lock: Could not get lock /var/lib/dpkg/lock-frontend. It is held by process 763619 (apt)...
Waiting for cache lock: Could not get lock /var/lib/dpkg/lock-frontend. It is held by process 763619 (apt)...
Waiting for cache lock: Could not get lock /var/lib/dpkg/lock-frontend. It is held by process 763619 (apt)...
Waiting for cache lock: Could not get lock /var/lib/dpkg/lock-frontend. It is held by process 763619 (apt)...
Waiting for cache lock: Could not get lock /var/lib/dpkg/lock-frontend. It is held by process 763619 (apt)...
Waiting for cache lock: Could not get lock /var/lib/dpkg/lock-frontend. It is held by process 763619 (apt)...
Waiting for cache lock: Could not get lock /var/lib/dpkg/lock-frontend. It is held by process 763619 (apt)...
Waiting for cache lock: Could not get lock /var/lib/dpkg/lock-frontend. It is held by process 763619 (apt)...
Waiting for cache lock: Could not get lock /var/lib/dpkg/lock-frontend. It is held by process 763619 (apt)...
Waiting for cache lock: Could not get lock /var/lib/dpkg/lock-frontend. It is held by process 763619 (apt)...
Waiting for cache lock: Could not get lock /var/lib/dpkg/lock-frontend. It is held by process 763619 (apt)...
Waiting for cache lock: Could not get lock /var/lib/dpkg/lock-frontend. It is held by process 763619 (apt)...
Waiting for cache lock: Could not get lock /var/lib/dpkg/lock-frontend. It is held by process 763619 (apt)...
Waiting for cache lock: Could not get lock /var/lib/dpkg/lock-frontend. It is held by process 763619 (apt)...
Waiting for cache lock: Could not get lock /var/lib/dpkg/lock-frontend. It is held by process 763619 (apt)...
Waiting for cache lock: Could not get lock /var/lib/dpkg/lock-frontend. It is held by process 763619 (apt)...
Waiting for cache lock: Could not get lock /var/lib/dpkg/lock-frontend. It is held by process 763619 (apt)...
Waiting for cache lock: Could not get lock /var/lib/dpkg/lock-frontend. It is held by process 763619 (apt)...
Waiting for cache lock: Could not get lock /var/lib/dpkg/lock-frontend. It is held by process 763619 (apt)...
Waiting for cache lock: Could not get lock /var/lib/dpkg/lock-frontend. It is held by process 763619 (apt)...
Waiting for cache lock: Could not get lock /var/lib/dpkg/lock-frontend. It is held by process 763619 (apt)...
Waiting for cache lock: Could not get lock /var/lib/dpkg/lock-frontend. It is held by process 763619 (apt)...
Waiting for cache lock: Could not get lock /var/lib/dpkg/lock-frontend. It is held by process 763619 (apt)...
Waiting for cache lock: Could not get lock /var/lib/dpkg/lock-frontend. It is held by process 763619 (apt)...
Waiting for cache lock: Could not get lock /var/lib/dpkg/lock-frontend. It is held by process 763619 (apt)...
Waiting for cache lock: Could not get lock /var/lib/dpkg/lock-frontend. It is held by process 763619 (apt)...
Waiting for cache lock: Could not get lock /var/lib/dpkg/lock-frontend. It is held by process 763619 (apt)...
E: Unable to acquire the dpkg frontend lock (/var/lib/dpkg/lock-frontend), is another process using it?

E: Could not get lock /var/lib/apt/lists/lock. It is held by process 756207 (apt)
E: Unable to lock directory /var/lib/apt/lists/

WARNING: apt does not have a stable CLI interface. Use with caution in scripts.

Waiting for cache lock: Could not get lock /var/lib/dpkg/lock-frontend. It is held by process 763619 (apt)...
Waiting for cache lock: Could not get lock /var/lib/dpkg/lock-frontend. It is held by process 763619 (apt)...
Waiting for cache lock: Could not get lock /var/lib/dpkg/lock-frontend. It is held by process 763619 (apt)...
Waiting for cache lock: Could not get lock /var/lib/dpkg/lock-frontend. It is held by process 763619 (apt)...
Waiting for cache lock: Could not get lock /var/lib/dpkg/lock-frontend. It is held by process 763619 (apt)...
Waiting for cache lock: Could not get lock /var/lib/dpkg/lock-frontend. It is held by process 763619 (apt)...
Waiting for cache lock: Could not get lock /var/lib/dpkg/lock-frontend. It is held by process 763619 (apt)...
Waiting for cache lock: Could not get lock /var/lib/dpkg/lock-frontend. It is held by process 763619 (apt)...
Waiting for cache lock: Could not get lock /var/lib/dpkg/lock-frontend. It is held by process 763619 (apt)...
Waiting for cache lock: Could not get lock /var/lib/dpkg/lock-frontend. It is held by process 763619 (apt)...
Waiting for cache lock: Could not get lock /var/lib/dpkg/lock-frontend. It is held by process 763619 (apt)...
Waiting for cache lock: Could not get lock /var/lib/dpkg/lock-frontend. It is held by process 763619 (apt)...
Waiting for cache lock: Could not get lock /var/lib/dpkg/lock-frontend. It is held by process 763619 (apt)...
Waiting for cache lock: Could not get lock /var/lib/dpkg/lock-frontend. It is held by process 763619 (apt)...
Waiting for cache lock: Could not get lock /var/lib/dpkg/lock-frontend. It is held by process 763619 (apt)...
Waiting for cache lock: Could not get lock /var/lib/dpkg/lock-frontend. It is held by process 763619 (apt)...
Waiting for cache lock: Could not get lock /var/lib/dpkg/lock-frontend. It is held by process 763619 (apt)...
Waiting for cache lock: Could not get lock /var/lib/dpkg/lock-frontend. It is held by process 763619 (apt)...
Waiting for cache lock: Could not get lock /var/lib/dpkg/lock-frontend. It is held by process 763619 (apt)...
Waiting for cache lock: Could not get lock /var/lib/dpkg/lock-frontend. It is held by process 763619 (apt)...
Waiting for cache lock: Could not get lock /var/lib/dpkg/lock-frontend. It is held by process 763619 (apt)...
Waiting for cache lock: Could not get lock /var/lib/dpkg/lock-frontend. It is held by process 763619 (apt)...
Waiting for cache lock: Could not get lock /var/lib/dpkg/lock-frontend. It is held by process 763619 (apt)...
Waiting for cache lock: Could not get lock /var/lib/dpkg/lock-frontend. It is held by process 763619 (apt)...
Waiting for cache lock: Could not get lock /var/lib/dpkg/lock-frontend. It is held by process 763619 (apt)...
Waiting for cache lock: Could not get lock /var/lib/dpkg/lock-frontend. It is held by process 763619 (apt)...
Waiting for cache lock: Could not get lock /var/lib/dpkg/lock-frontend. It is held by process 763619 (apt)...
Waiting for cache lock: Could not get lock /var/lib/dpkg/lock-frontend. It is held by process 763619 (apt)...
Waiting for cache lock: Could not get lock /var/lib/dpkg/lock-frontend. It is held by process 763619 (apt)...
Waiting for cache lock: Could not get lock /var/lib/dpkg/lock-frontend. It is held by process 763619 (apt)...
Waiting for cache lock: Could not get lock /var/lib/dpkg/lock-frontend. It is held by process 763619 (apt)...
Waiting for cache lock: Could not get lock /var/lib/dpkg/lock-frontend. It is held by process 763619 (apt)...
Waiting for cache lock: Could not get lock /var/lib/dpkg/lock-frontend. It is held by process 763619 (apt)...
Waiting for cache lock: Could not get lock /var/lib/dpkg/lock-frontend. It is held by process 763619 (apt)...
Waiting for cache lock: Could not get lock /var/lib/dpkg/lock-frontend. It is held by process 763619 (apt)...
Waiting for cache lock: Could not get lock /var/lib/dpkg/lock-frontend. It is held by process 763619 (apt)...
Waiting for cache lock: Could not get lock /var/lib/dpkg/lock-frontend. It is held by process 763619 (apt)...
Waiting for cache lock: Could not get lock /var/lib/dpkg/lock-frontend. It is held by process 763619 (apt)...
Waiting for cache lock: Could not get lock /var/lib/dpkg/lock-frontend. It is held by process 763619 (apt)...
WARNING: apt does not have a stable CLI interface. Use with caution in scripts.


Waiting for cache lock: Could not get lock /var/lib/dpkg/lock-frontend. It is held by process 763619 (apt)...
Waiting for cache lock: Could not get lock /var/lib/dpkg/lock-frontend. It is held by process 763619 (apt)...Requirement already satisfied: selenium in /usr/local/lib/python3.8/dist-packages (3.141.0)
Requirement already satisfied: urllib3 in /usr/lib/python3/dist-packages (from selenium) (1.25.8)

Waiting for cache lock: Could not get lock /var/lib/dpkg/lock-frontend. It is held by process 763619 (apt)...
Waiting for cache lock: Could not get lock /var/lib/dpkg/lock-frontend. It is held by process 763619 (apt)...
Waiting for cache lock: Could not get lock /var/lib/dpkg/lock-frontend. It is held by process 763619 (apt)...
Waiting for cache lock: Could not get lock /var/lib/dpkg/lock-frontend. It is held by process 763619 (apt)...Reading package lists...
Waiting for cache lock: Could not get lock /var/lib/dpkg/lock-frontend. It is held by process 763619 (apt)...
Waiting for cache lock: Could not get lock /var/lib/dpkg/lock-frontend. It is held by process 763619 (apt)...
Waiting for cache lock: Could not get lock /var/lib/dpkg/lock-frontend. It is held by process 763619 (apt)...
Waiting for cache lock: Could not get lock /var/lib/dpkg/lock-frontend. It is held by process 763619 (apt)...
Waiting for cache lock: Could not get lock /var/lib/dpkg/lock-frontend. It is held by process 763619 (apt)...
Waiting for cache lock: Could not get lock /var/lib/dpkg/lock-frontend. It is held by process 763619 (apt)...
Waiting for cache lock: Could not get lock /var/lib/dpkg/lock-frontend. It is held by process 763619 (apt)...
Waiting for cache lock: Could not get lock /var/lib/dpkg/lock-frontend. It is held by process 763619 (apt)...
Waiting for cache lock: Could not get lock /var/lib/dpkg/lock-frontend. It is held by process 763619 (apt)...
Waiting for cache lock: Could not get lock /var/lib/dpkg/lock-frontend. It is held by process 763619 (apt)...
Waiting for cache lock: Could not get lock /var/lib/dpkg/lock-frontend. It is held by process 763619 (apt)...
Waiting for cache lock: Could not get lock /var/lib/dpkg/lock-frontend. It is held by process 763619 (apt)...
Waiting for cache lock: Could not get lock /var/lib/dpkg/lock-frontend. It is held by process 763619 (apt)...
Waiting for cache lock: Could not get lock /var/lib/dpkg/lock-frontend. It is held by process 763619 (apt)...
Waiting for cache lock: Could not get lock /var/lib/dpkg/lock-frontend. It is held by process 763619 (apt)...
Waiting for cache lock: Could not get lock /var/lib/dpkg/lock-frontend. It is held by process 763619 (apt)...
Waiting for cache lock: Could not get lock /var/lib/dpkg/lock-frontend. It is held by process 763619 (apt)...
Waiting for cache lock: Could not get lock /var/lib/dpkg/lock-frontend. It is held by process 763619 (apt)...
Waiting for cache lock: Could not get lock /var/lib/dpkg/lock-frontend. It is held by process 763619 (apt)...
Waiting for cache lock: Could not get lock /var/lib/dpkg/lock-frontend. It is held by process 763619 (apt)...
Waiting for cache lock: Could not get lock /var/lib/dpkg/lock-frontend. It is held by process 763619 (apt)...
Waiting for cache lock: Could not get lock /var/lib/dpkg/lock-frontend. It is held by process 763619 (apt)...
Waiting for cache lock: Could not get lock /var/lib/dpkg/lock-frontend. It is held by process 763619 (apt)...
Waiting for cache lock: Could not get lock /var/lib/dpkg/lock-frontend. It is held by process 763619 (apt)...
Waiting for cache lock: Could not get lock /var/lib/dpkg/lock-frontend. It is held by process 763619 (apt)...
Waiting for cache lock: Could not get lock /var/lib/dpkg/lock-frontend. It is held by process 763619 (apt)...
Waiting for cache lock: Could not get lock /var/lib/dpkg/lock-frontend. It is held by process 763619 (apt)...
Waiting for cache lock: Could not get lock /var/lib/dpkg/lock-frontend. It is held by process 763619 (apt)...
Waiting for cache lock: Could not get lock /var/lib/dpkg/lock-frontend. It is held by process 763619 (apt)...
Waiting for cache lock: Could not get lock /var/lib/dpkg/lock-frontend. It is held by process 763619 (apt)...
Waiting for cache lock: Could not get lock /var/lib/dpkg/lock-frontend. It is held by process 763619 (apt)...
Waiting for cache lock: Could not get lock /var/lib/dpkg/lock-frontend. It is held by process 763619 (apt)...
Waiting for cache lock: Could not get lock /var/lib/dpkg/lock-frontend. It is held by process 763619 (apt)...
Waiting for cache lock: Could not get lock /var/lib/dpkg/lock-frontend. It is held by process 763619 (apt)...
Waiting for cache lock: Could not get lock /var/lib/dpkg/lock-frontend. It is held by process 763619 (apt)...
Waiting for cache lock: Could not get lock /var/lib/dpkg/lock-frontend. It is held by process 763619 (apt)...
Waiting for cache lock: Could not get lock /var/lib/dpkg/lock-frontend. It is held by process 763619 (apt)...
Waiting for cache lock: Could not get lock /var/lib/dpkg/lock-frontend. It is held by process 763619 (apt)...
Waiting for cache lock: Could not get lock /var/lib/dpkg/lock-frontend. It is held by process 763619 (apt)...
Waiting for cache lock: Could not get lock /var/lib/dpkg/lock-frontend. It is held by process 763619 (apt)...
Waiting for cache lock: Could not get lock /var/lib/dpkg/lock-frontend. It is held by process 763619 (apt)...
Waiting for cache lock: Could not get lock /var/lib/dpkg/lock-frontend. It is held by process 763619 (apt)...
Waiting for cache lock: Could not get lock /var/lib/dpkg/lock-frontend. It is held by process 763619 (apt)...
Waiting for cache lock: Could not get lock /var/lib/dpkg/lock-frontend. It is held by process 763619 (apt)...
Waiting for cache lock: Could not get lock /var/lib/dpkg/lock-frontend. It is held by process 763619 (apt)...
Waiting for cache lock: Could not get lock /var/lib/dpkg/lock-frontend. It is held by process 763619 (apt)...
Waiting for cache lock: Could not get lock /var/lib/dpkg/lock-frontend. It is held by process 763619 (apt)...
Waiting for cache lock: Could not get lock /var/lib/dpkg/lock-frontend. It is held by process 763619 (apt)...
Waiting for cache lock: Could not get lock /var/lib/dpkg/lock-frontend. It is held by process 763619 (apt)...
Waiting for cache lock: Could not get lock /var/lib/dpkg/lock-frontend. It is held by process 763619 (apt)...
Waiting for cache lock: Could not get lock /var/lib/dpkg/lock-frontend. It is held by process 763619 (apt)...
Waiting for cache lock: Could not get lock /var/lib/dpkg/lock-frontend. It is held by process 763619 (apt)...
Waiting for cache lock: Could not get lock /var/lib/dpkg/lock-frontend. It is held by process 763619 (apt)...
Waiting for cache lock: Could not get lock /var/lib/dpkg/lock-frontend. It is held by process 763619 (apt)...
Waiting for cache lock: Could not get lock /var/lib/dpkg/lock-frontend. It is held by process 763619 (apt)...
Waiting for cache lock: Could not get lock /var/lib/dpkg/lock-frontend. It is held by process 763619 (apt)...
Waiting for cache lock: Could not get lock /var/lib/dpkg/lock-frontend. It is held by process 763619 (apt)...
Waiting for cache lock: Could not get lock /var/lib/dpkg/lock-frontend. It is held by process 763619 (apt)...
Waiting for cache lock: Could not get lock /var/lib/dpkg/lock-frontend. It is held by process 763619 (apt)...
Waiting for cache lock: Could not get lock /var/lib/dpkg/lock-frontend. It is held by process 763619 (apt)...
Waiting for cache lock: Could not get lock /var/lib/dpkg/lock-frontend. It is held by process 763619 (apt)...
Waiting for cache lock: Could not get lock /var/lib/dpkg/lock-frontend. It is held by process 763619 (apt)...
Waiting for cache lock: Could not get lock /var/lib/dpkg/lock-frontend. It is held by process 763619 (apt)...
Waiting for cache lock: Could not get lock /var/lib/dpkg/lock-frontend. It is held by process 763619 (apt)...
Waiting for cache lock: Could not get lock /var/lib/dpkg/lock-frontend. It is held by process 763619 (apt)...
Waiting for cache lock: Could not get lock /var/lib/dpkg/lock-frontend. It is held by process 763619 (apt)...
Waiting for cache lock: Could not get lock /var/lib/dpkg/lock-frontend. It is held by process 763619 (apt)...
Waiting for cache lock: Could not get lock /var/lib/dpkg/lock-frontend. It is held by process 763619 (apt)...
Waiting for cache lock: Could not get lock /var/lib/dpkg/lock-frontend. It is held by process 763619 (apt)...
Waiting for cache lock: Could not get lock /var/lib/dpkg/lock-frontend. It is held by process 763619 (apt)...
Waiting for cache lock: Could not get lock /var/lib/dpkg/lock-frontend. It is held by process 763619 (apt)...
Waiting for cache lock: Could not get lock /var/lib/dpkg/lock-frontend. It is held by process 763619 (apt)...
Waiting for cache lock: Could not get lock /var/lib/dpkg/lock-frontend. It is held by process 763619 (apt)...
Waiting for cache lock: Could not get lock /var/lib/dpkg/lock-frontend. It is held by process 763619 (apt)...
Waiting for cache lock: Could not get lock /var/lib/dpkg/lock-frontend. It is held by process 763619 (apt)...
E: Unable to acquire the dpkg frontend lock (/var/lib/dpkg/lock-frontend), is another process using it?
Traceback (most recent call last):
  File "/home/ubuntu/trends-script/scraper.py", line 267, in <module>
    main()
  File "/home/ubuntu/trends-script/scraper.py", line 260, in main
    htmlstring = get_html_from_site()
  File "/home/ubuntu/trends-script/scraper.py", line 35, in get_html_from_site
    driver =webdriver.Chrome('chromedriver',options=options)
  File "/usr/local/lib/python3.8/dist-packages/selenium/webdriver/chrome/webdriver.py", line 76, in __init__
    RemoteWebDriver.__init__(
  File "/usr/local/lib/python3.8/dist-packages/selenium/webdriver/remote/webdriver.py", line 157, in __init__
    self.start_session(capabilities, browser_profile)
  File "/usr/local/lib/python3.8/dist-packages/selenium/webdriver/remote/webdriver.py", line 252, in start_session
    response = self.execute(Command.NEW_SESSION, parameters)
  File "/usr/local/lib/python3.8/dist-packages/selenium/webdriver/remote/webdriver.py", line 321, in execute
    self.error_handler.check_response(response)
  File "/usr/local/lib/python3.8/dist-packages/selenium/webdriver/remote/errorhandler.py", line 242, in check_response
    raise exception_class(message, screen, stacktrace)
selenium.common.exceptions.WebDriverException: Message: chrome not reachable


E: Could not get lock /var/lib/apt/lists/lock. It is held by process 756207 (apt)
E: Unable to lock directory /var/lib/apt/lists/

WARNING: apt does not have a stable CLI interface. Use with caution in scripts.

Waiting for cache lock: Could not get lock /var/lib/dpkg/lock-frontend. It is held by process 763619 (apt)...
Waiting for cache lock: Could not get lock /var/lib/dpkg/lock-frontend. It is held by process 763619 (apt)...
Waiting for cache lock: Could not get lock /var/lib/dpkg/lock-frontend. It is held by process 763619 (apt)...
Waiting for cache lock: Could not get lock /var/lib/dpkg/lock-frontend. It is held by process 763619 (apt)...
Waiting for cache lock: Could not get lock /var/lib/dpkg/lock-frontend. It is held by process 763619 (apt)...
Waiting for cache lock: Could not get lock /var/lib/dpkg/lock-frontend. It is held by process 763619 (apt)...
Waiting for cache lock: Could not get lock /var/lib/dpkg/lock-frontend. It is held by process 763619 (apt)...
Waiting for cache lock: Could not get lock /var/lib/dpkg/lock-frontend. It is held by process 763619 (apt)...
Waiting for cache lock: Could not get lock /var/lib/dpkg/lock-frontend. It is held by process 763619 (apt)...
Waiting for cache lock: Could not get lock /var/lib/dpkg/lock-frontend. It is held by process 763619 (apt)...
Waiting for cache lock: Could not get lock /var/lib/dpkg/lock-frontend. It is held by process 763619 (apt)...
Waiting for cache lock: Could not get lock /var/lib/dpkg/lock-frontend. It is held by process 763619 (apt)...
Waiting for cache lock: Could not get lock /var/lib/dpkg/lock-frontend. It is held by process 763619 (apt)...
Waiting for cache lock: Could not get lock /var/lib/dpkg/lock-frontend. It is held by process 763619 (apt)...
Waiting for cache lock: Could not get lock /var/lib/dpkg/lock-frontend. It is held by process 763619 (apt)...
Waiting for cache lock: Could not get lock /var/lib/dpkg/lock-frontend. It is held by process 763619 (apt)...
Waiting for cache lock: Could not get lock /var/lib/dpkg/lock-frontend. It is held by process 763619 (apt)...
Waiting for cache lock: Could not get lock /var/lib/dpkg/lock-frontend. It is held by process 763619 (apt)...
Waiting for cache lock: Could not get lock /var/lib/dpkg/lock-frontend. It is held by process 763619 (apt)...
Waiting for cache lock: Could not get lock /var/lib/dpkg/lock-frontend. It is held by process 763619 (apt)...
Waiting for cache lock: Could not get lock /var/lib/dpkg/lock-frontend. It is held by process 763619 (apt)...
Waiting for cache lock: Could not get lock /var/lib/dpkg/lock-frontend. It is held by process 763619 (apt)...
Waiting for cache lock: Could not get lock /var/lib/dpkg/lock-frontend. It is held by process 763619 (apt)...
Waiting for cache lock: Could not get lock /var/lib/dpkg/lock-frontend. It is held by process 763619 (apt)...
Waiting for cache lock: Could not get lock /var/lib/dpkg/lock-frontend. It is held by process 763619 (apt)...
Waiting for cache lock: Could not get lock /var/lib/dpkg/lock-frontend. It is held by process 763619 (apt)...
Waiting for cache lock: Could not get lock /var/lib/dpkg/lock-frontend. It is held by process 763619 (apt)...
Waiting for cache lock: Could not get lock /var/lib/dpkg/lock-frontend. It is held by process 763619 (apt)...
Waiting for cache lock: Could not get lock /var/lib/dpkg/lock-frontend. It is held by process 763619 (apt)...
Waiting for cache lock: Could not get lock /var/lib/dpkg/lock-frontend. It is held by process 763619 (apt)...
Waiting for cache lock: Could not get lock /var/lib/dpkg/lock-frontend. It is held by process 763619 (apt)...
Waiting for cache lock: Could not get lock /var/lib/dpkg/lock-frontend. It is held by process 763619 (apt)...
Waiting for cache lock: Could not get lock /var/lib/dpkg/lock-frontend. It is held by process 763619 (apt)...
Waiting for cache lock: Could not get lock /var/lib/dpkg/lock-frontend. It is held by process 763619 (apt)...
Waiting for cache lock: Could not get lock /var/lib/dpkg/lock-frontend. It is held by process 763619 (apt)...
Waiting for cache lock: Could not get lock /var/lib/dpkg/lock-frontend. It is held by process 763619 (apt)...Requirement already satisfied: selenium in /usr/local/lib/python3.8/dist-packages (3.141.0)

Waiting for cache lock: Could not get lock /var/lib/dpkg/lock-frontend. It is held by process 763619 (apt)...Requirement already satisfied: urllib3 in /usr/lib/python3/dist-packages (from selenium) (1.25.8)

Waiting for cache lock: Could not get lock /var/lib/dpkg/lock-frontend. It is held by process 763619 (apt)...
Waiting for cache lock: Could not get lock /var/lib/dpkg/lock-frontend. It is held by process 763619 (apt)...
Waiting for cache lock: Could not get lock /var/lib/dpkg/lock-frontend. It is held by process 763619 (apt)...
Waiting for cache lock: Could not get lock /var/lib/dpkg/lock-frontend. It is held by process 763619 (apt)...
Waiting for cache lock: Could not get lock /var/lib/dpkg/lock-frontend. It is held by process 763619 (apt)...
Waiting for cache lock: Could not get lock /var/lib/dpkg/lock-frontend. It is held by process 763619 (apt)...
Waiting for cache lock: Could not get lock /var/lib/dpkg/lock-frontend. It is held by process 763619 (apt)...
Waiting for cache lock: Could not get lock /var/lib/dpkg/lock-frontend. It is held by process 763619 (apt)...
Waiting for cache lock: Could not get lock /var/lib/dpkg/lock-frontend. It is held by process 763619 (apt)...
Waiting for cache lock: Could not get lock /var/lib/dpkg/lock-frontend. It is held by process 763619 (apt)...
Waiting for cache lock: Could not get lock /var/lib/dpkg/lock-frontend. It is held by process 763619 (apt)...
Waiting for cache lock: Could not get lock /var/lib/dpkg/lock-frontend. It is held by process 763619 (apt)...
Waiting for cache lock: Could not get lock /var/lib/dpkg/lock-frontend. It is held by process 763619 (apt)...
Waiting for cache lock: Could not get lock /var/lib/dpkg/lock-frontend. It is held by process 763619 (apt)...
Waiting for cache lock: Could not get lock /var/lib/dpkg/lock-frontend. It is held by process 763619 (apt)...
Waiting for cache lock: Could not get lock /var/lib/dpkg/lock-frontend. It is held by process 763619 (apt)...
Waiting for cache lock: Could not get lock /var/lib/dpkg/lock-frontend. It is held by process 763619 (apt)...
Waiting for cache lock: Could not get lock /var/lib/dpkg/lock-frontend. It is held by process 763619 (apt)...
Waiting for cache lock: Could not get lock /var/lib/dpkg/lock-frontend. It is held by process 763619 (apt)...
Waiting for cache lock: Could not get lock /var/lib/dpkg/lock-frontend. It is held by process 763619 (apt)...
Waiting for cache lock: Could not get lock /var/lib/dpkg/lock-frontend. It is held by process 763619 (apt)...
Waiting for cache lock: Could not get lock /var/lib/dpkg/lock-frontend. It is held by process 763619 (apt)...
Waiting for cache lock: Could not get lock /var/lib/dpkg/lock-frontend. It is held by process 763619 (apt)...
Waiting for cache lock: Could not get lock /var/lib/dpkg/lock-frontend. It is held by process 763619 (apt)...
Waiting for cache lock: Could not get lock /var/lib/dpkg/lock-frontend. It is held by process 763619 (apt)...
Waiting for cache lock: Could not get lock /var/lib/dpkg/lock-frontend. It is held by process 763619 (apt)...
Waiting for cache lock: Could not get lock /var/lib/dpkg/lock-frontend. It is held by process 763619 (apt)...
Waiting for cache lock: Could not get lock /var/lib/dpkg/lock-frontend. It is held by process 763619 (apt)...
Waiting for cache lock: Could not get lock /var/lib/dpkg/lock-frontend. It is held by process 763619 (apt)...
Waiting for cache lock: Could not get lock /var/lib/dpkg/lock-frontend. It is held by process 763619 (apt)...
Waiting for cache lock: Could not get lock /var/lib/dpkg/lock-frontend. It is held by process 763619 (apt)...
Waiting for cache lock: Could not get lock /var/lib/dpkg/lock-frontend. It is held by process 763619 (apt)...
Waiting for cache lock: Could not get lock /var/lib/dpkg/lock-frontend. It is held by process 763619 (apt)...
Waiting for cache lock: Could not get lock /var/lib/dpkg/lock-frontend. It is held by process 763619 (apt)...
Waiting for cache lock: Could not get lock /var/lib/dpkg/lock-frontend. It is held by process 763619 (apt)...
Waiting for cache lock: Could not get lock /var/lib/dpkg/lock-frontend. It is held by process 763619 (apt)...
Waiting for cache lock: Could not get lock /var/lib/dpkg/lock-frontend. It is held by process 763619 (apt)...
Waiting for cache lock: Could not get lock /var/lib/dpkg/lock-frontend. It is held by process 763619 (apt)...
Waiting for cache lock: Could not get lock /var/lib/dpkg/lock-frontend. It is held by process 763619 (apt)...
Waiting for cache lock: Could not get lock /var/lib/dpkg/lock-frontend. It is held by process 763619 (apt)...
WARNING: apt does not have a stable CLI interface. Use with caution in scripts.


Waiting for cache lock: Could not get lock /var/lib/dpkg/lock-frontend. It is held by process 763619 (apt)...
Waiting for cache lock: Could not get lock /var/lib/dpkg/lock-frontend. It is held by process 763619 (apt)...
Waiting for cache lock: Could not get lock /var/lib/dpkg/lock-frontend. It is held by process 763619 (apt)...
Waiting for cache lock: Could not get lock /var/lib/dpkg/lock-frontend. It is held by process 763619 (apt)...
Waiting for cache lock: Could not get lock /var/lib/dpkg/lock-frontend. It is held by process 763619 (apt)...
Waiting for cache lock: Could not get lock /var/lib/dpkg/lock-frontend. It is held by process 763619 (apt)...Reading package lists...
Waiting for cache lock: Could not get lock /var/lib/dpkg/lock-frontend. It is held by process 763619 (apt)...
Waiting for cache lock: Could not get lock /var/lib/dpkg/lock-frontend. It is held by process 763619 (apt)...
Waiting for cache lock: Could not get lock /var/lib/dpkg/lock-frontend. It is held by process 763619 (apt)...
Waiting for cache lock: Could not get lock /var/lib/dpkg/lock-frontend. It is held by process 763619 (apt)...
Waiting for cache lock: Could not get lock /var/lib/dpkg/lock-frontend. It is held by process 763619 (apt)...
Waiting for cache lock: Could not get lock /var/lib/dpkg/lock-frontend. It is held by process 763619 (apt)...
Waiting for cache lock: Could not get lock /var/lib/dpkg/lock-frontend. It is held by process 763619 (apt)...
Waiting for cache lock: Could not get lock /var/lib/dpkg/lock-frontend. It is held by process 763619 (apt)...
Waiting for cache lock: Could not get lock /var/lib/dpkg/lock-frontend. It is held by process 763619 (apt)...
Waiting for cache lock: Could not get lock /var/lib/dpkg/lock-frontend. It is held by process 763619 (apt)...
Waiting for cache lock: Could not get lock /var/lib/dpkg/lock-frontend. It is held by process 763619 (apt)...
Waiting for cache lock: Could not get lock /var/lib/dpkg/lock-frontend. It is held by process 763619 (apt)...
Waiting for cache lock: Could not get lock /var/lib/dpkg/lock-frontend. It is held by process 763619 (apt)...
Waiting for cache lock: Could not get lock /var/lib/dpkg/lock-frontend. It is held by process 763619 (apt)...
Waiting for cache lock: Could not get lock /var/lib/dpkg/lock-frontend. It is held by process 763619 (apt)...
Waiting for cache lock: Could not get lock /var/lib/dpkg/lock-frontend. It is held by process 763619 (apt)...
Waiting for cache lock: Could not get lock /var/lib/dpkg/lock-frontend. It is held by process 763619 (apt)...
Waiting for cache lock: Could not get lock /var/lib/dpkg/lock-frontend. It is held by process 763619 (apt)...
Waiting for cache lock: Could not get lock /var/lib/dpkg/lock-frontend. It is held by process 763619 (apt)...
Waiting for cache lock: Could not get lock /var/lib/dpkg/lock-frontend. It is held by process 763619 (apt)...
Waiting for cache lock: Could not get lock /var/lib/dpkg/lock-frontend. It is held by process 763619 (apt)...
Waiting for cache lock: Could not get lock /var/lib/dpkg/lock-frontend. It is held by process 763619 (apt)...
Waiting for cache lock: Could not get lock /var/lib/dpkg/lock-frontend. It is held by process 763619 (apt)...
Waiting for cache lock: Could not get lock /var/lib/dpkg/lock-frontend. It is held by process 763619 (apt)...
Waiting for cache lock: Could not get lock /var/lib/dpkg/lock-frontend. It is held by process 763619 (apt)...
Waiting for cache lock: Could not get lock /var/lib/dpkg/lock-frontend. It is held by process 763619 (apt)...
Waiting for cache lock: Could not get lock /var/lib/dpkg/lock-frontend. It is held by process 763619 (apt)...
Waiting for cache lock: Could not get lock /var/lib/dpkg/lock-frontend. It is held by process 763619 (apt)...
Waiting for cache lock: Could not get lock /var/lib/dpkg/lock-frontend. It is held by process 763619 (apt)...
Waiting for cache lock: Could not get lock /var/lib/dpkg/lock-frontend. It is held by process 763619 (apt)...
Waiting for cache lock: Could not get lock /var/lib/dpkg/lock-frontend. It is held by process 763619 (apt)...
Waiting for cache lock: Could not get lock /var/lib/dpkg/lock-frontend. It is held by process 763619 (apt)...
Waiting for cache lock: Could not get lock /var/lib/dpkg/lock-frontend. It is held by process 763619 (apt)...
Waiting for cache lock: Could not get lock /var/lib/dpkg/lock-frontend. It is held by process 763619 (apt)...
Waiting for cache lock: Could not get lock /var/lib/dpkg/lock-frontend. It is held by process 763619 (apt)...
Waiting for cache lock: Could not get lock /var/lib/dpkg/lock-frontend. It is held by process 763619 (apt)...
Waiting for cache lock: Could not get lock /var/lib/dpkg/lock-frontend. It is held by process 763619 (apt)...
E: Unable to acquire the dpkg frontend lock (/var/lib/dpkg/lock-frontend), is another process using it?
Traceback (most recent call last):
  File "/home/ubuntu/trends-script/scraper.py", line 267, in <module>
    main()
  File "/home/ubuntu/trends-script/scraper.py", line 260, in main
    htmlstring = get_html_from_site()
  File "/home/ubuntu/trends-script/scraper.py", line 35, in get_html_from_site
    driver =webdriver.Chrome('chromedriver',options=options)
  File "/usr/local/lib/python3.8/dist-packages/selenium/webdriver/chrome/webdriver.py", line 76, in __init__
    RemoteWebDriver.__init__(
  File "/usr/local/lib/python3.8/dist-packages/selenium/webdriver/remote/webdriver.py", line 157, in __init__
    self.start_session(capabilities, browser_profile)
  File "/usr/local/lib/python3.8/dist-packages/selenium/webdriver/remote/webdriver.py", line 252, in start_session
    response = self.execute(Command.NEW_SESSION, parameters)
  File "/usr/local/lib/python3.8/dist-packages/selenium/webdriver/remote/webdriver.py", line 321, in execute
    self.error_handler.check_response(response)
  File "/usr/local/lib/python3.8/dist-packages/selenium/webdriver/remote/errorhandler.py", line 242, in check_response
    raise exception_class(message, screen, stacktrace)
selenium.common.exceptions.WebDriverException: Message: chrome not reachable
  (Session info: headless chrome=83.0.4103.97)

Requirement already satisfied: selenium in /usr/local/lib/python3.8/dist-packages (3.141.0)
Requirement already satisfied: urllib3 in /usr/lib/python3/dist-packages (from selenium) (1.25.8)

E: Could not get lock /var/lib/apt/lists/lock. It is held by process 756207 (apt)
E: Unable to lock directory /var/lib/apt/lists/

WARNING: apt does not have a stable CLI interface. Use with caution in scripts.

Waiting for cache lock: Could not get lock /var/lib/dpkg/lock-frontend. It is held by process 763619 (apt)...
Waiting for cache lock: Could not get lock /var/lib/dpkg/lock-frontend. It is held by process 763619 (apt)...
Waiting for cache lock: Could not get lock /var/lib/dpkg/lock-frontend. It is held by process 763619 (apt)...
Waiting for cache lock: Could not get lock /var/lib/dpkg/lock-frontend. It is held by process 763619 (apt)...
Waiting for cache lock: Could not get lock /var/lib/dpkg/lock-frontend. It is held by process 763619 (apt)...
Waiting for cache lock: Could not get lock /var/lib/dpkg/lock-frontend. It is held by process 763619 (apt)...
Waiting for cache lock: Could not get lock /var/lib/dpkg/lock-frontend. It is held by process 763619 (apt)...
Waiting for cache lock: Could not get lock /var/lib/dpkg/lock-frontend. It is held by process 763619 (apt)...
Waiting for cache lock: Could not get lock /var/lib/dpkg/lock-frontend. It is held by process 763619 (apt)...
Waiting for cache lock: Could not get lock /var/lib/dpkg/lock-frontend. It is held by process 763619 (apt)...
Waiting for cache lock: Could not get lock /var/lib/dpkg/lock-frontend. It is held by process 763619 (apt)...
Waiting for cache lock: Could not get lock /var/lib/dpkg/lock-frontend. It is held by process 763619 (apt)...
Waiting for cache lock: Could not get lock /var/lib/dpkg/lock-frontend. It is held by process 763619 (apt)...
Waiting for cache lock: Could not get lock /var/lib/dpkg/lock-frontend. It is held by process 763619 (apt)...
Waiting for cache lock: Could not get lock /var/lib/dpkg/lock-frontend. It is held by process 763619 (apt)...
Waiting for cache lock: Could not get lock /var/lib/dpkg/lock-frontend. It is held by process 763619 (apt)...
Waiting for cache lock: Could not get lock /var/lib/dpkg/lock-frontend. It is held by process 763619 (apt)...
Waiting for cache lock: Could not get lock /var/lib/dpkg/lock-frontend. It is held by process 763619 (apt)...
Waiting for cache lock: Could not get lock /var/lib/dpkg/lock-frontend. It is held by process 763619 (apt)...
Waiting for cache lock: Could not get lock /var/lib/dpkg/lock-frontend. It is held by process 763619 (apt)...
Waiting for cache lock: Could not get lock /var/lib/dpkg/lock-frontend. It is held by process 763619 (apt)...
Waiting for cache lock: Could not get lock /var/lib/dpkg/lock-frontend. It is held by process 763619 (apt)...
Waiting for cache lock: Could not get lock /var/lib/dpkg/lock-frontend. It is held by process 763619 (apt)...
Waiting for cache lock: Could not get lock /var/lib/dpkg/lock-frontend. It is held by process 763619 (apt)...
Waiting for cache lock: Could not get lock /var/lib/dpkg/lock-frontend. It is held by process 763619 (apt)...
Waiting for cache lock: Could not get lock /var/lib/dpkg/lock-frontend. It is held by process 763619 (apt)...
Waiting for cache lock: Could not get lock /var/lib/dpkg/lock-frontend. It is held by process 763619 (apt)...
Waiting for cache lock: Could not get lock /var/lib/dpkg/lock-frontend. It is held by process 763619 (apt)...
Waiting for cache lock: Could not get lock /var/lib/dpkg/lock-frontend. It is held by process 763619 (apt)...
Waiting for cache lock: Could not get lock /var/lib/dpkg/lock-frontend. It is held by process 763619 (apt)...
Waiting for cache lock: Could not get lock /var/lib/dpkg/lock-frontend. It is held by process 763619 (apt)...
Waiting for cache lock: Could not get lock /var/lib/dpkg/lock-frontend. It is held by process 763619 (apt)...
Waiting for cache lock: Could not get lock /var/lib/dpkg/lock-frontend. It is held by process 763619 (apt)...
Waiting for cache lock: Could not get lock /var/lib/dpkg/lock-frontend. It is held by process 763619 (apt)...
Waiting for cache lock: Could not get lock /var/lib/dpkg/lock-frontend. It is held by process 763619 (apt)...
Waiting for cache lock: Could not get lock /var/lib/dpkg/lock-frontend. It is held by process 763619 (apt)...
Waiting for cache lock: Could not get lock /var/lib/dpkg/lock-frontend. It is held by process 763619 (apt)...
Waiting for cache lock: Could not get lock /var/lib/dpkg/lock-frontend. It is held by process 763619 (apt)...